[0.035s] Invoking command in '/home/tm/nav2-sample/build/urg_node2': CMAKE_PREFIX_PATH=/opt/ros/iron /usr/bin/cmake /home/tm/nav2-sample/src/urg_node2 -DCMAKE_INSTALL_PREFIX=/home/tm/nav2-sample/install/urg_node2
[1.370s] -- The C compiler identification is GNU 11.4.0
[1.370s] -- The CXX compiler identification is GNU 11.4.0
[1.370s] -- Detecting C compiler ABI info
[1.370s] -- Detecting C compiler ABI info - done
[1.370s] -- Check for working C compiler: /usr/bin/cc - skipped
[1.370s] -- Detecting C compile features
[1.370s] -- Detecting C compile features - done
[1.370s] -- Detecting CXX compiler ABI info
[1.370s] -- Detecting CXX compiler ABI info - done
[1.371s] -- Check for working CXX compiler: /usr/bin/c++ - skipped
[1.371s] -- Detecting CXX compile features
[1.371s] -- Detecting CXX compile features - done
[1.371s] -- Found ament_cmake: 2.0.6 (/opt/ros/iron/share/ament_cmake/cmake)
[1.371s] -- Found Python3: /usr/bin/python3.10 (found version "3.10.12") found components: Interpreter 
[1.377s] -- Found rclcpp: 21.0.7 (/opt/ros/iron/share/rclcpp/cmake)
[1.379s] -- Found rosidl_generator_c: 4.0.1 (/opt/ros/iron/share/rosidl_generator_c/cmake)
[1.379s] -- Found rosidl_generator_cpp: 4.0.1 (/opt/ros/iron/share/rosidl_generator_cpp/cmake)
[1.392s] -- Using all available rosidl_typesupport_c: rosidl_typesupport_fastrtps_c;rosidl_typesupport_introspection_c
[1.429s] -- Using all available rosidl_typesupport_cpp: rosidl_typesupport_fastrtps_cpp;rosidl_typesupport_introspection_cpp
[1.947s] -- Found rmw_implementation_cmake: 7.1.0 (/opt/ros/iron/share/rmw_implementation_cmake/cmake)
[1.952s] -- Found rmw_fastrtps_cpp: 7.1.4 (/opt/ros/iron/share/rmw_fastrtps_cpp/cmake)
[2.309s] -- Found OpenSSL: /usr/lib/x86_64-linux-gnu/libcrypto.so (found version "3.0.2")  
[2.408s] -- Found FastRTPS: /opt/ros/iron/include  
[2.491s] -- Using RMW implementation 'rmw_fastrtps_cpp' as default
[2.830s] -- Found rclcpp_components: 21.0.7 (/opt/ros/iron/share/rclcpp_components/cmake)
[3.010s] -- Found rclcpp_lifecycle: 21.0.7 (/opt/ros/iron/share/rclcpp_lifecycle/cmake)
[3.199s] -- Found sensor_msgs: 5.0.1 (/opt/ros/iron/share/sensor_msgs/cmake)
[3.580s] -- Found diagnostic_updater: 4.1.0 (/opt/ros/iron/share/diagnostic_updater/cmake)
[3.784s] -- Found laser_proc: 1.0.2 (/opt/ros/iron/share/laser_proc/cmake)
[3.829s] -- Found ament_cmake_gtest: 2.0.6 (/opt/ros/iron/share/ament_cmake_gtest/cmake)
[3.833s] -- Found gtest sources under '/opt/ros/iron/src/gtest_vendor': C++ tests using 'Google Test' will be built
[3.836s] -- Looking for pthread.h
[3.957s] -- Looking for pthread.h - found
[3.957s] -- Performing Test CMAKE_HAVE_LIBC_PTHREAD
[4.058s] -- Performing Test CMAKE_HAVE_LIBC_PTHREAD - Success
[4.061s] -- Found Threads: TRUE  
[4.189s] -- Configuring done
[4.194s] [31mCMake Error at CMakeLists.txt:34 (add_library):
[4.194s]   Cannot find source file:
[4.194s] 
[4.194s]     urg_library/current/src/urg_sensor.c
[4.194s] 
[4.194s]   Tried extensions .c .C .c++ .cc .cpp .cxx .cu .mpp .m .M .mm .ixx .cppm .h
[4.195s]   .hh .h++ .hm .hpp .hxx .in .txx .f .F .for .f77 .f90 .f95 .f03 .hip .ispc
[4.195s] 
[4.195s] [0m
[4.201s] [31mCMake Error at CMakeLists.txt:34 (add_library):
[4.201s]   No SOURCES given to target: urg_c
[4.202s] 
[4.202s] [0m
[4.205s] [0mCMake Generate step failed.  Build files cannot be regenerated correctly.[0m
[4.221s] Invoked command in '/home/tm/nav2-sample/build/urg_node2' returned '1': CMAKE_PREFIX_PATH=/opt/ros/iron /usr/bin/cmake /home/tm/nav2-sample/src/urg_node2 -DCMAKE_INSTALL_PREFIX=/home/tm/nav2-sample/install/urg_node2
