[0.013s] Invoking command in '/home/robostep/nav2-sample/build/urg_node2': CMAKE_PREFIX_PATH=/opt/ros/iron /usr/bin/cmake --build /home/robostep/nav2-sample/build/urg_node2 -- -j8 -l8
[0.081s] [35m[1mConsolidate compiler generated dependencies of target gtest_main[0m
[0.081s] [35m[1mConsolidate compiler generated dependencies of target gtest[0m
[0.082s] [35m[1mConsolidate compiler generated dependencies of target urg_node2_node[0m
[0.082s] [35m[1mConsolidate compiler generated dependencies of target urg_c[0m
[0.101s] [ 20%] Built target gtest_main
[0.101s] [ 55%] Built target urg_c
[0.103s] [ 65%] Built target gtest
[0.113s] [ 75%] Built target urg_node2_node
[0.114s] [35m[1mConsolidate compiler generated dependencies of target urg_node2[0m
[0.117s] [35m[1mConsolidate compiler generated dependencies of target urg_node2_test[0m
[0.139s] [ 85%] Built target urg_node2
[0.144s] [100%] Built target urg_node2_test
[0.157s] Invoked command in '/home/robostep/nav2-sample/build/urg_node2' returned '0': CMAKE_PREFIX_PATH=/opt/ros/iron /usr/bin/cmake --build /home/robostep/nav2-sample/build/urg_node2 -- -j8 -l8
[0.222s] Invoking command in '/home/robostep/nav2-sample/build/urg_node2': CMAKE_PREFIX_PATH=/opt/ros/iron /usr/bin/cmake --install /home/robostep/nav2-sample/build/urg_node2
[0.230s] -- Install configuration: ""
[0.231s] -- Up-to-date: /home/robostep/nav2-sample/install/urg_node2/lib/urg_node2/urg_node2_node
[0.231s] -- Up-to-date: /home/robostep/nav2-sample/install/urg_node2/lib/liburg_node2.so
[0.232s] -- Up-to-date: /home/robostep/nav2-sample/install/urg_node2/lib/liburg_c.so
[0.232s] -- Up-to-date: /home/robostep/nav2-sample/install/urg_node2/share/urg_node2/launch
[0.232s] -- Up-to-date: /home/robostep/nav2-sample/install/urg_node2/share/urg_node2/launch/urg_node2_2lidar.launch.py
[0.232s] -- Up-to-date: /home/robostep/nav2-sample/install/urg_node2/share/urg_node2/launch/urg_node2_component.launch.py
[0.233s] -- Up-to-date: /home/robostep/nav2-sample/install/urg_node2/share/urg_node2/launch/urg_node2.launch.py
[0.233s] -- Up-to-date: /home/robostep/nav2-sample/install/urg_node2/share/urg_node2/config
[0.233s] -- Installing: /home/robostep/nav2-sample/install/urg_node2/share/urg_node2/config/params_ether.yaml
[0.233s] -- Up-to-date: /home/robostep/nav2-sample/install/urg_node2/share/urg_node2/config/params_ether_2nd.yaml
[0.233s] -- Up-to-date: /home/robostep/nav2-sample/install/urg_node2/share/urg_node2/config/params_serial.yaml
[0.233s] -- Up-to-date: /home/robostep/nav2-sample/install/urg_node2/share/ament_index/resource_index/package_run_dependencies/urg_node2
[0.233s] -- Up-to-date: /home/robostep/nav2-sample/install/urg_node2/share/ament_index/resource_index/parent_prefix_path/urg_node2
[0.233s] -- Up-to-date: /home/robostep/nav2-sample/install/urg_node2/share/urg_node2/environment/ament_prefix_path.sh
[0.233s] -- Up-to-date: /home/robostep/nav2-sample/install/urg_node2/share/urg_node2/environment/ament_prefix_path.dsv
[0.233s] -- Up-to-date: /home/robostep/nav2-sample/install/urg_node2/share/urg_node2/environment/path.sh
[0.233s] -- Up-to-date: /home/robostep/nav2-sample/install/urg_node2/share/urg_node2/environment/path.dsv
[0.234s] -- Up-to-date: /home/robostep/nav2-sample/install/urg_node2/share/urg_node2/local_setup.bash
[0.234s] -- Up-to-date: /home/robostep/nav2-sample/install/urg_node2/share/urg_node2/local_setup.sh
[0.234s] -- Up-to-date: /home/robostep/nav2-sample/install/urg_node2/share/urg_node2/local_setup.zsh
[0.234s] -- Up-to-date: /home/robostep/nav2-sample/install/urg_node2/share/urg_node2/local_setup.dsv
[0.234s] -- Installing: /home/robostep/nav2-sample/install/urg_node2/share/urg_node2/package.dsv
[0.234s] -- Up-to-date: /home/robostep/nav2-sample/install/urg_node2/share/ament_index/resource_index/packages/urg_node2
[0.234s] -- Up-to-date: /home/robostep/nav2-sample/install/urg_node2/share/ament_index/resource_index/rclcpp_components/urg_node2
[0.234s] -- Up-to-date: /home/robostep/nav2-sample/install/urg_node2/share/urg_node2/cmake/urg_node2Config.cmake
[0.234s] -- Up-to-date: /home/robostep/nav2-sample/install/urg_node2/share/urg_node2/cmake/urg_node2Config-version.cmake
[0.234s] -- Up-to-date: /home/robostep/nav2-sample/install/urg_node2/share/urg_node2/package.xml
[0.237s] Invoked command in '/home/robostep/nav2-sample/build/urg_node2' returned '0': CMAKE_PREFIX_PATH=/opt/ros/iron /usr/bin/cmake --install /home/robostep/nav2-sample/build/urg_node2
