[0.037s] Invoking command in '/home/tm/nav2-sample/build/dwb_more_critics': CMAKE_PREFIX_PATH=/opt/ros/iron /usr/bin/cmake /home/tm/nav2-sample/src/OpenBase/dwb_more_critics -DCMAKE_INSTALL_PREFIX=/home/tm/nav2-sample/install/dwb_more_critics
[0.136s] -- The C compiler identification is GNU 11.4.0
[0.261s] -- The CXX compiler identification is GNU 11.4.0
[0.274s] -- Detecting C compiler ABI info
[0.412s] -- Detecting C compiler ABI info - done
[0.436s] -- Check for working C compiler: /usr/bin/cc - skipped
[0.436s] -- Detecting C compile features
[0.437s] -- Detecting C compile features - done
[0.442s] -- Detecting CXX compiler ABI info
[0.614s] -- Detecting CXX compiler ABI info - done
[0.633s] -- Check for working CXX compiler: /usr/bin/c++ - skipped
[0.635s] -- Detecting CXX compile features
[0.635s] -- Detecting CXX compile features - done
[0.638s] -- Found ament_cmake: 2.0.6 (/opt/ros/iron/share/ament_cmake/cmake)
[0.947s] -- Found Python3: /usr/bin/python3.10 (found version "3.10.12") found components: Interpreter 
[1.268s] -- Found nav2_common: 1.2.10 (/opt/ros/iron/share/nav2_common/cmake)
[1.269s] -- Found angles: 1.16.0 (/opt/ros/iron/share/angles/cmake)
[1.274s] -- Found nav2_costmap_2d: 1.2.10 (/opt/ros/iron/share/nav2_costmap_2d/cmake)
[1.364s] -- Found rosidl_generator_c: 4.0.1 (/opt/ros/iron/share/rosidl_generator_c/cmake)
[1.389s] -- Found rosidl_generator_cpp: 4.0.1 (/opt/ros/iron/share/rosidl_generator_cpp/cmake)
[1.433s] -- Using all available rosidl_typesupport_c: rosidl_typesupport_fastrtps_c;rosidl_typesupport_introspection_c
[1.491s] -- Using all available rosidl_typesupport_cpp: rosidl_typesupport_fastrtps_cpp;rosidl_typesupport_introspection_cpp
[2.435s] -- Found rmw_implementation_cmake: 7.1.0 (/opt/ros/iron/share/rmw_implementation_cmake/cmake)
[2.435s] -- Found rmw_fastrtps_cpp: 7.1.4 (/opt/ros/iron/share/rmw_fastrtps_cpp/cmake)
[2.620s] -- Found OpenSSL: /usr/lib/x86_64-linux-gnu/libcrypto.so (found version "3.0.2")  
[2.677s] -- Found FastRTPS: /opt/ros/iron/include  
[2.762s] -- Using RMW implementation 'rmw_fastrtps_cpp' as default
[5.967s] -- Found Eigen3: TRUE (found version "3.4.0") 
[5.967s] -- Ensuring Eigen3 include directory is part of orocos-kdl CMake target
[7.452s] -- Found costmap_queue: 1.2.10 (/opt/ros/iron/share/costmap_queue/cmake)
[7.455s] -- Found dwb_core: 1.2.10 (/opt/ros/iron/share/dwb_core/cmake)
[17.004s] -- Setting build type to Release as none was specified.
[24.502s] -- Found ament_lint_auto: 0.14.4 (/opt/ros/iron/share/ament_lint_auto/cmake)
[24.621s] -- Added test 'cppcheck' to perform static code analysis on C / C++ code
[24.621s] -- Configured cppcheck include dirs: /home/tm/nav2-sample/src/OpenBase/dwb_more_critics/include
[24.621s] -- Configured cppcheck exclude dirs and/or files: 
[24.622s] -- Added test 'cpplint' to check C / C++ code against the Google style
[24.622s] -- Configured cpplint exclude dirs and/or files: 
[24.622s] -- Added test 'lint_cmake' to check CMake code style
[24.624s] -- Added test 'uncrustify' to check C / C++ code style
[24.624s] -- Configured uncrustify additional arguments: 
[24.624s] -- Added test 'xmllint' to check XML markup files
[24.628s] -- Configuring done
[24.709s] -- Generating done
[24.713s] -- Build files have been written to: /home/tm/nav2-sample/build/dwb_more_critics
