[0.173s] DEBUG:colcon:Command line arguments: ['/usr/bin/colcon', 'build']
[0.174s] DEBUG:colcon:Parsed command line arguments: Namespace(log_base=None, log_level=None, verb_name='build', build_base='build', install_base='install', merge_install=False, symlink_install=False, test_result_base=None, continue_on_error=False, executor='parallel', parallel_workers=8, event_handlers=None, ignore_user_meta=False, metas=['./colcon.meta'], base_paths=['.'], packages_ignore=None, packages_ignore_regex=None, paths=None, packages_up_to=None, packages_up_to_regex=None, packages_above=None, packages_above_and_dependencies=None, packages_above_depth=None, packages_select_by_dep=None, packages_skip_by_dep=None, packages_skip_up_to=None, packages_select_build_failed=False, packages_skip_build_finished=False, packages_select_test_failures=False, packages_skip_test_passed=False, packages_select=None, packages_skip=None, packages_select_regex=None, packages_skip_regex=None, packages_start=None, packages_end=None, allow_overriding=[], cmake_args=None, cmake_target=None, cmake_target_skip_unavailable=False, cmake_clean_cache=False, cmake_clean_first=False, cmake_force_configure=False, ament_cmake_args=None, catkin_cmake_args=None, catkin_skip_building_tests=False, mixin_files=None, mixin=None, verb_parser=<colcon_mixin.mixin.mixin_argument.MixinArgumentDecorator object at 0x7f89d274e320>, verb_extension=<colcon_core.verb.build.BuildVerb object at 0x7f89d274dd80>, main=<bound method BuildVerb.main of <colcon_core.verb.build.BuildVerb object at 0x7f89d274dd80>>, mixin_verb=('build',))
[0.378s] Level 1:colcon.colcon_core.package_discovery:discover_packages(colcon_meta) check parameters
[0.378s] Level 1:colcon.colcon_core.package_discovery:discover_packages(recursive) check parameters
[0.379s] Level 1:colcon.colcon_core.package_discovery:discover_packages(ignore) check parameters
[0.379s] Level 1:colcon.colcon_core.package_discovery:discover_packages(path) check parameters
[0.379s] Level 1:colcon.colcon_core.package_discovery:discover_packages(colcon_meta) discover
[0.379s] Level 1:colcon.colcon_core.package_discovery:discover_packages(recursive) discover
[0.379s] INFO:colcon.colcon_core.package_discovery:Crawling recursively for packages in '/home/robostep/nav2-sample'
[0.379s] Level 1:colcon.colcon_core.package_identification:_identify(.) by extensions ['ignore', 'ignore_ament_install']
[0.379s] Level 1:colcon.colcon_core.package_identification:_identify(.) by extension 'ignore'
[0.379s] Level 1:colcon.colcon_core.package_identification:_identify(.) by extension 'ignore_ament_install'
[0.379s] Level 1:colcon.colcon_core.package_identification:_identify(.) by extensions ['colcon_pkg']
[0.379s] Level 1:colcon.colcon_core.package_identification:_identify(.) by extension 'colcon_pkg'
[0.379s] Level 1:colcon.colcon_core.package_identification:_identify(.) by extensions ['colcon_meta']
[0.379s] Level 1:colcon.colcon_core.package_identification:_identify(.) by extension 'colcon_meta'
[0.379s] Level 1:colcon.colcon_core.package_identification:_identify(.) by extensions ['ros']
[0.379s] Level 1:colcon.colcon_core.package_identification:_identify(.) by extension 'ros'
[0.390s] Level 1:colcon.colcon_core.package_identification:_identify(.) by extensions ['cmake', 'python']
[0.390s] Level 1:colcon.colcon_core.package_identification:_identify(.) by extension 'cmake'
[0.390s] Level 1:colcon.colcon_core.package_identification:_identify(.) by extension 'python'
[0.390s] Level 1:colcon.colcon_core.package_identification:_identify(.) by extensions ['python_setup_py']
[0.390s] Level 1:colcon.colcon_core.package_identification:_identify(.) by extension 'python_setup_py'
[0.390s] Level 1:colcon.colcon_core.package_identification:_identify(build) by extensions ['ignore', 'ignore_ament_install']
[0.390s] Level 1:colcon.colcon_core.package_identification:_identify(build) by extension 'ignore'
[0.390s] Level 1:colcon.colcon_core.package_identification:_identify(build) ignored
[0.390s] Level 1:colcon.colcon_core.package_identification:_identify(install) by extensions ['ignore', 'ignore_ament_install']
[0.390s] Level 1:colcon.colcon_core.package_identification:_identify(install) by extension 'ignore'
[0.390s] Level 1:colcon.colcon_core.package_identification:_identify(install) ignored
[0.391s] Level 1:colcon.colcon_core.package_identification:_identify(log) by extensions ['ignore', 'ignore_ament_install']
[0.391s] Level 1:colcon.colcon_core.package_identification:_identify(log) by extension 'ignore'
[0.391s] Level 1:colcon.colcon_core.package_identification:_identify(log) ignored
[0.391s] Level 1:colcon.colcon_core.package_identification:_identify(src) by extensions ['ignore', 'ignore_ament_install']
[0.391s] Level 1:colcon.colcon_core.package_identification:_identify(src) by extension 'ignore'
[0.391s] Level 1:colcon.colcon_core.package_identification:_identify(src) by extension 'ignore_ament_install'
[0.391s] Level 1:colcon.colcon_core.package_identification:_identify(src) by extensions ['colcon_pkg']
[0.391s] Level 1:colcon.colcon_core.package_identification:_identify(src) by extension 'colcon_pkg'
[0.391s] Level 1:colcon.colcon_core.package_identification:_identify(src) by extensions ['colcon_meta']
[0.391s] Level 1:colcon.colcon_core.package_identification:_identify(src) by extension 'colcon_meta'
[0.391s] Level 1:colcon.colcon_core.package_identification:_identify(src) by extensions ['ros']
[0.391s] Level 1:colcon.colcon_core.package_identification:_identify(src) by extension 'ros'
[0.391s] Level 1:colcon.colcon_core.package_identification:_identify(src) by extensions ['cmake', 'python']
[0.391s] Level 1:colcon.colcon_core.package_identification:_identify(src) by extension 'cmake'
[0.391s] Level 1:colcon.colcon_core.package_identification:_identify(src) by extension 'python'
[0.391s] Level 1:colcon.colcon_core.package_identification:_identify(src) by extensions ['python_setup_py']
[0.391s] Level 1:colcon.colcon_core.package_identification:_identify(src) by extension 'python_setup_py'
[0.391s] Level 1:colcon.colcon_core.package_identification:_identify(src/mobile_base) by extensions ['ignore', 'ignore_ament_install']
[0.392s] Level 1:colcon.colcon_core.package_identification:_identify(src/mobile_base) by extension 'ignore'
[0.392s] Level 1:colcon.colcon_core.package_identification:_identify(src/mobile_base) by extension 'ignore_ament_install'
[0.392s] Level 1:colcon.colcon_core.package_identification:_identify(src/mobile_base) by extensions ['colcon_pkg']
[0.392s] Level 1:colcon.colcon_core.package_identification:_identify(src/mobile_base) by extension 'colcon_pkg'
[0.392s] Level 1:colcon.colcon_core.package_identification:_identify(src/mobile_base) by extensions ['colcon_meta']
[0.392s] Level 1:colcon.colcon_core.package_identification:_identify(src/mobile_base) by extension 'colcon_meta'
[0.392s] Level 1:colcon.colcon_core.package_identification:_identify(src/mobile_base) by extensions ['ros']
[0.392s] Level 1:colcon.colcon_core.package_identification:_identify(src/mobile_base) by extension 'ros'
[0.392s] Level 1:colcon.colcon_core.package_identification:_identify(src/mobile_base) by extensions ['cmake', 'python']
[0.392s] Level 1:colcon.colcon_core.package_identification:_identify(src/mobile_base) by extension 'cmake'
[0.392s] Level 1:colcon.colcon_core.package_identification:_identify(src/mobile_base) by extension 'python'
[0.392s] Level 1:colcon.colcon_core.package_identification:_identify(src/mobile_base) by extensions ['python_setup_py']
[0.392s] Level 1:colcon.colcon_core.package_identification:_identify(src/mobile_base) by extension 'python_setup_py'
[0.392s] Level 1:colcon.colcon_core.package_identification:_identify(src/navigation) by extensions ['ignore', 'ignore_ament_install']
[0.392s] Level 1:colcon.colcon_core.package_identification:_identify(src/navigation) by extension 'ignore'
[0.392s] Level 1:colcon.colcon_core.package_identification:_identify(src/navigation) by extension 'ignore_ament_install'
[0.392s] Level 1:colcon.colcon_core.package_identification:_identify(src/navigation) by extensions ['colcon_pkg']
[0.392s] Level 1:colcon.colcon_core.package_identification:_identify(src/navigation) by extension 'colcon_pkg'
[0.392s] Level 1:colcon.colcon_core.package_identification:_identify(src/navigation) by extensions ['colcon_meta']
[0.392s] Level 1:colcon.colcon_core.package_identification:_identify(src/navigation) by extension 'colcon_meta'
[0.393s] Level 1:colcon.colcon_core.package_identification:_identify(src/navigation) by extensions ['ros']
[0.393s] Level 1:colcon.colcon_core.package_identification:_identify(src/navigation) by extension 'ros'
[0.393s] Level 1:colcon.colcon_core.package_identification:_identify(src/navigation) by extensions ['cmake', 'python']
[0.393s] Level 1:colcon.colcon_core.package_identification:_identify(src/navigation) by extension 'cmake'
[0.393s] Level 1:colcon.colcon_core.package_identification:_identify(src/navigation) by extension 'python'
[0.393s] Level 1:colcon.colcon_core.package_identification:_identify(src/navigation) by extensions ['python_setup_py']
[0.393s] Level 1:colcon.colcon_core.package_identification:_identify(src/navigation) by extension 'python_setup_py'
[0.393s] Level 1:colcon.colcon_core.package_identification:_identify(src/navigation/config) by extensions ['ignore', 'ignore_ament_install']
[0.393s] Level 1:colcon.colcon_core.package_identification:_identify(src/navigation/config) by extension 'ignore'
[0.393s] Level 1:colcon.colcon_core.package_identification:_identify(src/navigation/config) by extension 'ignore_ament_install'
[0.393s] Level 1:colcon.colcon_core.package_identification:_identify(src/navigation/config) by extensions ['colcon_pkg']
[0.393s] Level 1:colcon.colcon_core.package_identification:_identify(src/navigation/config) by extension 'colcon_pkg'
[0.393s] Level 1:colcon.colcon_core.package_identification:_identify(src/navigation/config) by extensions ['colcon_meta']
[0.393s] Level 1:colcon.colcon_core.package_identification:_identify(src/navigation/config) by extension 'colcon_meta'
[0.393s] Level 1:colcon.colcon_core.package_identification:_identify(src/navigation/config) by extensions ['ros']
[0.393s] Level 1:colcon.colcon_core.package_identification:_identify(src/navigation/config) by extension 'ros'
[0.393s] Level 1:colcon.colcon_core.package_identification:_identify(src/navigation/config) by extensions ['cmake', 'python']
[0.393s] Level 1:colcon.colcon_core.package_identification:_identify(src/navigation/config) by extension 'cmake'
[0.393s] Level 1:colcon.colcon_core.package_identification:_identify(src/navigation/config) by extension 'python'
[0.393s] Level 1:colcon.colcon_core.package_identification:_identify(src/navigation/config) by extensions ['python_setup_py']
[0.393s] Level 1:colcon.colcon_core.package_identification:_identify(src/navigation/config) by extension 'python_setup_py'
[0.394s] Level 1:colcon.colcon_core.package_identification:_identify(src/navigation/map) by extensions ['ignore', 'ignore_ament_install']
[0.394s] Level 1:colcon.colcon_core.package_identification:_identify(src/navigation/map) by extension 'ignore'
[0.394s] Level 1:colcon.colcon_core.package_identification:_identify(src/navigation/map) by extension 'ignore_ament_install'
[0.394s] Level 1:colcon.colcon_core.package_identification:_identify(src/navigation/map) by extensions ['colcon_pkg']
[0.394s] Level 1:colcon.colcon_core.package_identification:_identify(src/navigation/map) by extension 'colcon_pkg'
[0.394s] Level 1:colcon.colcon_core.package_identification:_identify(src/navigation/map) by extensions ['colcon_meta']
[0.394s] Level 1:colcon.colcon_core.package_identification:_identify(src/navigation/map) by extension 'colcon_meta'
[0.394s] Level 1:colcon.colcon_core.package_identification:_identify(src/navigation/map) by extensions ['ros']
[0.394s] Level 1:colcon.colcon_core.package_identification:_identify(src/navigation/map) by extension 'ros'
[0.394s] Level 1:colcon.colcon_core.package_identification:_identify(src/navigation/map) by extensions ['cmake', 'python']
[0.394s] Level 1:colcon.colcon_core.package_identification:_identify(src/navigation/map) by extension 'cmake'
[0.394s] Level 1:colcon.colcon_core.package_identification:_identify(src/navigation/map) by extension 'python'
[0.394s] Level 1:colcon.colcon_core.package_identification:_identify(src/navigation/map) by extensions ['python_setup_py']
[0.394s] Level 1:colcon.colcon_core.package_identification:_identify(src/navigation/map) by extension 'python_setup_py'
[0.394s] Level 1:colcon.colcon_core.package_identification:_identify(src/navigation/rviz) by extensions ['ignore', 'ignore_ament_install']
[0.394s] Level 1:colcon.colcon_core.package_identification:_identify(src/navigation/rviz) by extension 'ignore'
[0.394s] Level 1:colcon.colcon_core.package_identification:_identify(src/navigation/rviz) by extension 'ignore_ament_install'
[0.394s] Level 1:colcon.colcon_core.package_identification:_identify(src/navigation/rviz) by extensions ['colcon_pkg']
[0.394s] Level 1:colcon.colcon_core.package_identification:_identify(src/navigation/rviz) by extension 'colcon_pkg'
[0.394s] Level 1:colcon.colcon_core.package_identification:_identify(src/navigation/rviz) by extensions ['colcon_meta']
[0.394s] Level 1:colcon.colcon_core.package_identification:_identify(src/navigation/rviz) by extension 'colcon_meta'
[0.395s] Level 1:colcon.colcon_core.package_identification:_identify(src/navigation/rviz) by extensions ['ros']
[0.395s] Level 1:colcon.colcon_core.package_identification:_identify(src/navigation/rviz) by extension 'ros'
[0.395s] Level 1:colcon.colcon_core.package_identification:_identify(src/navigation/rviz) by extensions ['cmake', 'python']
[0.395s] Level 1:colcon.colcon_core.package_identification:_identify(src/navigation/rviz) by extension 'cmake'
[0.395s] Level 1:colcon.colcon_core.package_identification:_identify(src/navigation/rviz) by extension 'python'
[0.395s] Level 1:colcon.colcon_core.package_identification:_identify(src/navigation/rviz) by extensions ['python_setup_py']
[0.395s] Level 1:colcon.colcon_core.package_identification:_identify(src/navigation/rviz) by extension 'python_setup_py'
[0.395s] Level 1:colcon.colcon_core.package_identification:_identify(src/odom) by extensions ['ignore', 'ignore_ament_install']
[0.395s] Level 1:colcon.colcon_core.package_identification:_identify(src/odom) by extension 'ignore'
[0.395s] Level 1:colcon.colcon_core.package_identification:_identify(src/odom) by extension 'ignore_ament_install'
[0.395s] Level 1:colcon.colcon_core.package_identification:_identify(src/odom) by extensions ['colcon_pkg']
[0.395s] Level 1:colcon.colcon_core.package_identification:_identify(src/odom) by extension 'colcon_pkg'
[0.395s] Level 1:colcon.colcon_core.package_identification:_identify(src/odom) by extensions ['colcon_meta']
[0.395s] Level 1:colcon.colcon_core.package_identification:_identify(src/odom) by extension 'colcon_meta'
[0.395s] Level 1:colcon.colcon_core.package_identification:_identify(src/odom) by extensions ['ros']
[0.395s] Level 1:colcon.colcon_core.package_identification:_identify(src/odom) by extension 'ros'
[0.395s] Level 1:colcon.colcon_core.package_identification:_identify(src/odom) by extensions ['cmake', 'python']
[0.395s] Level 1:colcon.colcon_core.package_identification:_identify(src/odom) by extension 'cmake'
[0.395s] Level 1:colcon.colcon_core.package_identification:_identify(src/odom) by extension 'python'
[0.395s] Level 1:colcon.colcon_core.package_identification:_identify(src/odom) by extensions ['python_setup_py']
[0.395s] Level 1:colcon.colcon_core.package_identification:_identify(src/odom) by extension 'python_setup_py'
[0.396s] Level 1:colcon.colcon_core.package_identification:_identify(src/urg_node2) by extensions ['ignore', 'ignore_ament_install']
[0.396s] Level 1:colcon.colcon_core.package_identification:_identify(src/urg_node2) by extension 'ignore'
[0.396s] Level 1:colcon.colcon_core.package_identification:_identify(src/urg_node2) by extension 'ignore_ament_install'
[0.396s] Level 1:colcon.colcon_core.package_identification:_identify(src/urg_node2) by extensions ['colcon_pkg']
[0.396s] Level 1:colcon.colcon_core.package_identification:_identify(src/urg_node2) by extension 'colcon_pkg'
[0.396s] Level 1:colcon.colcon_core.package_identification:_identify(src/urg_node2) by extensions ['colcon_meta']
[0.396s] Level 1:colcon.colcon_core.package_identification:_identify(src/urg_node2) by extension 'colcon_meta'
[0.396s] Level 1:colcon.colcon_core.package_identification:_identify(src/urg_node2) by extensions ['ros']
[0.396s] Level 1:colcon.colcon_core.package_identification:_identify(src/urg_node2) by extension 'ros'
[0.399s] DEBUG:colcon.colcon_core.package_identification:Package 'src/urg_node2' with type 'ros.ament_cmake' and name 'urg_node2'
[0.399s] Level 1:colcon.colcon_core.package_identification:_identify(urdf) by extensions ['ignore', 'ignore_ament_install']
[0.399s] Level 1:colcon.colcon_core.package_identification:_identify(urdf) by extension 'ignore'
[0.399s] Level 1:colcon.colcon_core.package_identification:_identify(urdf) by extension 'ignore_ament_install'
[0.399s] Level 1:colcon.colcon_core.package_identification:_identify(urdf) by extensions ['colcon_pkg']
[0.399s] Level 1:colcon.colcon_core.package_identification:_identify(urdf) by extension 'colcon_pkg'
[0.399s] Level 1:colcon.colcon_core.package_identification:_identify(urdf) by extensions ['colcon_meta']
[0.399s] Level 1:colcon.colcon_core.package_identification:_identify(urdf) by extension 'colcon_meta'
[0.399s] Level 1:colcon.colcon_core.package_identification:_identify(urdf) by extensions ['ros']
[0.399s] Level 1:colcon.colcon_core.package_identification:_identify(urdf) by extension 'ros'
[0.399s] Level 1:colcon.colcon_core.package_identification:_identify(urdf) by extensions ['cmake', 'python']
[0.400s] Level 1:colcon.colcon_core.package_identification:_identify(urdf) by extension 'cmake'
[0.400s] Level 1:colcon.colcon_core.package_identification:_identify(urdf) by extension 'python'
[0.400s] Level 1:colcon.colcon_core.package_identification:_identify(urdf) by extensions ['python_setup_py']
[0.400s] Level 1:colcon.colcon_core.package_identification:_identify(urdf) by extension 'python_setup_py'
[0.400s] Level 1:colcon.colcon_core.package_identification:_identify(utils) by extensions ['ignore', 'ignore_ament_install']
[0.400s] Level 1:colcon.colcon_core.package_identification:_identify(utils) by extension 'ignore'
[0.400s] Level 1:colcon.colcon_core.package_identification:_identify(utils) by extension 'ignore_ament_install'
[0.400s] Level 1:colcon.colcon_core.package_identification:_identify(utils) by extensions ['colcon_pkg']
[0.400s] Level 1:colcon.colcon_core.package_identification:_identify(utils) by extension 'colcon_pkg'
[0.400s] Level 1:colcon.colcon_core.package_identification:_identify(utils) by extensions ['colcon_meta']
[0.400s] Level 1:colcon.colcon_core.package_identification:_identify(utils) by extension 'colcon_meta'
[0.400s] Level 1:colcon.colcon_core.package_identification:_identify(utils) by extensions ['ros']
[0.400s] Level 1:colcon.colcon_core.package_identification:_identify(utils) by extension 'ros'
[0.400s] Level 1:colcon.colcon_core.package_identification:_identify(utils) by extensions ['cmake', 'python']
[0.400s] Level 1:colcon.colcon_core.package_identification:_identify(utils) by extension 'cmake'
[0.400s] Level 1:colcon.colcon_core.package_identification:_identify(utils) by extension 'python'
[0.400s] Level 1:colcon.colcon_core.package_identification:_identify(utils) by extensions ['python_setup_py']
[0.400s] Level 1:colcon.colcon_core.package_identification:_identify(utils) by extension 'python_setup_py'
[0.400s] Level 1:colcon.colcon_core.package_discovery:discover_packages(recursive) using defaults
[0.400s] Level 1:colcon.colcon_core.package_discovery:discover_packages(ignore) discover
[0.400s] Level 1:colcon.colcon_core.package_discovery:discover_packages(ignore) using defaults
[0.401s] Level 1:colcon.colcon_core.package_discovery:discover_packages(path) discover
[0.401s] Level 1:colcon.colcon_core.package_discovery:discover_packages(path) using defaults
[0.432s] Level 1:colcon.colcon_core.package_discovery:discover_packages(prefix_path) check parameters
[0.432s] Level 1:colcon.colcon_core.package_discovery:discover_packages(prefix_path) discover
[0.435s] DEBUG:colcon.colcon_installed_package_information.package_discovery:Found 286 installed packages in /opt/ros/iron
[0.436s] Level 1:colcon.colcon_core.package_discovery:discover_packages(prefix_path) using defaults
[0.477s] Level 5:colcon.colcon_core.verb:set package 'urg_node2' build argument 'cmake_args' from command line to 'None'
[0.477s] Level 5:colcon.colcon_core.verb:set package 'urg_node2' build argument 'cmake_target' from command line to 'None'
[0.477s] Level 5:colcon.colcon_core.verb:set package 'urg_node2' build argument 'cmake_target_skip_unavailable' from command line to 'False'
[0.477s] Level 5:colcon.colcon_core.verb:set package 'urg_node2' build argument 'cmake_clean_cache' from command line to 'False'
[0.477s] Level 5:colcon.colcon_core.verb:set package 'urg_node2' build argument 'cmake_clean_first' from command line to 'False'
[0.477s] Level 5:colcon.colcon_core.verb:set package 'urg_node2' build argument 'cmake_force_configure' from command line to 'False'
[0.477s] Level 5:colcon.colcon_core.verb:set package 'urg_node2' build argument 'ament_cmake_args' from command line to 'None'
[0.477s] Level 5:colcon.colcon_core.verb:set package 'urg_node2' build argument 'catkin_cmake_args' from command line to 'None'
[0.477s] Level 5:colcon.colcon_core.verb:set package 'urg_node2' build argument 'catkin_skip_building_tests' from command line to 'False'
[0.477s] DEBUG:colcon.colcon_core.verb:Building package 'urg_node2' with the following arguments: {'ament_cmake_args': None, 'build_base': '/home/robostep/nav2-sample/build/urg_node2', 'catkin_cmake_args': None, 'catkin_skip_building_tests': False, 'cmake_args': None, 'cmake_clean_cache': False, 'cmake_clean_first': False, 'cmake_force_configure': False, 'cmake_target': None, 'cmake_target_skip_unavailable': False, 'install_base': '/home/robostep/nav2-sample/install/urg_node2', 'merge_install': False, 'path': '/home/robostep/nav2-sample/src/urg_node2', 'symlink_install': False, 'test_result_base': None}
[0.477s] INFO:colcon.colcon_core.executor:Executing jobs using 'parallel' executor
[0.478s] DEBUG:colcon.colcon_parallel_executor.executor.parallel:run_until_complete
[0.478s] INFO:colcon.colcon_ros.task.ament_cmake.build:Building ROS package in '/home/robostep/nav2-sample/src/urg_node2' with build type 'ament_cmake'
[0.478s] INFO:colcon.colcon_cmake.task.cmake.build:Building CMake package in '/home/robostep/nav2-sample/src/urg_node2'
[0.481s] INFO:colcon.colcon_core.plugin_system:Skipping extension 'colcon_core.shell.bat': Not used on non-Windows systems
[0.482s] INFO:colcon.colcon_core.shell:Skip shell extension 'powershell' for command environment: Not usable outside of PowerShell
[0.482s] DEBUG:colcon.colcon_core.shell:Skip shell extension 'dsv' for command environment
[0.488s] DEBUG:colcon.colcon_core.event_handler.log_command:Invoking command in '/home/robostep/nav2-sample/build/urg_node2': CMAKE_PREFIX_PATH=/opt/ros/iron /usr/bin/cmake /home/robostep/nav2-sample/src/urg_node2 -DCMAKE_INSTALL_PREFIX=/home/robostep/nav2-sample/install/urg_node2
[2.565s] DEBUG:colcon.colcon_core.event_handler.log_command:Invoked command in '/home/robostep/nav2-sample/build/urg_node2' returned '0': CMAKE_PREFIX_PATH=/opt/ros/iron /usr/bin/cmake /home/robostep/nav2-sample/src/urg_node2 -DCMAKE_INSTALL_PREFIX=/home/robostep/nav2-sample/install/urg_node2
[2.567s] DEBUG:colcon.colcon_core.event_handler.log_command:Invoking command in '/home/robostep/nav2-sample/build/urg_node2': CMAKE_PREFIX_PATH=/opt/ros/iron /usr/bin/cmake --build /home/robostep/nav2-sample/build/urg_node2 -- -j8 -l8
[17.578s] DEBUG:colcon.colcon_core.event_handler.log_command:Invoked command in '/home/robostep/nav2-sample/build/urg_node2' returned '0': CMAKE_PREFIX_PATH=/opt/ros/iron /usr/bin/cmake --build /home/robostep/nav2-sample/build/urg_node2 -- -j8 -l8
[17.637s] DEBUG:colcon.colcon_core.event_handler.log_command:Invoking command in '/home/robostep/nav2-sample/build/urg_node2': CMAKE_PREFIX_PATH=/opt/ros/iron /usr/bin/cmake --install /home/robostep/nav2-sample/build/urg_node2
[17.654s] Level 1:colcon.colcon_core.environment:create_environment_scripts_only(urg_node2)
[17.655s] DEBUG:colcon.colcon_core.event_handler.log_command:Invoked command in '/home/robostep/nav2-sample/build/urg_node2' returned '0': CMAKE_PREFIX_PATH=/opt/ros/iron /usr/bin/cmake --install /home/robostep/nav2-sample/build/urg_node2
[17.659s] Level 1:colcon.colcon_core.environment:checking '/home/robostep/nav2-sample/install/urg_node2' for CMake module files
[17.660s] Level 1:colcon.colcon_core.environment:checking '/home/robostep/nav2-sample/install/urg_node2' for CMake config files
[17.660s] Level 1:colcon.colcon_core.shell:create_environment_hook('urg_node2', 'cmake_prefix_path')
[17.660s] INFO:colcon.colcon_core.shell:Creating environment hook '/home/robostep/nav2-sample/install/urg_node2/share/urg_node2/hook/cmake_prefix_path.ps1'
[17.661s] INFO:colcon.colcon_core.shell:Creating environment descriptor '/home/robostep/nav2-sample/install/urg_node2/share/urg_node2/hook/cmake_prefix_path.dsv'
[17.661s] INFO:colcon.colcon_core.shell:Creating environment hook '/home/robostep/nav2-sample/install/urg_node2/share/urg_node2/hook/cmake_prefix_path.sh'
[17.662s] Level 1:colcon.colcon_core.environment:checking '/home/robostep/nav2-sample/install/urg_node2/lib'
[17.662s] Level 1:colcon.colcon_core.shell:create_environment_hook('urg_node2', 'ld_library_path_lib')
[17.663s] INFO:colcon.colcon_core.shell:Creating environment hook '/home/robostep/nav2-sample/install/urg_node2/share/urg_node2/hook/ld_library_path_lib.ps1'
[17.663s] INFO:colcon.colcon_core.shell:Creating environment descriptor '/home/robostep/nav2-sample/install/urg_node2/share/urg_node2/hook/ld_library_path_lib.dsv'
[17.663s] INFO:colcon.colcon_core.shell:Creating environment hook '/home/robostep/nav2-sample/install/urg_node2/share/urg_node2/hook/ld_library_path_lib.sh'
[17.664s] Level 1:colcon.colcon_core.environment:checking '/home/robostep/nav2-sample/install/urg_node2/bin'
[17.664s] Level 1:colcon.colcon_core.environment:checking '/home/robostep/nav2-sample/install/urg_node2/lib/pkgconfig/urg_node2.pc'
[17.664s] Level 1:colcon.colcon_core.environment:checking '/home/robostep/nav2-sample/install/urg_node2/lib/python3.10/site-packages'
[17.664s] Level 1:colcon.colcon_core.environment:checking '/home/robostep/nav2-sample/install/urg_node2/bin'
[17.664s] INFO:colcon.colcon_core.shell:Creating package script '/home/robostep/nav2-sample/install/urg_node2/share/urg_node2/package.ps1'
[17.665s] INFO:colcon.colcon_core.shell:Creating package descriptor '/home/robostep/nav2-sample/install/urg_node2/share/urg_node2/package.dsv'
[17.666s] INFO:colcon.colcon_core.shell:Creating package script '/home/robostep/nav2-sample/install/urg_node2/share/urg_node2/package.sh'
[17.667s] INFO:colcon.colcon_core.shell:Creating package script '/home/robostep/nav2-sample/install/urg_node2/share/urg_node2/package.bash'
[17.668s] INFO:colcon.colcon_core.shell:Creating package script '/home/robostep/nav2-sample/install/urg_node2/share/urg_node2/package.zsh'
[17.668s] Level 1:colcon.colcon_core.environment:create_file_with_runtime_dependencies(/home/robostep/nav2-sample/install/urg_node2/share/colcon-core/packages/urg_node2)
[17.722s] Level 1:colcon.colcon_core.environment:create_environment_scripts_only(urg_node2)
[17.722s] Level 1:colcon.colcon_core.environment:checking '/home/robostep/nav2-sample/install/urg_node2' for CMake module files
[17.723s] Level 1:colcon.colcon_core.environment:checking '/home/robostep/nav2-sample/install/urg_node2' for CMake config files
[17.723s] Level 1:colcon.colcon_core.shell:create_environment_hook('urg_node2', 'cmake_prefix_path')
[17.724s] INFO:colcon.colcon_core.shell:Creating environment hook '/home/robostep/nav2-sample/install/urg_node2/share/urg_node2/hook/cmake_prefix_path.ps1'
[17.724s] INFO:colcon.colcon_core.shell:Creating environment descriptor '/home/robostep/nav2-sample/install/urg_node2/share/urg_node2/hook/cmake_prefix_path.dsv'
[17.725s] INFO:colcon.colcon_core.shell:Creating environment hook '/home/robostep/nav2-sample/install/urg_node2/share/urg_node2/hook/cmake_prefix_path.sh'
[17.725s] Level 1:colcon.colcon_core.environment:checking '/home/robostep/nav2-sample/install/urg_node2/lib'
[17.725s] Level 1:colcon.colcon_core.shell:create_environment_hook('urg_node2', 'ld_library_path_lib')
[17.726s] INFO:colcon.colcon_core.shell:Creating environment hook '/home/robostep/nav2-sample/install/urg_node2/share/urg_node2/hook/ld_library_path_lib.ps1'
[17.726s] INFO:colcon.colcon_core.shell:Creating environment descriptor '/home/robostep/nav2-sample/install/urg_node2/share/urg_node2/hook/ld_library_path_lib.dsv'
[17.726s] INFO:colcon.colcon_core.shell:Creating environment hook '/home/robostep/nav2-sample/install/urg_node2/share/urg_node2/hook/ld_library_path_lib.sh'
[17.727s] Level 1:colcon.colcon_core.environment:checking '/home/robostep/nav2-sample/install/urg_node2/bin'
[17.727s] Level 1:colcon.colcon_core.environment:checking '/home/robostep/nav2-sample/install/urg_node2/lib/pkgconfig/urg_node2.pc'
[17.727s] Level 1:colcon.colcon_core.environment:checking '/home/robostep/nav2-sample/install/urg_node2/lib/python3.10/site-packages'
[17.727s] Level 1:colcon.colcon_core.environment:checking '/home/robostep/nav2-sample/install/urg_node2/bin'
[17.728s] INFO:colcon.colcon_core.shell:Creating package script '/home/robostep/nav2-sample/install/urg_node2/share/urg_node2/package.ps1'
[17.729s] INFO:colcon.colcon_core.shell:Creating package descriptor '/home/robostep/nav2-sample/install/urg_node2/share/urg_node2/package.dsv'
[17.729s] INFO:colcon.colcon_core.shell:Creating package script '/home/robostep/nav2-sample/install/urg_node2/share/urg_node2/package.sh'
[17.730s] INFO:colcon.colcon_core.shell:Creating package script '/home/robostep/nav2-sample/install/urg_node2/share/urg_node2/package.bash'
[17.730s] INFO:colcon.colcon_core.shell:Creating package script '/home/robostep/nav2-sample/install/urg_node2/share/urg_node2/package.zsh'
[17.731s] Level 1:colcon.colcon_core.environment:create_file_with_runtime_dependencies(/home/robostep/nav2-sample/install/urg_node2/share/colcon-core/packages/urg_node2)
[17.731s] DEBUG:colcon.colcon_parallel_executor.executor.parallel:closing loop
[17.731s] DEBUG:colcon.colcon_parallel_executor.executor.parallel:loop closed
[17.732s] DEBUG:colcon.colcon_parallel_executor.executor.parallel:run_until_complete finished with '0'
[17.732s] DEBUG:colcon.colcon_core.event_reactor:joining thread
[17.737s] INFO:colcon.colcon_core.plugin_system:Skipping extension 'colcon_notification.desktop_notification.terminal_notifier': Not used on non-Darwin systems
[17.738s] INFO:colcon.colcon_core.plugin_system:Skipping extension 'colcon_notification.desktop_notification.win32': Not used on non-Windows systems
[17.738s] INFO:colcon.colcon_notification.desktop_notification:Sending desktop notification using 'notify2'
[17.753s] DEBUG:colcon.colcon_core.event_reactor:joined thread
[17.753s] INFO:colcon.colcon_core.shell:Creating prefix script '/home/robostep/nav2-sample/install/local_setup.ps1'
[17.754s] INFO:colcon.colcon_core.shell:Creating prefix util module '/home/robostep/nav2-sample/install/_local_setup_util_ps1.py'
[17.755s] INFO:colcon.colcon_core.shell:Creating prefix chain script '/home/robostep/nav2-sample/install/setup.ps1'
[17.757s] INFO:colcon.colcon_core.shell:Creating prefix script '/home/robostep/nav2-sample/install/local_setup.sh'
[17.758s] INFO:colcon.colcon_core.shell:Creating prefix util module '/home/robostep/nav2-sample/install/_local_setup_util_sh.py'
[17.758s] INFO:colcon.colcon_core.shell:Creating prefix chain script '/home/robostep/nav2-sample/install/setup.sh'
[17.759s] INFO:colcon.colcon_core.shell:Creating prefix script '/home/robostep/nav2-sample/install/local_setup.bash'
[17.760s] INFO:colcon.colcon_core.shell:Creating prefix chain script '/home/robostep/nav2-sample/install/setup.bash'
[17.760s] INFO:colcon.colcon_core.shell:Creating prefix script '/home/robostep/nav2-sample/install/local_setup.zsh'
[17.761s] INFO:colcon.colcon_core.shell:Creating prefix chain script '/home/robostep/nav2-sample/install/setup.zsh'
