[0.027s] Invoking command in '/home/robostep/nav2-sample/build/urg_node2': CMAKE_PREFIX_PATH=/opt/ros/iron /usr/bin/cmake /home/robostep/nav2-sample/src/urg_node2 -DCMAKE_INSTALL_PREFIX=/home/robostep/nav2-sample/install/urg_node2
[0.986s] -- The C compiler identification is GNU 11.4.0
[0.986s] -- The CXX compiler identification is GNU 11.4.0
[0.987s] -- Detecting C compiler ABI info
[0.987s] -- Detecting C compiler ABI info - done
[0.987s] -- Check for working C compiler: /usr/bin/cc - skipped
[0.987s] -- Detecting C compile features
[0.987s] -- Detecting C compile features - done
[0.987s] -- Detecting CXX compiler ABI info
[0.987s] -- Detecting CXX compiler ABI info - done
[0.987s] -- Check for working CXX compiler: /usr/bin/c++ - skipped
[0.988s] -- Detecting CXX compile features
[0.988s] -- Detecting CXX compile features - done
[0.988s] -- Found ament_cmake: 2.0.5 (/opt/ros/iron/share/ament_cmake/cmake)
[0.988s] -- Found Python3: /usr/bin/python3.10 (found version "3.10.12") found components: Interpreter 
[0.988s] -- Found rclcpp: 21.0.6 (/opt/ros/iron/share/rclcpp/cmake)
[0.988s] -- Found rosidl_generator_c: 4.0.1 (/opt/ros/iron/share/rosidl_generator_c/cmake)
[0.988s] -- Found rosidl_generator_cpp: 4.0.1 (/opt/ros/iron/share/rosidl_generator_cpp/cmake)
[1.008s] -- Using all available rosidl_typesupport_c: rosidl_typesupport_fastrtps_c;rosidl_typesupport_introspection_c
[1.049s] -- Using all available rosidl_typesupport_cpp: rosidl_typesupport_fastrtps_cpp;rosidl_typesupport_introspection_cpp
[1.509s] -- Found rmw_implementation_cmake: 7.1.0 (/opt/ros/iron/share/rmw_implementation_cmake/cmake)
[1.514s] -- Found rmw_fastrtps_cpp: 7.1.3 (/opt/ros/iron/share/rmw_fastrtps_cpp/cmake)
[1.687s] -- Found OpenSSL: /usr/lib/x86_64-linux-gnu/libcrypto.so (found version "3.0.2")  
[1.725s] -- Found FastRTPS: /opt/ros/iron/include  
[1.772s] -- Using RMW implementation 'rmw_fastrtps_cpp' as default
[2.012s] -- Found rclcpp_components: 21.0.6 (/opt/ros/iron/share/rclcpp_components/cmake)
[2.198s] -- Found rclcpp_lifecycle: 21.0.6 (/opt/ros/iron/share/rclcpp_lifecycle/cmake)
[2.376s] -- Found sensor_msgs: 5.0.0 (/opt/ros/iron/share/sensor_msgs/cmake)
[2.694s] -- Found diagnostic_updater: 4.1.0 (/opt/ros/iron/share/diagnostic_updater/cmake)
[2.868s] -- Found laser_proc: 1.0.2 (/opt/ros/iron/share/laser_proc/cmake)
[2.910s] -- Found ament_cmake_gtest: 2.0.5 (/opt/ros/iron/share/ament_cmake_gtest/cmake)
[2.915s] -- Found gtest sources under '/opt/ros/iron/src/gtest_vendor': C++ tests using 'Google Test' will be built
[2.919s] -- Looking for pthread.h
[3.015s] -- Looking for pthread.h - found
[3.015s] -- Performing Test CMAKE_HAVE_LIBC_PTHREAD
[3.088s] -- Performing Test CMAKE_HAVE_LIBC_PTHREAD - Success
[3.089s] -- Found Threads: TRUE  
[3.165s] -- Configuring done
[3.201s] -- Generating done
[3.203s] -- Build files have been written to: /home/robostep/nav2-sample/build/urg_node2
[3.214s] Invoked command in '/home/robostep/nav2-sample/build/urg_node2' returned '0': CMAKE_PREFIX_PATH=/opt/ros/iron /usr/bin/cmake /home/robostep/nav2-sample/src/urg_node2 -DCMAKE_INSTALL_PREFIX=/home/robostep/nav2-sample/install/urg_node2
[3.217s] Invoking command in '/home/robostep/nav2-sample/build/urg_node2': CMAKE_PREFIX_PATH=/opt/ros/iron /usr/bin/cmake --build /home/robostep/nav2-sample/build/urg_node2 -- -j8 -l8
[3.275s] [  5%] [32mBuilding CXX object gtest/CMakeFiles/gtest_main.dir/src/gtest_main.cc.o[0m
[3.275s] [ 15%] [32mBuilding CXX object CMakeFiles/urg_node2_node.dir/rclcpp_components/node_main_urg_node2_node.cpp.o[0m
[3.275s] [ 20%] [32mBuilding CXX object gtest/CMakeFiles/gtest.dir/src/gtest-all.cc.o[0m
[3.275s] [ 15%] [32mBuilding C object CMakeFiles/urg_c.dir/urg_library/current/src/urg_sensor.c.o[0m
[3.286s] [ 25%] [32mBuilding C object CMakeFiles/urg_c.dir/urg_library/current/src/urg_utils.c.o[0m
[3.287s] [ 30%] [32mBuilding C object CMakeFiles/urg_c.dir/urg_library/current/src/urg_debug.c.o[0m
[3.304s] [ 35%] [32mBuilding C object CMakeFiles/urg_c.dir/urg_library/current/src/urg_connection.c.o[0m
[3.313s] [ 40%] [32mBuilding C object CMakeFiles/urg_c.dir/urg_library/current/src/urg_ring_buffer.c.o[0m
[3.355s] [01m[K/home/robostep/nav2-sample/src/urg_node2/urg_library/current/src/urg_utils.c:[m[K In function ‘[01m[Kurg_delay[m[K’:
[3.357s] [01m[K/home/robostep/nav2-sample/src/urg_node2/urg_library/current/src/urg_utils.c:224:5:[m[K [01;35m[Kwarning: [m[Kimplicit declaration of function ‘[01m[Kusleep[m[K’; did you mean ‘[01m[Kurg_sleep[m[K’? [[01;35m[K]8;;https://gcc.gnu.org/onlinedocs/gcc/Warning-Options.html#index-Wimplicit-function-declaration-Wimplicit-function-declaration]8;;[m[K]
[3.357s]   224 |     [01;35m[Kusleep[m[K(1000 * delay_msec);
[3.357s]       |     [01;35m[K^~~~~~[m[K
[3.357s]       |     [32m[Kurg_sleep[m[K
[3.357s] [01m[K/home/robostep/nav2-sample/src/urg_node2/urg_library/current/src/urg_sensor.c:1349:8:[m[K [01;35m[Kwarning: [m[Ktype qualifiers ignored on function return type [[01;35m[K]8;;https://gcc.gnu.org/onlinedocs/gcc/Warning-Options.html#index-Wignored-qualifiers-Wignored-qualifiers]8;;[m[K]
[3.357s]  1349 | static [01;35m[Kconst[m[K int receive_II_command_response(urg_t *urg,
[3.357s]       |        [01;35m[K^~~~~[m[K
[3.384s] [ 45%] [32mBuilding C object CMakeFiles/urg_c.dir/urg_library/current/src/urg_serial.c.o[0m
[3.397s] [ 50%] [32mBuilding C object CMakeFiles/urg_c.dir/urg_library/current/src/urg_serial_utils.c.o[0m
[3.433s] [ 55%] [32mBuilding C object CMakeFiles/urg_c.dir/urg_library/current/src/urg_tcpclient.c.o[0m
[3.510s] [ 60%] [32m[1mLinking C shared library liburg_c.so[0m
[3.566s] [ 60%] Built target urg_c
[3.595s] [ 65%] [32mBuilding CXX object CMakeFiles/urg_node2.dir/src/urg_node2.cpp.o[0m
[4.356s] [ 70%] [32m[1mLinking CXX static library libgtest_main.a[0m
[4.400s] [ 70%] Built target gtest_main
[7.618s] [ 75%] [32m[1mLinking CXX static library libgtest.a[0m
[7.678s] [ 75%] Built target gtest
[7.703s] [ 85%] [32mBuilding CXX object CMakeFiles/urg_node2_test.dir/test/urg_node2_test.cpp.o[0m
[7.703s] [ 85%] [32mBuilding CXX object CMakeFiles/urg_node2_test.dir/src/urg_node2.cpp.o[0m
[9.590s] [ 90%] [32m[1mLinking CXX executable urg_node2_node[0m
[9.843s] [ 90%] Built target urg_node2_node
[13.360s] [ 95%] [32m[1mLinking CXX shared library liburg_node2.so[0m
[13.832s] [ 95%] Built target urg_node2
[22.546s] [100%] [32m[1mLinking CXX executable urg_node2_test[0m
[23.449s] [100%] Built target urg_node2_test
[23.460s] Invoked command in '/home/robostep/nav2-sample/build/urg_node2' returned '0': CMAKE_PREFIX_PATH=/opt/ros/iron /usr/bin/cmake --build /home/robostep/nav2-sample/build/urg_node2 -- -j8 -l8
[23.516s] Invoking command in '/home/robostep/nav2-sample/build/urg_node2': CMAKE_PREFIX_PATH=/opt/ros/iron /usr/bin/cmake --install /home/robostep/nav2-sample/build/urg_node2
[23.523s] -- Install configuration: ""
[23.523s] -- Installing: /home/robostep/nav2-sample/install/urg_node2/lib/urg_node2/urg_node2_node
[23.524s] -- Set runtime path of "/home/robostep/nav2-sample/install/urg_node2/lib/urg_node2/urg_node2_node" to ""
[23.525s] -- Installing: /home/robostep/nav2-sample/install/urg_node2/lib/liburg_node2.so
[23.527s] -- Set runtime path of "/home/robostep/nav2-sample/install/urg_node2/lib/liburg_node2.so" to ""
[23.528s] -- Installing: /home/robostep/nav2-sample/install/urg_node2/lib/liburg_c.so
[23.528s] -- Installing: /home/robostep/nav2-sample/install/urg_node2/share/urg_node2/launch
[23.528s] -- Installing: /home/robostep/nav2-sample/install/urg_node2/share/urg_node2/launch/urg_node2_2lidar.launch.py
[23.528s] -- Installing: /home/robostep/nav2-sample/install/urg_node2/share/urg_node2/launch/urg_node2_component.launch.py
[23.528s] -- Installing: /home/robostep/nav2-sample/install/urg_node2/share/urg_node2/launch/urg_node2.launch.py
[23.528s] -- Installing: /home/robostep/nav2-sample/install/urg_node2/share/urg_node2/config
[23.529s] -- Installing: /home/robostep/nav2-sample/install/urg_node2/share/urg_node2/config/params_ether.yaml
[23.529s] -- Installing: /home/robostep/nav2-sample/install/urg_node2/share/urg_node2/config/params_ether_2nd.yaml
[23.529s] -- Installing: /home/robostep/nav2-sample/install/urg_node2/share/urg_node2/config/params_serial.yaml
[23.529s] -- Installing: /home/robostep/nav2-sample/install/urg_node2/share/ament_index/resource_index/package_run_dependencies/urg_node2
[23.530s] -- Installing: /home/robostep/nav2-sample/install/urg_node2/share/ament_index/resource_index/parent_prefix_path/urg_node2
[23.530s] -- Installing: /home/robostep/nav2-sample/install/urg_node2/share/urg_node2/environment/ament_prefix_path.sh
[23.530s] -- Installing: /home/robostep/nav2-sample/install/urg_node2/share/urg_node2/environment/ament_prefix_path.dsv
[23.530s] -- Installing: /home/robostep/nav2-sample/install/urg_node2/share/urg_node2/environment/path.sh
[23.530s] -- Installing: /home/robostep/nav2-sample/install/urg_node2/share/urg_node2/environment/path.dsv
[23.531s] -- Installing: /home/robostep/nav2-sample/install/urg_node2/share/urg_node2/local_setup.bash
[23.531s] -- Installing: /home/robostep/nav2-sample/install/urg_node2/share/urg_node2/local_setup.sh
[23.531s] -- Installing: /home/robostep/nav2-sample/install/urg_node2/share/urg_node2/local_setup.zsh
[23.531s] -- Installing: /home/robostep/nav2-sample/install/urg_node2/share/urg_node2/local_setup.dsv
[23.531s] -- Installing: /home/robostep/nav2-sample/install/urg_node2/share/urg_node2/package.dsv
[23.532s] -- Installing: /home/robostep/nav2-sample/install/urg_node2/share/ament_index/resource_index/packages/urg_node2
[23.532s] -- Installing: /home/robostep/nav2-sample/install/urg_node2/share/ament_index/resource_index/rclcpp_components/urg_node2
[23.532s] -- Installing: /home/robostep/nav2-sample/install/urg_node2/share/urg_node2/cmake/urg_node2Config.cmake
[23.532s] -- Installing: /home/robostep/nav2-sample/install/urg_node2/share/urg_node2/cmake/urg_node2Config-version.cmake
[23.532s] -- Installing: /home/robostep/nav2-sample/install/urg_node2/share/urg_node2/package.xml
[23.535s] Invoked command in '/home/robostep/nav2-sample/build/urg_node2' returned '0': CMAKE_PREFIX_PATH=/opt/ros/iron /usr/bin/cmake --install /home/robostep/nav2-sample/build/urg_node2
