[0.033s] Invoking command in '/home/tm/nav2-sample/build/gazebo_ros_omni_drive': CMAKE_PREFIX_PATH=/opt/ros/iron /usr/bin/cmake /home/tm/nav2-sample/src/OpenBase/gazebo_ros_omni_drive -DCMAKE_INSTALL_PREFIX=/home/tm/nav2-sample/install/gazebo_ros_omni_drive
[0.128s] -- The C compiler identification is GNU 11.4.0
[0.246s] -- The CXX compiler identification is GNU 11.4.0
[0.260s] -- Detecting C compiler ABI info
[0.401s] -- Detecting C compiler ABI info - done
[0.419s] -- Check for working C compiler: /usr/bin/cc - skipped
[0.419s] -- Detecting C compile features
[0.420s] -- Detecting C compile features - done
[0.428s] -- Detecting CXX compiler ABI info
[0.572s] -- Detecting CXX compiler ABI info - done
[0.595s] -- Check for working CXX compiler: /usr/bin/c++ - skipped
[0.595s] -- Detecting CXX compile features
[0.596s] -- Detecting CXX compile features - done
[0.603s] -- Found ament_cmake: 2.0.6 (/opt/ros/iron/share/ament_cmake/cmake)
[1.012s] -- Found Python3: /usr/bin/python3.10 (found version "3.10.12") found components: Interpreter 
[1.201s] [33mCMake Warning (dev) at /usr/share/cmake-3.22/Modules/FindPackageHandleStandardArgs.cmake:438 (message):
[1.201s]   The package name passed to `find_package_handle_standard_args` (PkgConfig)
[1.202s]   does not match the name of the calling package (gazebo).  This can lead to
[1.203s]   problems in calling code that expects `find_package` result variables
[1.203s]   (e.g., `_FOUND`) to follow a certain pattern.
[1.204s] Call Stack (most recent call first):
[1.205s]   /usr/share/cmake-3.22/Modules/FindPkgConfig.cmake:99 (find_package_handle_standard_args)
[1.205s]   /usr/lib/x86_64-linux-gnu/cmake/gazebo/gazebo-config.cmake:72 (include)
[1.205s]   CMakeLists.txt:6 (find_package)
[1.205s] This warning is for project developers.  Use -Wno-dev to suppress it.
[1.205s] [0m
[1.207s] -- Found PkgConfig: /usr/bin/pkg-config (found version "0.29.2") 
[1.216s] -- Checking for module 'bullet>=2.82'
[1.244s] --   Found bullet, version 3.05
[1.471s] -- Found fcl: /usr/include (found suitable version "0.7.0", minimum required is "0.5.0") 
[1.589s] -- Found assimp: /usr/include (found version "5.2.0") 
[1.745s] -- Found DART: /usr/include (Required is at least version "6.6") found components: dart 
[2.338s] -- Found Boost: /usr/lib/x86_64-linux-gnu/cmake/Boost-1.74.0/BoostConfig.cmake (found suitable version "1.74.0", minimum required is "1.40.0") found components: thread system filesystem program_options regex iostreams date_time 
[2.371s] -- Found Protobuf: /usr/lib/x86_64-linux-gnu/libprotobuf.so (found version "3.12.4") 
[2.418s] -- Looking for ignition-math6 -- found version 6.15.1
[2.425s] -- Searching for dependencies of ignition-math6
[2.425s] -- Looking for OGRE...
[2.425s] -- OGRE_PREFIX_WATCH changed.
[2.425s] -- Checking for module 'OGRE'
[2.426s] --   Found OGRE, version 1.9.0
[2.504s] -- Found Ogre Ghadamon (1.9.0)
[2.528s] -- Found OGRE: optimized;/usr/lib/x86_64-linux-gnu/libOgreMain.so;debug;/usr/lib/x86_64-linux-gnu/libOgreMain.so
[2.544s] -- Looking for OGRE_Paging...
[2.560s] -- Found OGRE_Paging: optimized;/usr/lib/x86_64-linux-gnu/libOgrePaging.so;debug;/usr/lib/x86_64-linux-gnu/libOgrePaging.so
[2.560s] -- Looking for OGRE_Terrain...
[2.574s] -- Found OGRE_Terrain: optimized;/usr/lib/x86_64-linux-gnu/libOgreTerrain.so;debug;/usr/lib/x86_64-linux-gnu/libOgreTerrain.so
[2.574s] -- Looking for OGRE_Property...
[2.587s] -- Found OGRE_Property: optimized;/usr/lib/x86_64-linux-gnu/libOgreProperty.so;debug;/usr/lib/x86_64-linux-gnu/libOgreProperty.so
[2.587s] -- Looking for OGRE_RTShaderSystem...
[2.598s] -- Found OGRE_RTShaderSystem: optimized;/usr/lib/x86_64-linux-gnu/libOgreRTShaderSystem.so;debug;/usr/lib/x86_64-linux-gnu/libOgreRTShaderSystem.so
[2.602s] -- Looking for OGRE_Volume...
[2.610s] -- Found OGRE_Volume: optimized;/usr/lib/x86_64-linux-gnu/libOgreVolume.so;debug;/usr/lib/x86_64-linux-gnu/libOgreVolume.so
[2.611s] -- Looking for OGRE_Overlay...
[2.621s] -- Found OGRE_Overlay: optimized;/usr/lib/x86_64-linux-gnu/libOgreOverlay.so;debug;/usr/lib/x86_64-linux-gnu/libOgreOverlay.so
[2.867s] -- Looking for ignition-math6 -- found version 6.15.1
[2.869s] -- Looking for ignition-transport8 -- found version 8.2.1
[2.870s] -- Searching for dependencies of ignition-transport8
[2.898s] -- Found Protobuf: /usr/lib/x86_64-linux-gnu/libprotobuf.so (found suitable version "3.12.4", minimum required is "3") 
[2.918s] -- Config-file not installed for ZeroMQ -- checking for pkg-config
[2.925s] -- Checking for module 'libzmq >= 4'
[2.947s] --   Found libzmq , version 4.3.4
[3.010s] -- Found ZeroMQ: TRUE (Required is at least version "4") 
[3.020s] -- Checking for module 'uuid'
[3.038s] --   Found uuid, version 2.37.2
[3.098s] -- Found UUID: TRUE  
[3.101s] -- Looking for ignition-msgs5 -- found version 5.8.1
[3.102s] -- Searching for dependencies of ignition-msgs5
[3.134s] -- Looking for ignition-math6 -- found version 6.15.1
[3.142s] -- Checking for module 'tinyxml2'
[3.164s] --   Found tinyxml2, version 9.0.0
[3.216s] -- Looking for ignition-msgs5 -- found version 5.8.1
[3.219s] -- Looking for ignition-common3 -- found version 3.14.0
[3.219s] -- Searching for dependencies of ignition-common3
[3.220s] -- Looking for dlfcn.h - found
[3.223s] -- Looking for libdl - found
[3.224s] -- Found DL: TRUE  
[3.244s] -- Found tinyobjloader: /usr/lib/x86_64-linux-gnu/cmake/tinyobjloader/tinyobjloader-config.cmake (found version "2.0.0") 
[3.244s] -- Searching for <ignition-common3> component [graphics]
[3.245s] -- Looking for ignition-common3-graphics -- found version 3.14.0
[3.246s] -- Searching for dependencies of ignition-common3-graphics
[3.248s] -- Looking for ignition-math6 -- found version 6.15.1
[3.250s] -- Looking for ignition-fuel_tools4 -- found version 4.4.0
[3.252s] -- Searching for dependencies of ignition-fuel_tools4
[3.379s] -- Found CURL: /usr/lib/x86_64-linux-gnu/libcurl.so (found version "7.81.0")  
[3.395s] -- Checking for module 'jsoncpp'
[3.415s] --   Found jsoncpp, version 1.9.5
[3.472s] -- Found JSONCPP: TRUE  
[3.480s] -- Checking for module 'libzip'
[3.502s] --   Found libzip, version 1.7.3
[3.552s] -- Found ZIP: TRUE  
[3.552s] -- Looking for ignition-common3 -- found version 3.14.0
[3.552s] -- Looking for ignition-math6 -- found version 6.15.1
[3.553s] -- Looking for ignition-msgs5 -- found version 5.8.1
[3.559s] -- Found rclcpp: 21.0.7 (/opt/ros/iron/share/rclcpp/cmake)
[3.613s] -- Found rosidl_generator_c: 4.0.1 (/opt/ros/iron/share/rosidl_generator_c/cmake)
[3.632s] -- Found rosidl_generator_cpp: 4.0.1 (/opt/ros/iron/share/rosidl_generator_cpp/cmake)
[3.662s] -- Using all available rosidl_typesupport_c: rosidl_typesupport_fastrtps_c;rosidl_typesupport_introspection_c
[3.697s] -- Using all available rosidl_typesupport_cpp: rosidl_typesupport_fastrtps_cpp;rosidl_typesupport_introspection_cpp
[3.971s] -- Found rmw_implementation_cmake: 7.1.0 (/opt/ros/iron/share/rmw_implementation_cmake/cmake)
[3.975s] -- Found rmw_fastrtps_cpp: 7.1.4 (/opt/ros/iron/share/rmw_fastrtps_cpp/cmake)
[4.157s] -- Found OpenSSL: /usr/lib/x86_64-linux-gnu/libcrypto.so (found version "3.0.2")  
[4.206s] -- Found FastRTPS: /opt/ros/iron/include  
[4.277s] -- Using RMW implementation 'rmw_fastrtps_cpp' as default
[4.604s] -- Found geometry_msgs: 5.0.1 (/opt/ros/iron/share/geometry_msgs/cmake)
[4.797s] -- Found gazebo_ros: 3.7.0 (/opt/ros/iron/share/gazebo_ros/cmake)
[4.807s] -- Gazebo version: 11.10
[4.807s] -- Checking for module 'tbb'
[4.827s] --   Found tbb, version 2021.5.0
[4.984s] -- Configuring done
[5.004s] -- Generating done
[5.007s] -- Build files have been written to: /home/tm/nav2-sample/build/gazebo_ros_omni_drive
