[0.162s] DEBUG:colcon:Command line arguments: ['/usr/bin/colcon', 'build']
[0.163s] DEBUG:colcon:Parsed command line arguments: Namespace(log_base=None, log_level=None, verb_name='build', build_base='build', install_base='install', merge_install=False, symlink_install=False, test_result_base=None, continue_on_error=False, executor='parallel', parallel_workers=8, event_handlers=None, ignore_user_meta=False, metas=['./colcon.meta'], base_paths=['.'], packages_ignore=None, packages_ignore_regex=None, paths=None, packages_up_to=None, packages_up_to_regex=None, packages_above=None, packages_above_and_dependencies=None, packages_above_depth=None, packages_select_by_dep=None, packages_skip_by_dep=None, packages_skip_up_to=None, packages_select_build_failed=False, packages_skip_build_finished=False, packages_select_test_failures=False, packages_skip_test_passed=False, packages_select=None, packages_skip=None, packages_select_regex=None, packages_skip_regex=None, packages_start=None, packages_end=None, allow_overriding=[], cmake_args=None, cmake_target=None, cmake_target_skip_unavailable=False, cmake_clean_cache=False, cmake_clean_first=False, cmake_force_configure=False, ament_cmake_args=None, catkin_cmake_args=None, catkin_skip_building_tests=False, mixin_files=None, mixin=None, verb_parser=<colcon_mixin.mixin.mixin_argument.MixinArgumentDecorator object at 0x7cde809662f0>, verb_extension=<colcon_core.verb.build.BuildVerb object at 0x7cde80965d50>, main=<bound method BuildVerb.main of <colcon_core.verb.build.BuildVerb object at 0x7cde80965d50>>, mixin_verb=('build',))
[0.424s] Level 1:colcon.colcon_core.package_discovery:discover_packages(colcon_meta) check parameters
[0.424s] Level 1:colcon.colcon_core.package_discovery:discover_packages(recursive) check parameters
[0.424s] Level 1:colcon.colcon_core.package_discovery:discover_packages(ignore) check parameters
[0.424s] Level 1:colcon.colcon_core.package_discovery:discover_packages(path) check parameters
[0.424s] Level 1:colcon.colcon_core.package_discovery:discover_packages(colcon_meta) discover
[0.424s] Level 1:colcon.colcon_core.package_discovery:discover_packages(recursive) discover
[0.424s] INFO:colcon.colcon_core.package_discovery:Crawling recursively for packages in '/home/robostep/nav2-sample'
[0.424s] Level 1:colcon.colcon_core.package_identification:_identify(.) by extensions ['ignore', 'ignore_ament_install']
[0.425s] Level 1:colcon.colcon_core.package_identification:_identify(.) by extension 'ignore'
[0.425s] Level 1:colcon.colcon_core.package_identification:_identify(.) by extension 'ignore_ament_install'
[0.425s] Level 1:colcon.colcon_core.package_identification:_identify(.) by extensions ['colcon_pkg']
[0.425s] Level 1:colcon.colcon_core.package_identification:_identify(.) by extension 'colcon_pkg'
[0.425s] Level 1:colcon.colcon_core.package_identification:_identify(.) by extensions ['colcon_meta']
[0.425s] Level 1:colcon.colcon_core.package_identification:_identify(.) by extension 'colcon_meta'
[0.425s] Level 1:colcon.colcon_core.package_identification:_identify(.) by extensions ['ros']
[0.425s] Level 1:colcon.colcon_core.package_identification:_identify(.) by extension 'ros'
[0.437s] Level 1:colcon.colcon_core.package_identification:_identify(.) by extensions ['cmake', 'python']
[0.437s] Level 1:colcon.colcon_core.package_identification:_identify(.) by extension 'cmake'
[0.438s] Level 1:colcon.colcon_core.package_identification:_identify(.) by extension 'python'
[0.438s] Level 1:colcon.colcon_core.package_identification:_identify(.) by extensions ['python_setup_py']
[0.438s] Level 1:colcon.colcon_core.package_identification:_identify(.) by extension 'python_setup_py'
[0.438s] Level 1:colcon.colcon_core.package_identification:_identify(build) by extensions ['ignore', 'ignore_ament_install']
[0.438s] Level 1:colcon.colcon_core.package_identification:_identify(build) by extension 'ignore'
[0.438s] Level 1:colcon.colcon_core.package_identification:_identify(build) ignored
[0.438s] Level 1:colcon.colcon_core.package_identification:_identify(install) by extensions ['ignore', 'ignore_ament_install']
[0.438s] Level 1:colcon.colcon_core.package_identification:_identify(install) by extension 'ignore'
[0.438s] Level 1:colcon.colcon_core.package_identification:_identify(install) ignored
[0.438s] Level 1:colcon.colcon_core.package_identification:_identify(log) by extensions ['ignore', 'ignore_ament_install']
[0.438s] Level 1:colcon.colcon_core.package_identification:_identify(log) by extension 'ignore'
[0.438s] Level 1:colcon.colcon_core.package_identification:_identify(log) ignored
[0.438s] Level 1:colcon.colcon_core.package_identification:_identify(src) by extensions ['ignore', 'ignore_ament_install']
[0.439s] Level 1:colcon.colcon_core.package_identification:_identify(src) by extension 'ignore'
[0.439s] Level 1:colcon.colcon_core.package_identification:_identify(src) by extension 'ignore_ament_install'
[0.439s] Level 1:colcon.colcon_core.package_identification:_identify(src) by extensions ['colcon_pkg']
[0.439s] Level 1:colcon.colcon_core.package_identification:_identify(src) by extension 'colcon_pkg'
[0.439s] Level 1:colcon.colcon_core.package_identification:_identify(src) by extensions ['colcon_meta']
[0.439s] Level 1:colcon.colcon_core.package_identification:_identify(src) by extension 'colcon_meta'
[0.439s] Level 1:colcon.colcon_core.package_identification:_identify(src) by extensions ['ros']
[0.439s] Level 1:colcon.colcon_core.package_identification:_identify(src) by extension 'ros'
[0.439s] Level 1:colcon.colcon_core.package_identification:_identify(src) by extensions ['cmake', 'python']
[0.439s] Level 1:colcon.colcon_core.package_identification:_identify(src) by extension 'cmake'
[0.439s] Level 1:colcon.colcon_core.package_identification:_identify(src) by extension 'python'
[0.439s] Level 1:colcon.colcon_core.package_identification:_identify(src) by extensions ['python_setup_py']
[0.439s] Level 1:colcon.colcon_core.package_identification:_identify(src) by extension 'python_setup_py'
[0.439s] Level 1:colcon.colcon_core.package_identification:_identify(src/mobile_base) by extensions ['ignore', 'ignore_ament_install']
[0.439s] Level 1:colcon.colcon_core.package_identification:_identify(src/mobile_base) by extension 'ignore'
[0.439s] Level 1:colcon.colcon_core.package_identification:_identify(src/mobile_base) by extension 'ignore_ament_install'
[0.439s] Level 1:colcon.colcon_core.package_identification:_identify(src/mobile_base) by extensions ['colcon_pkg']
[0.440s] Level 1:colcon.colcon_core.package_identification:_identify(src/mobile_base) by extension 'colcon_pkg'
[0.440s] Level 1:colcon.colcon_core.package_identification:_identify(src/mobile_base) by extensions ['colcon_meta']
[0.440s] Level 1:colcon.colcon_core.package_identification:_identify(src/mobile_base) by extension 'colcon_meta'
[0.440s] Level 1:colcon.colcon_core.package_identification:_identify(src/mobile_base) by extensions ['ros']
[0.440s] Level 1:colcon.colcon_core.package_identification:_identify(src/mobile_base) by extension 'ros'
[0.440s] Level 1:colcon.colcon_core.package_identification:_identify(src/mobile_base) by extensions ['cmake', 'python']
[0.440s] Level 1:colcon.colcon_core.package_identification:_identify(src/mobile_base) by extension 'cmake'
[0.440s] Level 1:colcon.colcon_core.package_identification:_identify(src/mobile_base) by extension 'python'
[0.440s] Level 1:colcon.colcon_core.package_identification:_identify(src/mobile_base) by extensions ['python_setup_py']
[0.440s] Level 1:colcon.colcon_core.package_identification:_identify(src/mobile_base) by extension 'python_setup_py'
[0.440s] Level 1:colcon.colcon_core.package_identification:_identify(src/navigation) by extensions ['ignore', 'ignore_ament_install']
[0.440s] Level 1:colcon.colcon_core.package_identification:_identify(src/navigation) by extension 'ignore'
[0.440s] Level 1:colcon.colcon_core.package_identification:_identify(src/navigation) by extension 'ignore_ament_install'
[0.440s] Level 1:colcon.colcon_core.package_identification:_identify(src/navigation) by extensions ['colcon_pkg']
[0.440s] Level 1:colcon.colcon_core.package_identification:_identify(src/navigation) by extension 'colcon_pkg'
[0.440s] Level 1:colcon.colcon_core.package_identification:_identify(src/navigation) by extensions ['colcon_meta']
[0.441s] Level 1:colcon.colcon_core.package_identification:_identify(src/navigation) by extension 'colcon_meta'
[0.441s] Level 1:colcon.colcon_core.package_identification:_identify(src/navigation) by extensions ['ros']
[0.441s] Level 1:colcon.colcon_core.package_identification:_identify(src/navigation) by extension 'ros'
[0.441s] Level 1:colcon.colcon_core.package_identification:_identify(src/navigation) by extensions ['cmake', 'python']
[0.441s] Level 1:colcon.colcon_core.package_identification:_identify(src/navigation) by extension 'cmake'
[0.441s] Level 1:colcon.colcon_core.package_identification:_identify(src/navigation) by extension 'python'
[0.441s] Level 1:colcon.colcon_core.package_identification:_identify(src/navigation) by extensions ['python_setup_py']
[0.441s] Level 1:colcon.colcon_core.package_identification:_identify(src/navigation) by extension 'python_setup_py'
[0.441s] Level 1:colcon.colcon_core.package_identification:_identify(src/navigation/config) by extensions ['ignore', 'ignore_ament_install']
[0.441s] Level 1:colcon.colcon_core.package_identification:_identify(src/navigation/config) by extension 'ignore'
[0.441s] Level 1:colcon.colcon_core.package_identification:_identify(src/navigation/config) by extension 'ignore_ament_install'
[0.441s] Level 1:colcon.colcon_core.package_identification:_identify(src/navigation/config) by extensions ['colcon_pkg']
[0.441s] Level 1:colcon.colcon_core.package_identification:_identify(src/navigation/config) by extension 'colcon_pkg'
[0.441s] Level 1:colcon.colcon_core.package_identification:_identify(src/navigation/config) by extensions ['colcon_meta']
[0.441s] Level 1:colcon.colcon_core.package_identification:_identify(src/navigation/config) by extension 'colcon_meta'
[0.441s] Level 1:colcon.colcon_core.package_identification:_identify(src/navigation/config) by extensions ['ros']
[0.441s] Level 1:colcon.colcon_core.package_identification:_identify(src/navigation/config) by extension 'ros'
[0.441s] Level 1:colcon.colcon_core.package_identification:_identify(src/navigation/config) by extensions ['cmake', 'python']
[0.441s] Level 1:colcon.colcon_core.package_identification:_identify(src/navigation/config) by extension 'cmake'
[0.441s] Level 1:colcon.colcon_core.package_identification:_identify(src/navigation/config) by extension 'python'
[0.442s] Level 1:colcon.colcon_core.package_identification:_identify(src/navigation/config) by extensions ['python_setup_py']
[0.442s] Level 1:colcon.colcon_core.package_identification:_identify(src/navigation/config) by extension 'python_setup_py'
[0.442s] Level 1:colcon.colcon_core.package_identification:_identify(src/navigation/launch) by extensions ['ignore', 'ignore_ament_install']
[0.442s] Level 1:colcon.colcon_core.package_identification:_identify(src/navigation/launch) by extension 'ignore'
[0.442s] Level 1:colcon.colcon_core.package_identification:_identify(src/navigation/launch) by extension 'ignore_ament_install'
[0.442s] Level 1:colcon.colcon_core.package_identification:_identify(src/navigation/launch) by extensions ['colcon_pkg']
[0.442s] Level 1:colcon.colcon_core.package_identification:_identify(src/navigation/launch) by extension 'colcon_pkg'
[0.442s] Level 1:colcon.colcon_core.package_identification:_identify(src/navigation/launch) by extensions ['colcon_meta']
[0.442s] Level 1:colcon.colcon_core.package_identification:_identify(src/navigation/launch) by extension 'colcon_meta'
[0.442s] Level 1:colcon.colcon_core.package_identification:_identify(src/navigation/launch) by extensions ['ros']
[0.442s] Level 1:colcon.colcon_core.package_identification:_identify(src/navigation/launch) by extension 'ros'
[0.442s] Level 1:colcon.colcon_core.package_identification:_identify(src/navigation/launch) by extensions ['cmake', 'python']
[0.442s] Level 1:colcon.colcon_core.package_identification:_identify(src/navigation/launch) by extension 'cmake'
[0.442s] Level 1:colcon.colcon_core.package_identification:_identify(src/navigation/launch) by extension 'python'
[0.442s] Level 1:colcon.colcon_core.package_identification:_identify(src/navigation/launch) by extensions ['python_setup_py']
[0.442s] Level 1:colcon.colcon_core.package_identification:_identify(src/navigation/launch) by extension 'python_setup_py'
[0.442s] Level 1:colcon.colcon_core.package_identification:_identify(src/navigation/launch/__pycache__) by extensions ['ignore', 'ignore_ament_install']
[0.443s] Level 1:colcon.colcon_core.package_identification:_identify(src/navigation/launch/__pycache__) by extension 'ignore'
[0.443s] Level 1:colcon.colcon_core.package_identification:_identify(src/navigation/launch/__pycache__) by extension 'ignore_ament_install'
[0.443s] Level 1:colcon.colcon_core.package_identification:_identify(src/navigation/launch/__pycache__) by extensions ['colcon_pkg']
[0.443s] Level 1:colcon.colcon_core.package_identification:_identify(src/navigation/launch/__pycache__) by extension 'colcon_pkg'
[0.443s] Level 1:colcon.colcon_core.package_identification:_identify(src/navigation/launch/__pycache__) by extensions ['colcon_meta']
[0.443s] Level 1:colcon.colcon_core.package_identification:_identify(src/navigation/launch/__pycache__) by extension 'colcon_meta'
[0.443s] Level 1:colcon.colcon_core.package_identification:_identify(src/navigation/launch/__pycache__) by extensions ['ros']
[0.443s] Level 1:colcon.colcon_core.package_identification:_identify(src/navigation/launch/__pycache__) by extension 'ros'
[0.443s] Level 1:colcon.colcon_core.package_identification:_identify(src/navigation/launch/__pycache__) by extensions ['cmake', 'python']
[0.443s] Level 1:colcon.colcon_core.package_identification:_identify(src/navigation/launch/__pycache__) by extension 'cmake'
[0.443s] Level 1:colcon.colcon_core.package_identification:_identify(src/navigation/launch/__pycache__) by extension 'python'
[0.443s] Level 1:colcon.colcon_core.package_identification:_identify(src/navigation/launch/__pycache__) by extensions ['python_setup_py']
[0.443s] Level 1:colcon.colcon_core.package_identification:_identify(src/navigation/launch/__pycache__) by extension 'python_setup_py'
[0.443s] Level 1:colcon.colcon_core.package_identification:_identify(src/navigation/map) by extensions ['ignore', 'ignore_ament_install']
[0.443s] Level 1:colcon.colcon_core.package_identification:_identify(src/navigation/map) by extension 'ignore'
[0.443s] Level 1:colcon.colcon_core.package_identification:_identify(src/navigation/map) by extension 'ignore_ament_install'
[0.443s] Level 1:colcon.colcon_core.package_identification:_identify(src/navigation/map) by extensions ['colcon_pkg']
[0.444s] Level 1:colcon.colcon_core.package_identification:_identify(src/navigation/map) by extension 'colcon_pkg'
[0.444s] Level 1:colcon.colcon_core.package_identification:_identify(src/navigation/map) by extensions ['colcon_meta']
[0.444s] Level 1:colcon.colcon_core.package_identification:_identify(src/navigation/map) by extension 'colcon_meta'
[0.444s] Level 1:colcon.colcon_core.package_identification:_identify(src/navigation/map) by extensions ['ros']
[0.444s] Level 1:colcon.colcon_core.package_identification:_identify(src/navigation/map) by extension 'ros'
[0.444s] Level 1:colcon.colcon_core.package_identification:_identify(src/navigation/map) by extensions ['cmake', 'python']
[0.444s] Level 1:colcon.colcon_core.package_identification:_identify(src/navigation/map) by extension 'cmake'
[0.444s] Level 1:colcon.colcon_core.package_identification:_identify(src/navigation/map) by extension 'python'
[0.444s] Level 1:colcon.colcon_core.package_identification:_identify(src/navigation/map) by extensions ['python_setup_py']
[0.444s] Level 1:colcon.colcon_core.package_identification:_identify(src/navigation/map) by extension 'python_setup_py'
[0.444s] Level 1:colcon.colcon_core.package_identification:_identify(src/navigation/rviz) by extensions ['ignore', 'ignore_ament_install']
[0.444s] Level 1:colcon.colcon_core.package_identification:_identify(src/navigation/rviz) by extension 'ignore'
[0.444s] Level 1:colcon.colcon_core.package_identification:_identify(src/navigation/rviz) by extension 'ignore_ament_install'
[0.444s] Level 1:colcon.colcon_core.package_identification:_identify(src/navigation/rviz) by extensions ['colcon_pkg']
[0.444s] Level 1:colcon.colcon_core.package_identification:_identify(src/navigation/rviz) by extension 'colcon_pkg'
[0.445s] Level 1:colcon.colcon_core.package_identification:_identify(src/navigation/rviz) by extensions ['colcon_meta']
[0.445s] Level 1:colcon.colcon_core.package_identification:_identify(src/navigation/rviz) by extension 'colcon_meta'
[0.445s] Level 1:colcon.colcon_core.package_identification:_identify(src/navigation/rviz) by extensions ['ros']
[0.445s] Level 1:colcon.colcon_core.package_identification:_identify(src/navigation/rviz) by extension 'ros'
[0.445s] Level 1:colcon.colcon_core.package_identification:_identify(src/navigation/rviz) by extensions ['cmake', 'python']
[0.445s] Level 1:colcon.colcon_core.package_identification:_identify(src/navigation/rviz) by extension 'cmake'
[0.445s] Level 1:colcon.colcon_core.package_identification:_identify(src/navigation/rviz) by extension 'python'
[0.445s] Level 1:colcon.colcon_core.package_identification:_identify(src/navigation/rviz) by extensions ['python_setup_py']
[0.445s] Level 1:colcon.colcon_core.package_identification:_identify(src/navigation/rviz) by extension 'python_setup_py'
[0.445s] Level 1:colcon.colcon_core.package_identification:_identify(src/odom) by extensions ['ignore', 'ignore_ament_install']
[0.445s] Level 1:colcon.colcon_core.package_identification:_identify(src/odom) by extension 'ignore'
[0.445s] Level 1:colcon.colcon_core.package_identification:_identify(src/odom) by extension 'ignore_ament_install'
[0.445s] Level 1:colcon.colcon_core.package_identification:_identify(src/odom) by extensions ['colcon_pkg']
[0.445s] Level 1:colcon.colcon_core.package_identification:_identify(src/odom) by extension 'colcon_pkg'
[0.445s] Level 1:colcon.colcon_core.package_identification:_identify(src/odom) by extensions ['colcon_meta']
[0.445s] Level 1:colcon.colcon_core.package_identification:_identify(src/odom) by extension 'colcon_meta'
[0.445s] Level 1:colcon.colcon_core.package_identification:_identify(src/odom) by extensions ['ros']
[0.445s] Level 1:colcon.colcon_core.package_identification:_identify(src/odom) by extension 'ros'
[0.445s] Level 1:colcon.colcon_core.package_identification:_identify(src/odom) by extensions ['cmake', 'python']
[0.445s] Level 1:colcon.colcon_core.package_identification:_identify(src/odom) by extension 'cmake'
[0.446s] Level 1:colcon.colcon_core.package_identification:_identify(src/odom) by extension 'python'
[0.446s] Level 1:colcon.colcon_core.package_identification:_identify(src/odom) by extensions ['python_setup_py']
[0.446s] Level 1:colcon.colcon_core.package_identification:_identify(src/odom) by extension 'python_setup_py'
[0.446s] Level 1:colcon.colcon_core.package_identification:_identify(src/urg_node2) by extensions ['ignore', 'ignore_ament_install']
[0.446s] Level 1:colcon.colcon_core.package_identification:_identify(src/urg_node2) by extension 'ignore'
[0.446s] Level 1:colcon.colcon_core.package_identification:_identify(src/urg_node2) by extension 'ignore_ament_install'
[0.446s] Level 1:colcon.colcon_core.package_identification:_identify(src/urg_node2) by extensions ['colcon_pkg']
[0.446s] Level 1:colcon.colcon_core.package_identification:_identify(src/urg_node2) by extension 'colcon_pkg'
[0.446s] Level 1:colcon.colcon_core.package_identification:_identify(src/urg_node2) by extensions ['colcon_meta']
[0.446s] Level 1:colcon.colcon_core.package_identification:_identify(src/urg_node2) by extension 'colcon_meta'
[0.446s] Level 1:colcon.colcon_core.package_identification:_identify(src/urg_node2) by extensions ['ros']
[0.446s] Level 1:colcon.colcon_core.package_identification:_identify(src/urg_node2) by extension 'ros'
[0.450s] DEBUG:colcon.colcon_core.package_identification:Package 'src/urg_node2' with type 'ros.ament_cmake' and name 'urg_node2'
[0.450s] Level 1:colcon.colcon_core.package_identification:_identify(urdf) by extensions ['ignore', 'ignore_ament_install']
[0.450s] Level 1:colcon.colcon_core.package_identification:_identify(urdf) by extension 'ignore'
[0.450s] Level 1:colcon.colcon_core.package_identification:_identify(urdf) by extension 'ignore_ament_install'
[0.450s] Level 1:colcon.colcon_core.package_identification:_identify(urdf) by extensions ['colcon_pkg']
[0.450s] Level 1:colcon.colcon_core.package_identification:_identify(urdf) by extension 'colcon_pkg'
[0.450s] Level 1:colcon.colcon_core.package_identification:_identify(urdf) by extensions ['colcon_meta']
[0.450s] Level 1:colcon.colcon_core.package_identification:_identify(urdf) by extension 'colcon_meta'
[0.450s] Level 1:colcon.colcon_core.package_identification:_identify(urdf) by extensions ['ros']
[0.450s] Level 1:colcon.colcon_core.package_identification:_identify(urdf) by extension 'ros'
[0.450s] Level 1:colcon.colcon_core.package_identification:_identify(urdf) by extensions ['cmake', 'python']
[0.450s] Level 1:colcon.colcon_core.package_identification:_identify(urdf) by extension 'cmake'
[0.450s] Level 1:colcon.colcon_core.package_identification:_identify(urdf) by extension 'python'
[0.451s] Level 1:colcon.colcon_core.package_identification:_identify(urdf) by extensions ['python_setup_py']
[0.451s] Level 1:colcon.colcon_core.package_identification:_identify(urdf) by extension 'python_setup_py'
[0.451s] Level 1:colcon.colcon_core.package_identification:_identify(utils) by extensions ['ignore', 'ignore_ament_install']
[0.451s] Level 1:colcon.colcon_core.package_identification:_identify(utils) by extension 'ignore'
[0.451s] Level 1:colcon.colcon_core.package_identification:_identify(utils) by extension 'ignore_ament_install'
[0.451s] Level 1:colcon.colcon_core.package_identification:_identify(utils) by extensions ['colcon_pkg']
[0.451s] Level 1:colcon.colcon_core.package_identification:_identify(utils) by extension 'colcon_pkg'
[0.451s] Level 1:colcon.colcon_core.package_identification:_identify(utils) by extensions ['colcon_meta']
[0.451s] Level 1:colcon.colcon_core.package_identification:_identify(utils) by extension 'colcon_meta'
[0.451s] Level 1:colcon.colcon_core.package_identification:_identify(utils) by extensions ['ros']
[0.451s] Level 1:colcon.colcon_core.package_identification:_identify(utils) by extension 'ros'
[0.451s] Level 1:colcon.colcon_core.package_identification:_identify(utils) by extensions ['cmake', 'python']
[0.451s] Level 1:colcon.colcon_core.package_identification:_identify(utils) by extension 'cmake'
[0.451s] Level 1:colcon.colcon_core.package_identification:_identify(utils) by extension 'python'
[0.451s] Level 1:colcon.colcon_core.package_identification:_identify(utils) by extensions ['python_setup_py']
[0.451s] Level 1:colcon.colcon_core.package_identification:_identify(utils) by extension 'python_setup_py'
[0.452s] Level 1:colcon.colcon_core.package_discovery:discover_packages(recursive) using defaults
[0.452s] Level 1:colcon.colcon_core.package_discovery:discover_packages(ignore) discover
[0.452s] Level 1:colcon.colcon_core.package_discovery:discover_packages(ignore) using defaults
[0.452s] Level 1:colcon.colcon_core.package_discovery:discover_packages(path) discover
[0.452s] Level 1:colcon.colcon_core.package_discovery:discover_packages(path) using defaults
[0.489s] Level 1:colcon.colcon_core.package_discovery:discover_packages(prefix_path) check parameters
[0.489s] Level 1:colcon.colcon_core.package_discovery:discover_packages(prefix_path) discover
[0.493s] DEBUG:colcon.colcon_installed_package_information.package_discovery:Found 344 installed packages in /opt/ros/iron
[0.495s] Level 1:colcon.colcon_core.package_discovery:discover_packages(prefix_path) using defaults
[0.556s] Level 5:colcon.colcon_core.verb:set package 'urg_node2' build argument 'cmake_args' from command line to 'None'
[0.556s] Level 5:colcon.colcon_core.verb:set package 'urg_node2' build argument 'cmake_target' from command line to 'None'
[0.556s] Level 5:colcon.colcon_core.verb:set package 'urg_node2' build argument 'cmake_target_skip_unavailable' from command line to 'False'
[0.556s] Level 5:colcon.colcon_core.verb:set package 'urg_node2' build argument 'cmake_clean_cache' from command line to 'False'
[0.556s] Level 5:colcon.colcon_core.verb:set package 'urg_node2' build argument 'cmake_clean_first' from command line to 'False'
[0.556s] Level 5:colcon.colcon_core.verb:set package 'urg_node2' build argument 'cmake_force_configure' from command line to 'False'
[0.556s] Level 5:colcon.colcon_core.verb:set package 'urg_node2' build argument 'ament_cmake_args' from command line to 'None'
[0.556s] Level 5:colcon.colcon_core.verb:set package 'urg_node2' build argument 'catkin_cmake_args' from command line to 'None'
[0.556s] Level 5:colcon.colcon_core.verb:set package 'urg_node2' build argument 'catkin_skip_building_tests' from command line to 'False'
[0.556s] DEBUG:colcon.colcon_core.verb:Building package 'urg_node2' with the following arguments: {'ament_cmake_args': None, 'build_base': '/home/robostep/nav2-sample/build/urg_node2', 'catkin_cmake_args': None, 'catkin_skip_building_tests': False, 'cmake_args': None, 'cmake_clean_cache': False, 'cmake_clean_first': False, 'cmake_force_configure': False, 'cmake_target': None, 'cmake_target_skip_unavailable': False, 'install_base': '/home/robostep/nav2-sample/install/urg_node2', 'merge_install': False, 'path': '/home/robostep/nav2-sample/src/urg_node2', 'symlink_install': False, 'test_result_base': None}
[0.557s] INFO:colcon.colcon_core.executor:Executing jobs using 'parallel' executor
[0.558s] DEBUG:colcon.colcon_parallel_executor.executor.parallel:run_until_complete
[0.558s] INFO:colcon.colcon_ros.task.ament_cmake.build:Building ROS package in '/home/robostep/nav2-sample/src/urg_node2' with build type 'ament_cmake'
[0.558s] INFO:colcon.colcon_cmake.task.cmake.build:Building CMake package in '/home/robostep/nav2-sample/src/urg_node2'
[0.561s] INFO:colcon.colcon_core.plugin_system:Skipping extension 'colcon_core.shell.bat': Not used on non-Windows systems
[0.562s] INFO:colcon.colcon_core.shell:Skip shell extension 'powershell' for command environment: Not usable outside of PowerShell
[0.562s] DEBUG:colcon.colcon_core.shell:Skip shell extension 'dsv' for command environment
[0.574s] DEBUG:colcon.colcon_core.event_handler.log_command:Invoking command in '/home/robostep/nav2-sample/build/urg_node2': CMAKE_PREFIX_PATH=/opt/ros/iron /usr/bin/cmake --build /home/robostep/nav2-sample/build/urg_node2 -- -j8 -l8
[0.707s] DEBUG:colcon.colcon_core.event_handler.log_command:Invoked command in '/home/robostep/nav2-sample/build/urg_node2' returned '0': CMAKE_PREFIX_PATH=/opt/ros/iron /usr/bin/cmake --build /home/robostep/nav2-sample/build/urg_node2 -- -j8 -l8
[0.774s] DEBUG:colcon.colcon_core.event_handler.log_command:Invoking command in '/home/robostep/nav2-sample/build/urg_node2': CMAKE_PREFIX_PATH=/opt/ros/iron /usr/bin/cmake --install /home/robostep/nav2-sample/build/urg_node2
[0.788s] Level 1:colcon.colcon_core.environment:create_environment_scripts_only(urg_node2)
[0.789s] DEBUG:colcon.colcon_core.event_handler.log_command:Invoked command in '/home/robostep/nav2-sample/build/urg_node2' returned '0': CMAKE_PREFIX_PATH=/opt/ros/iron /usr/bin/cmake --install /home/robostep/nav2-sample/build/urg_node2
[0.793s] Level 1:colcon.colcon_core.environment:checking '/home/robostep/nav2-sample/install/urg_node2' for CMake module files
[0.793s] Level 1:colcon.colcon_core.environment:checking '/home/robostep/nav2-sample/install/urg_node2' for CMake config files
[0.794s] Level 1:colcon.colcon_core.shell:create_environment_hook('urg_node2', 'cmake_prefix_path')
[0.794s] INFO:colcon.colcon_core.shell:Creating environment hook '/home/robostep/nav2-sample/install/urg_node2/share/urg_node2/hook/cmake_prefix_path.ps1'
[0.795s] INFO:colcon.colcon_core.shell:Creating environment descriptor '/home/robostep/nav2-sample/install/urg_node2/share/urg_node2/hook/cmake_prefix_path.dsv'
[0.795s] INFO:colcon.colcon_core.shell:Creating environment hook '/home/robostep/nav2-sample/install/urg_node2/share/urg_node2/hook/cmake_prefix_path.sh'
[0.796s] Level 1:colcon.colcon_core.environment:checking '/home/robostep/nav2-sample/install/urg_node2/lib'
[0.796s] Level 1:colcon.colcon_core.shell:create_environment_hook('urg_node2', 'ld_library_path_lib')
[0.796s] INFO:colcon.colcon_core.shell:Creating environment hook '/home/robostep/nav2-sample/install/urg_node2/share/urg_node2/hook/ld_library_path_lib.ps1'
[0.797s] INFO:colcon.colcon_core.shell:Creating environment descriptor '/home/robostep/nav2-sample/install/urg_node2/share/urg_node2/hook/ld_library_path_lib.dsv'
[0.797s] INFO:colcon.colcon_core.shell:Creating environment hook '/home/robostep/nav2-sample/install/urg_node2/share/urg_node2/hook/ld_library_path_lib.sh'
[0.798s] Level 1:colcon.colcon_core.environment:checking '/home/robostep/nav2-sample/install/urg_node2/bin'
[0.798s] Level 1:colcon.colcon_core.environment:checking '/home/robostep/nav2-sample/install/urg_node2/lib/pkgconfig/urg_node2.pc'
[0.798s] Level 1:colcon.colcon_core.environment:checking '/home/robostep/nav2-sample/install/urg_node2/lib/python3.10/site-packages'
[0.798s] Level 1:colcon.colcon_core.environment:checking '/home/robostep/nav2-sample/install/urg_node2/bin'
[0.798s] INFO:colcon.colcon_core.shell:Creating package script '/home/robostep/nav2-sample/install/urg_node2/share/urg_node2/package.ps1'
[0.799s] INFO:colcon.colcon_core.shell:Creating package descriptor '/home/robostep/nav2-sample/install/urg_node2/share/urg_node2/package.dsv'
[0.800s] INFO:colcon.colcon_core.shell:Creating package script '/home/robostep/nav2-sample/install/urg_node2/share/urg_node2/package.sh'
[0.801s] INFO:colcon.colcon_core.shell:Creating package script '/home/robostep/nav2-sample/install/urg_node2/share/urg_node2/package.bash'
[0.802s] INFO:colcon.colcon_core.shell:Creating package script '/home/robostep/nav2-sample/install/urg_node2/share/urg_node2/package.zsh'
[0.802s] Level 1:colcon.colcon_core.environment:create_file_with_runtime_dependencies(/home/robostep/nav2-sample/install/urg_node2/share/colcon-core/packages/urg_node2)
[0.860s] Level 1:colcon.colcon_core.environment:create_environment_scripts_only(urg_node2)
[0.860s] Level 1:colcon.colcon_core.environment:checking '/home/robostep/nav2-sample/install/urg_node2' for CMake module files
[0.860s] Level 1:colcon.colcon_core.environment:checking '/home/robostep/nav2-sample/install/urg_node2' for CMake config files
[0.861s] Level 1:colcon.colcon_core.shell:create_environment_hook('urg_node2', 'cmake_prefix_path')
[0.861s] INFO:colcon.colcon_core.shell:Creating environment hook '/home/robostep/nav2-sample/install/urg_node2/share/urg_node2/hook/cmake_prefix_path.ps1'
[0.861s] INFO:colcon.colcon_core.shell:Creating environment descriptor '/home/robostep/nav2-sample/install/urg_node2/share/urg_node2/hook/cmake_prefix_path.dsv'
[0.862s] INFO:colcon.colcon_core.shell:Creating environment hook '/home/robostep/nav2-sample/install/urg_node2/share/urg_node2/hook/cmake_prefix_path.sh'
[0.862s] Level 1:colcon.colcon_core.environment:checking '/home/robostep/nav2-sample/install/urg_node2/lib'
[0.862s] Level 1:colcon.colcon_core.shell:create_environment_hook('urg_node2', 'ld_library_path_lib')
[0.863s] INFO:colcon.colcon_core.shell:Creating environment hook '/home/robostep/nav2-sample/install/urg_node2/share/urg_node2/hook/ld_library_path_lib.ps1'
[0.863s] INFO:colcon.colcon_core.shell:Creating environment descriptor '/home/robostep/nav2-sample/install/urg_node2/share/urg_node2/hook/ld_library_path_lib.dsv'
[0.863s] INFO:colcon.colcon_core.shell:Creating environment hook '/home/robostep/nav2-sample/install/urg_node2/share/urg_node2/hook/ld_library_path_lib.sh'
[0.864s] Level 1:colcon.colcon_core.environment:checking '/home/robostep/nav2-sample/install/urg_node2/bin'
[0.864s] Level 1:colcon.colcon_core.environment:checking '/home/robostep/nav2-sample/install/urg_node2/lib/pkgconfig/urg_node2.pc'
[0.864s] Level 1:colcon.colcon_core.environment:checking '/home/robostep/nav2-sample/install/urg_node2/lib/python3.10/site-packages'
[0.865s] Level 1:colcon.colcon_core.environment:checking '/home/robostep/nav2-sample/install/urg_node2/bin'
[0.865s] INFO:colcon.colcon_core.shell:Creating package script '/home/robostep/nav2-sample/install/urg_node2/share/urg_node2/package.ps1'
[0.865s] INFO:colcon.colcon_core.shell:Creating package descriptor '/home/robostep/nav2-sample/install/urg_node2/share/urg_node2/package.dsv'
[0.866s] INFO:colcon.colcon_core.shell:Creating package script '/home/robostep/nav2-sample/install/urg_node2/share/urg_node2/package.sh'
[0.866s] INFO:colcon.colcon_core.shell:Creating package script '/home/robostep/nav2-sample/install/urg_node2/share/urg_node2/package.bash'
[0.867s] INFO:colcon.colcon_core.shell:Creating package script '/home/robostep/nav2-sample/install/urg_node2/share/urg_node2/package.zsh'
[0.867s] Level 1:colcon.colcon_core.environment:create_file_with_runtime_dependencies(/home/robostep/nav2-sample/install/urg_node2/share/colcon-core/packages/urg_node2)
[0.867s] DEBUG:colcon.colcon_parallel_executor.executor.parallel:closing loop
[0.867s] DEBUG:colcon.colcon_parallel_executor.executor.parallel:loop closed
[0.867s] DEBUG:colcon.colcon_parallel_executor.executor.parallel:run_until_complete finished with '0'
[0.868s] DEBUG:colcon.colcon_core.event_reactor:joining thread
[0.875s] INFO:colcon.colcon_core.plugin_system:Skipping extension 'colcon_notification.desktop_notification.terminal_notifier': Not used on non-Darwin systems
[0.875s] INFO:colcon.colcon_core.plugin_system:Skipping extension 'colcon_notification.desktop_notification.win32': Not used on non-Windows systems
[0.875s] INFO:colcon.colcon_notification.desktop_notification:Sending desktop notification using 'notify2'
[0.890s] DEBUG:colcon.colcon_core.event_reactor:joined thread
[0.890s] INFO:colcon.colcon_core.shell:Creating prefix script '/home/robostep/nav2-sample/install/local_setup.ps1'
[0.891s] INFO:colcon.colcon_core.shell:Creating prefix util module '/home/robostep/nav2-sample/install/_local_setup_util_ps1.py'
[0.892s] INFO:colcon.colcon_core.shell:Creating prefix chain script '/home/robostep/nav2-sample/install/setup.ps1'
[0.894s] INFO:colcon.colcon_core.shell:Creating prefix script '/home/robostep/nav2-sample/install/local_setup.sh'
[0.894s] INFO:colcon.colcon_core.shell:Creating prefix util module '/home/robostep/nav2-sample/install/_local_setup_util_sh.py'
[0.895s] INFO:colcon.colcon_core.shell:Creating prefix chain script '/home/robostep/nav2-sample/install/setup.sh'
[0.896s] INFO:colcon.colcon_core.shell:Creating prefix script '/home/robostep/nav2-sample/install/local_setup.bash'
[0.896s] INFO:colcon.colcon_core.shell:Creating prefix chain script '/home/robostep/nav2-sample/install/setup.bash'
[0.897s] INFO:colcon.colcon_core.shell:Creating prefix script '/home/robostep/nav2-sample/install/local_setup.zsh'
[0.898s] INFO:colcon.colcon_core.shell:Creating prefix chain script '/home/robostep/nav2-sample/install/setup.zsh'
