[0.011s] Invoking command in '/home/tm/nav2-sample/build/dwb_more_critics': CMAKE_PREFIX_PATH=/opt/ros/iron /usr/bin/cmake --build /home/tm/nav2-sample/build/dwb_more_critics -- -j8 -l8
[0.064s] [ 50%] [32mBuilding CXX object CMakeFiles/dwb_more_critics.dir/src/rotate_to_goal_pose.cpp.o[0m
[6.563s] [100%] [32m[1mLinking CXX shared library libdwb_more_critics.so[0m
[6.853s] [100%] Built target dwb_more_critics
[6.864s] Invoked command in '/home/tm/nav2-sample/build/dwb_more_critics' returned '0': CMAKE_PREFIX_PATH=/opt/ros/iron /usr/bin/cmake --build /home/tm/nav2-sample/build/dwb_more_critics -- -j8 -l8
[6.899s] Invoking command in '/home/tm/nav2-sample/build/dwb_more_critics': CMAKE_PREFIX_PATH=/opt/ros/iron /usr/bin/cmake --install /home/tm/nav2-sample/build/dwb_more_critics
[6.906s] -- Install configuration: "Release"
[6.906s] -- Installing: /home/tm/nav2-sample/install/dwb_more_critics/lib/libdwb_more_critics.so
[6.906s] -- Set runtime path of "/home/tm/nav2-sample/install/dwb_more_critics/lib/libdwb_more_critics.so" to ""
[6.906s] -- Installing: /home/tm/nav2-sample/install/dwb_more_critics/include/
[6.907s] -- Installing: /home/tm/nav2-sample/install/dwb_more_critics/include//dwb_more_critics
[6.907s] -- Installing: /home/tm/nav2-sample/install/dwb_more_critics/include//dwb_more_critics/line_iterator.hpp
[6.907s] -- Installing: /home/tm/nav2-sample/install/dwb_more_critics/include//dwb_more_critics/alignment_util.hpp
[6.908s] -- Installing: /home/tm/nav2-sample/install/dwb_more_critics/include//dwb_more_critics/rotate_to_goal_pose.hpp
[6.908s] -- Installing: /home/tm/nav2-sample/install/dwb_more_critics/share/dwb_more_critics/default_critics.xml
[6.908s] -- Installing: /home/tm/nav2-sample/install/dwb_more_critics/share/dwb_more_critics/environment/library_path.sh
[6.908s] -- Installing: /home/tm/nav2-sample/install/dwb_more_critics/share/dwb_more_critics/environment/library_path.dsv
[6.908s] -- Up-to-date: /home/tm/nav2-sample/install/dwb_more_critics/share/dwb_more_critics/default_critics.xml
[6.908s] -- Installing: /home/tm/nav2-sample/install/dwb_more_critics/share/ament_index/resource_index/package_run_dependencies/dwb_more_critics
[6.908s] -- Installing: /home/tm/nav2-sample/install/dwb_more_critics/share/ament_index/resource_index/parent_prefix_path/dwb_more_critics
[6.908s] -- Installing: /home/tm/nav2-sample/install/dwb_more_critics/share/dwb_more_critics/environment/ament_prefix_path.sh
[6.908s] -- Installing: /home/tm/nav2-sample/install/dwb_more_critics/share/dwb_more_critics/environment/ament_prefix_path.dsv
[6.908s] -- Installing: /home/tm/nav2-sample/install/dwb_more_critics/share/dwb_more_critics/environment/path.sh
[6.908s] -- Installing: /home/tm/nav2-sample/install/dwb_more_critics/share/dwb_more_critics/environment/path.dsv
[6.908s] -- Installing: /home/tm/nav2-sample/install/dwb_more_critics/share/dwb_more_critics/local_setup.bash
[6.909s] -- Installing: /home/tm/nav2-sample/install/dwb_more_critics/share/dwb_more_critics/local_setup.sh
[6.909s] -- Installing: /home/tm/nav2-sample/install/dwb_more_critics/share/dwb_more_critics/local_setup.zsh
[6.909s] -- Installing: /home/tm/nav2-sample/install/dwb_more_critics/share/dwb_more_critics/local_setup.dsv
[6.909s] -- Installing: /home/tm/nav2-sample/install/dwb_more_critics/share/dwb_more_critics/package.dsv
[6.909s] -- Installing: /home/tm/nav2-sample/install/dwb_more_critics/share/ament_index/resource_index/packages/dwb_more_critics
[6.909s] -- Installing: /home/tm/nav2-sample/install/dwb_more_critics/share/ament_index/resource_index/dwb_core__pluginlib__plugin/dwb_more_critics
[6.909s] -- Installing: /home/tm/nav2-sample/install/dwb_more_critics/share/dwb_more_critics/cmake/ament_cmake_export_include_directories-extras.cmake
[6.909s] -- Installing: /home/tm/nav2-sample/install/dwb_more_critics/share/dwb_more_critics/cmake/ament_cmake_export_libraries-extras.cmake
[6.909s] -- Installing: /home/tm/nav2-sample/install/dwb_more_critics/share/dwb_more_critics/cmake/ament_cmake_export_dependencies-extras.cmake
[6.909s] -- Installing: /home/tm/nav2-sample/install/dwb_more_critics/share/dwb_more_critics/cmake/dwb_more_criticsConfig.cmake
[6.909s] -- Installing: /home/tm/nav2-sample/install/dwb_more_critics/share/dwb_more_critics/cmake/dwb_more_criticsConfig-version.cmake
[6.909s] -- Installing: /home/tm/nav2-sample/install/dwb_more_critics/share/dwb_more_critics/package.xml
[6.911s] Invoked command in '/home/tm/nav2-sample/build/dwb_more_critics' returned '0': CMAKE_PREFIX_PATH=/opt/ros/iron /usr/bin/cmake --install /home/tm/nav2-sample/build/dwb_more_critics
