[0.028s] Invoking command in '/home/robostep/nav2-sample/build/gazebo_ros_indep_steer_drive': CMAKE_PREFIX_PATH=/opt/ros/iron /usr/bin/cmake /home/robostep/nav2-sample/src/OpenBase/gazebo_ros_indep_steer_drive -DCMAKE_INSTALL_PREFIX=/home/robostep/nav2-sample/install/gazebo_ros_indep_steer_drive
[0.139s] -- The C compiler identification is GNU 11.4.0
[0.242s] -- The CXX compiler identification is GNU 11.4.0
[0.252s] -- Detecting C compiler ABI info
[0.341s] -- Detecting C compiler ABI info - done
[0.353s] -- Check for working C compiler: /usr/bin/cc - skipped
[0.354s] -- Detecting C compile features
[0.354s] -- Detecting C compile features - done
[0.359s] -- Detecting CXX compiler ABI info
[0.478s] -- Detecting CXX compiler ABI info - done
[0.494s] -- Check for working CXX compiler: /usr/bin/c++ - skipped
[0.494s] -- Detecting CXX compile features
[0.495s] -- Detecting CXX compile features - done
[0.498s] -- Found ament_cmake: 2.0.5 (/opt/ros/iron/share/ament_cmake/cmake)
[0.755s] -- Found Python3: /usr/bin/python3.10 (found version "3.10.12") found components: Interpreter 
[0.896s] [33mCMake Warning (dev) at /usr/share/cmake-3.22/Modules/FindPackageHandleStandardArgs.cmake:438 (message):
[0.896s]   The package name passed to `find_package_handle_standard_args` (PkgConfig)
[0.896s]   does not match the name of the calling package (gazebo).  This can lead to
[0.896s]   problems in calling code that expects `find_package` result variables
[0.896s]   (e.g., `_FOUND`) to follow a certain pattern.
[0.897s] Call Stack (most recent call first):
[0.897s]   /usr/share/cmake-3.22/Modules/FindPkgConfig.cmake:99 (find_package_handle_standard_args)
[0.897s]   /usr/lib/x86_64-linux-gnu/cmake/gazebo/gazebo-config.cmake:72 (include)
[0.897s]   CMakeLists.txt:6 (find_package)
[0.897s] This warning is for project developers.  Use -Wno-dev to suppress it.
[0.897s] [0m
[0.897s] -- Found PkgConfig: /usr/bin/pkg-config (found version "0.29.2") 
[0.902s] -- Checking for module 'bullet>=2.82'
[0.917s] --   Found bullet, version 3.05
[1.054s] -- Found fcl: /usr/include (found suitable version "0.7.0", minimum required is "0.5.0") 
[1.237s] -- Found assimp: /usr/include (found version "5.2.0") 
[1.302s] -- Found DART: /usr/include (Required is at least version "6.6") found components: dart 
[1.609s] -- Found Boost: /usr/lib/x86_64-linux-gnu/cmake/Boost-1.74.0/BoostConfig.cmake (found suitable version "1.74.0", minimum required is "1.40.0") found components: thread system filesystem program_options regex iostreams date_time 
[1.649s] -- Found Protobuf: /usr/lib/x86_64-linux-gnu/libprotobuf.so (found version "3.12.4") 
[1.652s] -- Looking for ignition-math6 -- found version 6.15.1
[1.653s] -- Searching for dependencies of ignition-math6
[1.656s] -- Looking for OGRE...
[1.658s] -- OGRE_PREFIX_WATCH changed.
[1.664s] -- Checking for module 'OGRE'
[1.680s] --   Found OGRE, version 1.9.0
[1.718s] -- Found Ogre Ghadamon (1.9.0)
[1.727s] -- Found OGRE: optimized;/usr/lib/x86_64-linux-gnu/libOgreMain.so;debug;/usr/lib/x86_64-linux-gnu/libOgreMain.so
[1.738s] -- Looking for OGRE_Paging...
[1.743s] -- Found OGRE_Paging: optimized;/usr/lib/x86_64-linux-gnu/libOgrePaging.so;debug;/usr/lib/x86_64-linux-gnu/libOgrePaging.so
[1.743s] -- Looking for OGRE_Terrain...
[1.750s] -- Found OGRE_Terrain: optimized;/usr/lib/x86_64-linux-gnu/libOgreTerrain.so;debug;/usr/lib/x86_64-linux-gnu/libOgreTerrain.so
[1.750s] -- Looking for OGRE_Property...
[1.754s] -- Found OGRE_Property: optimized;/usr/lib/x86_64-linux-gnu/libOgreProperty.so;debug;/usr/lib/x86_64-linux-gnu/libOgreProperty.so
[1.754s] -- Looking for OGRE_RTShaderSystem...
[1.759s] -- Found OGRE_RTShaderSystem: optimized;/usr/lib/x86_64-linux-gnu/libOgreRTShaderSystem.so;debug;/usr/lib/x86_64-linux-gnu/libOgreRTShaderSystem.so
[1.759s] -- Looking for OGRE_Volume...
[1.763s] -- Found OGRE_Volume: optimized;/usr/lib/x86_64-linux-gnu/libOgreVolume.so;debug;/usr/lib/x86_64-linux-gnu/libOgreVolume.so
[1.764s] -- Looking for OGRE_Overlay...
[1.769s] -- Found OGRE_Overlay: optimized;/usr/lib/x86_64-linux-gnu/libOgreOverlay.so;debug;/usr/lib/x86_64-linux-gnu/libOgreOverlay.so
[1.893s] -- Looking for ignition-math6 -- found version 6.15.1
[1.895s] -- Looking for ignition-transport8 -- found version 8.2.1
[1.895s] -- Searching for dependencies of ignition-transport8
[1.913s] -- Found Protobuf: /usr/lib/x86_64-linux-gnu/libprotobuf.so (found suitable version "3.12.4", minimum required is "3") 
[1.925s] -- Config-file not installed for ZeroMQ -- checking for pkg-config
[1.929s] -- Checking for module 'libzmq >= 4'
[1.942s] --   Found libzmq , version 4.3.4
[1.980s] -- Found ZeroMQ: TRUE (Required is at least version "4") 
[1.985s] -- Checking for module 'uuid'
[1.998s] --   Found uuid, version 2.37.2
[2.035s] -- Found UUID: TRUE  
[2.037s] -- Looking for ignition-msgs5 -- found version 5.8.1
[2.038s] -- Searching for dependencies of ignition-msgs5
[2.059s] -- Looking for ignition-math6 -- found version 6.15.1
[2.064s] -- Checking for module 'tinyxml2'
[2.077s] --   Found tinyxml2, version 9.0.0
[2.115s] -- Looking for ignition-msgs5 -- found version 5.8.1
[2.119s] -- Looking for ignition-common3 -- found version 3.14.0
[2.120s] -- Searching for dependencies of ignition-common3
[2.121s] -- Looking for dlfcn.h - found
[2.122s] -- Looking for libdl - found
[2.124s] -- Found DL: TRUE  
[2.142s] -- Found tinyobjloader: /usr/lib/x86_64-linux-gnu/cmake/tinyobjloader/tinyobjloader-config.cmake (found version "2.0.0") 
[2.143s] -- Searching for <ignition-common3> component [graphics]
[2.147s] -- Looking for ignition-common3-graphics -- found version 3.14.0
[2.148s] -- Searching for dependencies of ignition-common3-graphics
[2.149s] -- Looking for ignition-math6 -- found version 6.15.1
[2.153s] -- Looking for ignition-fuel_tools4 -- found version 4.4.0
[2.154s] -- Searching for dependencies of ignition-fuel_tools4
[2.249s] -- Found CURL: /usr/lib/x86_64-linux-gnu/libcurl.so (found version "7.81.0")  
[2.259s] -- Checking for module 'jsoncpp'
[2.273s] --   Found jsoncpp, version 1.9.5
[2.313s] -- Found JSONCPP: TRUE  
[2.321s] -- Checking for module 'libzip'
[2.337s] --   Found libzip, version 1.7.3
[2.371s] -- Found ZIP: TRUE  
[2.371s] -- Looking for ignition-common3 -- found version 3.14.0
[2.372s] -- Looking for ignition-math6 -- found version 6.15.1
[2.373s] -- Looking for ignition-msgs5 -- found version 5.8.1
[2.379s] -- Found rclcpp: 21.0.6 (/opt/ros/iron/share/rclcpp/cmake)
[2.427s] -- Found rosidl_generator_c: 4.0.1 (/opt/ros/iron/share/rosidl_generator_c/cmake)
[2.442s] -- Found rosidl_generator_cpp: 4.0.1 (/opt/ros/iron/share/rosidl_generator_cpp/cmake)
[2.459s] -- Using all available rosidl_typesupport_c: rosidl_typesupport_fastrtps_c;rosidl_typesupport_introspection_c
[2.481s] -- Using all available rosidl_typesupport_cpp: rosidl_typesupport_fastrtps_cpp;rosidl_typesupport_introspection_cpp
[2.657s] -- Found rmw_implementation_cmake: 7.1.0 (/opt/ros/iron/share/rmw_implementation_cmake/cmake)
[2.660s] -- Found rmw_fastrtps_cpp: 7.1.3 (/opt/ros/iron/share/rmw_fastrtps_cpp/cmake)
[2.776s] -- Found OpenSSL: /usr/lib/x86_64-linux-gnu/libcrypto.so (found version "3.0.2")  
[2.813s] -- Found FastRTPS: /opt/ros/iron/include  
[2.888s] -- Using RMW implementation 'rmw_fastrtps_cpp' as default
[3.118s] -- Found geometry_msgs: 5.0.0 (/opt/ros/iron/share/geometry_msgs/cmake)
[3.219s] -- Found gazebo_ros: 3.7.0 (/opt/ros/iron/share/gazebo_ros/cmake)
[3.225s] -- Gazebo version: 11.10
[3.225s] -- Checking for module 'tbb'
[3.239s] --   Found tbb, version 2021.5.0
[3.430s] -- Configuring done
[3.494s] -- Generating done
[3.498s] -- Build files have been written to: /home/robostep/nav2-sample/build/gazebo_ros_indep_steer_drive
[3.519s] Invoked command in '/home/robostep/nav2-sample/build/gazebo_ros_indep_steer_drive' returned '0': CMAKE_PREFIX_PATH=/opt/ros/iron /usr/bin/cmake /home/robostep/nav2-sample/src/OpenBase/gazebo_ros_indep_steer_drive -DCMAKE_INSTALL_PREFIX=/home/robostep/nav2-sample/install/gazebo_ros_indep_steer_drive
[3.519s] Invoking command in '/home/robostep/nav2-sample/build/gazebo_ros_indep_steer_drive': CMAKE_PREFIX_PATH=/opt/ros/iron /usr/bin/cmake --build /home/robostep/nav2-sample/build/gazebo_ros_indep_steer_drive -- -j8 -l8
[3.598s] [ 50%] [32mBuilding CXX object CMakeFiles/gazebo_ros_indep_steer_drive.dir/src/gazebo_ros_indep_steer_drive.cc.o[0m
[25.965s] [100%] [32m[1mLinking CXX shared library libgazebo_ros_indep_steer_drive.so[0m
[26.723s] [100%] Built target gazebo_ros_indep_steer_drive
[26.735s] Invoked command in '/home/robostep/nav2-sample/build/gazebo_ros_indep_steer_drive' returned '0': CMAKE_PREFIX_PATH=/opt/ros/iron /usr/bin/cmake --build /home/robostep/nav2-sample/build/gazebo_ros_indep_steer_drive -- -j8 -l8
[26.764s] Invoking command in '/home/robostep/nav2-sample/build/gazebo_ros_indep_steer_drive': CMAKE_PREFIX_PATH=/opt/ros/iron /usr/bin/cmake --install /home/robostep/nav2-sample/build/gazebo_ros_indep_steer_drive
[26.771s] -- Install configuration: ""
[26.771s] -- Installing: /home/robostep/nav2-sample/install/gazebo_ros_indep_steer_drive/lib/gazebo_ros_indep_steer_drive/libgazebo_ros_indep_steer_drive.so
[26.778s] -- Set runtime path of "/home/robostep/nav2-sample/install/gazebo_ros_indep_steer_drive/lib/gazebo_ros_indep_steer_drive/libgazebo_ros_indep_steer_drive.so" to ""
[26.778s] -- Installing: /home/robostep/nav2-sample/install/gazebo_ros_indep_steer_drive/share/gazebo_ros_indep_steer_drive/environment/gazebo_ros_indep_steer_drive.dsv
[26.779s] -- Installing: /home/robostep/nav2-sample/install/gazebo_ros_indep_steer_drive/share/ament_index/resource_index/package_run_dependencies/gazebo_ros_indep_steer_drive
[26.779s] -- Installing: /home/robostep/nav2-sample/install/gazebo_ros_indep_steer_drive/share/ament_index/resource_index/parent_prefix_path/gazebo_ros_indep_steer_drive
[26.779s] -- Installing: /home/robostep/nav2-sample/install/gazebo_ros_indep_steer_drive/share/gazebo_ros_indep_steer_drive/environment/ament_prefix_path.sh
[26.779s] -- Installing: /home/robostep/nav2-sample/install/gazebo_ros_indep_steer_drive/share/gazebo_ros_indep_steer_drive/environment/ament_prefix_path.dsv
[26.779s] -- Installing: /home/robostep/nav2-sample/install/gazebo_ros_indep_steer_drive/share/gazebo_ros_indep_steer_drive/environment/path.sh
[26.779s] -- Installing: /home/robostep/nav2-sample/install/gazebo_ros_indep_steer_drive/share/gazebo_ros_indep_steer_drive/environment/path.dsv
[26.780s] -- Installing: /home/robostep/nav2-sample/install/gazebo_ros_indep_steer_drive/share/gazebo_ros_indep_steer_drive/local_setup.bash
[26.780s] -- Installing: /home/robostep/nav2-sample/install/gazebo_ros_indep_steer_drive/share/gazebo_ros_indep_steer_drive/local_setup.sh
[26.780s] -- Installing: /home/robostep/nav2-sample/install/gazebo_ros_indep_steer_drive/share/gazebo_ros_indep_steer_drive/local_setup.zsh
[26.781s] -- Installing: /home/robostep/nav2-sample/install/gazebo_ros_indep_steer_drive/share/gazebo_ros_indep_steer_drive/local_setup.dsv
[26.781s] -- Installing: /home/robostep/nav2-sample/install/gazebo_ros_indep_steer_drive/share/gazebo_ros_indep_steer_drive/package.dsv
[26.781s] -- Installing: /home/robostep/nav2-sample/install/gazebo_ros_indep_steer_drive/share/ament_index/resource_index/packages/gazebo_ros_indep_steer_drive
[26.781s] -- Installing: /home/robostep/nav2-sample/install/gazebo_ros_indep_steer_drive/share/gazebo_ros_indep_steer_drive/cmake/gazebo_ros_indep_steer_driveConfig.cmake
[26.781s] -- Installing: /home/robostep/nav2-sample/install/gazebo_ros_indep_steer_drive/share/gazebo_ros_indep_steer_drive/cmake/gazebo_ros_indep_steer_driveConfig-version.cmake
[26.781s] -- Installing: /home/robostep/nav2-sample/install/gazebo_ros_indep_steer_drive/share/gazebo_ros_indep_steer_drive/package.xml
[26.784s] Invoked command in '/home/robostep/nav2-sample/build/gazebo_ros_indep_steer_drive' returned '0': CMAKE_PREFIX_PATH=/opt/ros/iron /usr/bin/cmake --install /home/robostep/nav2-sample/build/gazebo_ros_indep_steer_drive
