[0.028s] Invoking command in '/home/robostep/nav2-sample/build/gazebo_ros_wheel_odometry': CMAKE_PREFIX_PATH=/opt/ros/iron /usr/bin/cmake /home/robostep/nav2-sample/src/OpenBase/gazebo_ros_wheel_odometry -DCMAKE_INSTALL_PREFIX=/home/robostep/nav2-sample/install/gazebo_ros_wheel_odometry
[0.124s] -- The C compiler identification is GNU 11.4.0
[0.219s] -- The CXX compiler identification is GNU 11.4.0
[0.230s] -- Detecting C compiler ABI info
[0.330s] -- Detecting C compiler ABI info - done
[0.346s] -- Check for working C compiler: /usr/bin/cc - skipped
[0.347s] -- Detecting C compile features
[0.347s] -- Detecting C compile features - done
[0.352s] -- Detecting CXX compiler ABI info
[0.468s] -- Detecting CXX compiler ABI info - done
[0.485s] -- Check for working CXX compiler: /usr/bin/c++ - skipped
[0.486s] -- Detecting CXX compile features
[0.486s] -- Detecting CXX compile features - done
[0.490s] -- Found ament_cmake: 2.0.5 (/opt/ros/iron/share/ament_cmake/cmake)
[0.749s] -- Found Python3: /usr/bin/python3.10 (found version "3.10.12") found components: Interpreter 
[0.886s] [33mCMake Warning (dev) at /usr/share/cmake-3.22/Modules/FindPackageHandleStandardArgs.cmake:438 (message):
[0.886s]   The package name passed to `find_package_handle_standard_args` (PkgConfig)
[0.886s]   does not match the name of the calling package (gazebo).  This can lead to
[0.886s]   problems in calling code that expects `find_package` result variables
[0.886s]   (e.g., `_FOUND`) to follow a certain pattern.
[0.886s] Call Stack (most recent call first):
[0.886s]   /usr/share/cmake-3.22/Modules/FindPkgConfig.cmake:99 (find_package_handle_standard_args)
[0.887s]   /usr/lib/x86_64-linux-gnu/cmake/gazebo/gazebo-config.cmake:72 (include)
[0.887s]   CMakeLists.txt:6 (find_package)
[0.887s] This warning is for project developers.  Use -Wno-dev to suppress it.
[0.887s] [0m
[0.887s] -- Found PkgConfig: /usr/bin/pkg-config (found version "0.29.2") 
[0.892s] -- Checking for module 'bullet>=2.82'
[0.907s] --   Found bullet, version 3.05
[1.041s] -- Found fcl: /usr/include (found suitable version "0.7.0", minimum required is "0.5.0") 
[1.163s] -- Found assimp: /usr/include (found version "5.2.0") 
[1.204s] -- Found DART: /usr/include (Required is at least version "6.6") found components: dart 
[1.578s] -- Found Boost: /usr/lib/x86_64-linux-gnu/cmake/Boost-1.74.0/BoostConfig.cmake (found suitable version "1.74.0", minimum required is "1.40.0") found components: thread system filesystem program_options regex iostreams date_time 
[1.592s] -- Found Protobuf: /usr/lib/x86_64-linux-gnu/libprotobuf.so (found version "3.12.4") 
[1.599s] -- Looking for ignition-math6 -- found version 6.15.1
[1.609s] -- Searching for dependencies of ignition-math6
[1.611s] -- Looking for OGRE...
[1.612s] -- OGRE_PREFIX_WATCH changed.
[1.619s] -- Checking for module 'OGRE'
[1.645s] --   Found OGRE, version 1.9.0
[1.677s] -- Found Ogre Ghadamon (1.9.0)
[1.694s] -- Found OGRE: optimized;/usr/lib/x86_64-linux-gnu/libOgreMain.so;debug;/usr/lib/x86_64-linux-gnu/libOgreMain.so
[1.710s] -- Looking for OGRE_Paging...
[1.720s] -- Found OGRE_Paging: optimized;/usr/lib/x86_64-linux-gnu/libOgrePaging.so;debug;/usr/lib/x86_64-linux-gnu/libOgrePaging.so
[1.720s] -- Looking for OGRE_Terrain...
[1.731s] -- Found OGRE_Terrain: optimized;/usr/lib/x86_64-linux-gnu/libOgreTerrain.so;debug;/usr/lib/x86_64-linux-gnu/libOgreTerrain.so
[1.731s] -- Looking for OGRE_Property...
[1.740s] -- Found OGRE_Property: optimized;/usr/lib/x86_64-linux-gnu/libOgreProperty.so;debug;/usr/lib/x86_64-linux-gnu/libOgreProperty.so
[1.741s] -- Looking for OGRE_RTShaderSystem...
[1.749s] -- Found OGRE_RTShaderSystem: optimized;/usr/lib/x86_64-linux-gnu/libOgreRTShaderSystem.so;debug;/usr/lib/x86_64-linux-gnu/libOgreRTShaderSystem.so
[1.749s] -- Looking for OGRE_Volume...
[1.759s] -- Found OGRE_Volume: optimized;/usr/lib/x86_64-linux-gnu/libOgreVolume.so;debug;/usr/lib/x86_64-linux-gnu/libOgreVolume.so
[1.759s] -- Looking for OGRE_Overlay...
[1.768s] -- Found OGRE_Overlay: optimized;/usr/lib/x86_64-linux-gnu/libOgreOverlay.so;debug;/usr/lib/x86_64-linux-gnu/libOgreOverlay.so
[1.949s] -- Looking for ignition-math6 -- found version 6.15.1
[1.952s] -- Looking for ignition-transport8 -- found version 8.2.1
[1.952s] -- Searching for dependencies of ignition-transport8
[1.980s] -- Found Protobuf: /usr/lib/x86_64-linux-gnu/libprotobuf.so (found suitable version "3.12.4", minimum required is "3") 
[1.996s] -- Config-file not installed for ZeroMQ -- checking for pkg-config
[2.003s] -- Checking for module 'libzmq >= 4'
[2.018s] --   Found libzmq , version 4.3.4
[2.062s] -- Found ZeroMQ: TRUE (Required is at least version "4") 
[2.070s] -- Checking for module 'uuid'
[2.084s] --   Found uuid, version 2.37.2
[2.122s] -- Found UUID: TRUE  
[2.125s] -- Looking for ignition-msgs5 -- found version 5.8.1
[2.126s] -- Searching for dependencies of ignition-msgs5
[2.154s] -- Looking for ignition-math6 -- found version 6.15.1
[2.161s] -- Checking for module 'tinyxml2'
[2.176s] --   Found tinyxml2, version 9.0.0
[2.213s] -- Looking for ignition-msgs5 -- found version 5.8.1
[2.216s] -- Looking for ignition-common3 -- found version 3.14.0
[2.217s] -- Searching for dependencies of ignition-common3
[2.217s] -- Looking for dlfcn.h - found
[2.218s] -- Looking for libdl - found
[2.220s] -- Found DL: TRUE  
[2.235s] -- Found tinyobjloader: /usr/lib/x86_64-linux-gnu/cmake/tinyobjloader/tinyobjloader-config.cmake (found version "2.0.0") 
[2.236s] -- Searching for <ignition-common3> component [graphics]
[2.239s] -- Looking for ignition-common3-graphics -- found version 3.14.0
[2.240s] -- Searching for dependencies of ignition-common3-graphics
[2.241s] -- Looking for ignition-math6 -- found version 6.15.1
[2.245s] -- Looking for ignition-fuel_tools4 -- found version 4.4.0
[2.245s] -- Searching for dependencies of ignition-fuel_tools4
[2.342s] -- Found CURL: /usr/lib/x86_64-linux-gnu/libcurl.so (found version "7.81.0")  
[2.354s] -- Checking for module 'jsoncpp'
[2.370s] --   Found jsoncpp, version 1.9.5
[2.410s] -- Found JSONCPP: TRUE  
[2.419s] -- Checking for module 'libzip'
[2.434s] --   Found libzip, version 1.7.3
[2.472s] -- Found ZIP: TRUE  
[2.472s] -- Looking for ignition-common3 -- found version 3.14.0
[2.473s] -- Looking for ignition-math6 -- found version 6.15.1
[2.474s] -- Looking for ignition-msgs5 -- found version 5.8.1
[2.481s] -- Found rclcpp: 21.0.6 (/opt/ros/iron/share/rclcpp/cmake)
[2.537s] -- Found rosidl_generator_c: 4.0.1 (/opt/ros/iron/share/rosidl_generator_c/cmake)
[2.557s] -- Found rosidl_generator_cpp: 4.0.1 (/opt/ros/iron/share/rosidl_generator_cpp/cmake)
[2.585s] -- Using all available rosidl_typesupport_c: rosidl_typesupport_fastrtps_c;rosidl_typesupport_introspection_c
[2.619s] -- Using all available rosidl_typesupport_cpp: rosidl_typesupport_fastrtps_cpp;rosidl_typesupport_introspection_cpp
[2.910s] -- Found rmw_implementation_cmake: 7.1.0 (/opt/ros/iron/share/rmw_implementation_cmake/cmake)
[2.913s] -- Found rmw_fastrtps_cpp: 7.1.3 (/opt/ros/iron/share/rmw_fastrtps_cpp/cmake)
[3.045s] -- Found OpenSSL: /usr/lib/x86_64-linux-gnu/libcrypto.so (found version "3.0.2")  
[3.083s] -- Found FastRTPS: /opt/ros/iron/include  
[3.156s] -- Using RMW implementation 'rmw_fastrtps_cpp' as default
[3.499s] -- Found gazebo_ros: 3.7.0 (/opt/ros/iron/share/gazebo_ros/cmake)
[3.513s] -- Gazebo version: 11.10
[3.513s] -- Checking for module 'tbb'
[3.532s] --   Found tbb, version 2021.5.0
[3.611s] -- Found nav_msgs: 5.0.0 (/opt/ros/iron/share/nav_msgs/cmake)
[4.077s] -- Found tf2: 0.31.6 (/opt/ros/iron/share/tf2/cmake)
[4.103s] -- Found tf2_geometry_msgs: 0.31.6 (/opt/ros/iron/share/tf2_geometry_msgs/cmake)
[4.119s] -- Found eigen3_cmake_module: 0.2.2 (/opt/ros/iron/share/eigen3_cmake_module/cmake)
[4.121s] -- Found Eigen3: TRUE (found version "3.4.0") 
[4.122s] -- Ensuring Eigen3 include directory is part of orocos-kdl CMake target
[4.842s] -- Configuring done
[4.871s] -- Generating done
[4.873s] -- Build files have been written to: /home/robostep/nav2-sample/build/gazebo_ros_wheel_odometry
[4.889s] Invoked command in '/home/robostep/nav2-sample/build/gazebo_ros_wheel_odometry' returned '0': CMAKE_PREFIX_PATH=/opt/ros/iron /usr/bin/cmake /home/robostep/nav2-sample/src/OpenBase/gazebo_ros_wheel_odometry -DCMAKE_INSTALL_PREFIX=/home/robostep/nav2-sample/install/gazebo_ros_wheel_odometry
[4.890s] Invoking command in '/home/robostep/nav2-sample/build/gazebo_ros_wheel_odometry': CMAKE_PREFIX_PATH=/opt/ros/iron /usr/bin/cmake --build /home/robostep/nav2-sample/build/gazebo_ros_wheel_odometry -- -j8 -l8
[4.943s] [ 50%] [32mBuilding CXX object CMakeFiles/gazebo_ros_wheel_odometry.dir/src/gazebo_ros_wheel_odometry.cc.o[0m
[26.923s] [100%] [32m[1mLinking CXX shared library libgazebo_ros_wheel_odometry.so[0m
[27.450s] [100%] Built target gazebo_ros_wheel_odometry
[27.461s] Invoked command in '/home/robostep/nav2-sample/build/gazebo_ros_wheel_odometry' returned '0': CMAKE_PREFIX_PATH=/opt/ros/iron /usr/bin/cmake --build /home/robostep/nav2-sample/build/gazebo_ros_wheel_odometry -- -j8 -l8
[27.490s] Invoking command in '/home/robostep/nav2-sample/build/gazebo_ros_wheel_odometry': CMAKE_PREFIX_PATH=/opt/ros/iron /usr/bin/cmake --install /home/robostep/nav2-sample/build/gazebo_ros_wheel_odometry
[27.497s] -- Install configuration: ""
[27.497s] -- Installing: /home/robostep/nav2-sample/install/gazebo_ros_wheel_odometry/lib/gazebo_ros_wheel_odometry/libgazebo_ros_wheel_odometry.so
[27.501s] -- Set runtime path of "/home/robostep/nav2-sample/install/gazebo_ros_wheel_odometry/lib/gazebo_ros_wheel_odometry/libgazebo_ros_wheel_odometry.so" to ""
[27.501s] -- Installing: /home/robostep/nav2-sample/install/gazebo_ros_wheel_odometry/share/gazebo_ros_wheel_odometry/environment/gazebo_ros_wheel_odometry.dsv
[27.501s] -- Installing: /home/robostep/nav2-sample/install/gazebo_ros_wheel_odometry/share/ament_index/resource_index/package_run_dependencies/gazebo_ros_wheel_odometry
[27.502s] -- Installing: /home/robostep/nav2-sample/install/gazebo_ros_wheel_odometry/share/ament_index/resource_index/parent_prefix_path/gazebo_ros_wheel_odometry
[27.502s] -- Installing: /home/robostep/nav2-sample/install/gazebo_ros_wheel_odometry/share/gazebo_ros_wheel_odometry/environment/ament_prefix_path.sh
[27.502s] -- Installing: /home/robostep/nav2-sample/install/gazebo_ros_wheel_odometry/share/gazebo_ros_wheel_odometry/environment/ament_prefix_path.dsv
[27.502s] -- Installing: /home/robostep/nav2-sample/install/gazebo_ros_wheel_odometry/share/gazebo_ros_wheel_odometry/environment/path.sh
[27.503s] -- Installing: /home/robostep/nav2-sample/install/gazebo_ros_wheel_odometry/share/gazebo_ros_wheel_odometry/environment/path.dsv
[27.503s] -- Installing: /home/robostep/nav2-sample/install/gazebo_ros_wheel_odometry/share/gazebo_ros_wheel_odometry/local_setup.bash
[27.503s] -- Installing: /home/robostep/nav2-sample/install/gazebo_ros_wheel_odometry/share/gazebo_ros_wheel_odometry/local_setup.sh
[27.503s] -- Installing: /home/robostep/nav2-sample/install/gazebo_ros_wheel_odometry/share/gazebo_ros_wheel_odometry/local_setup.zsh
[27.503s] -- Installing: /home/robostep/nav2-sample/install/gazebo_ros_wheel_odometry/share/gazebo_ros_wheel_odometry/local_setup.dsv
[27.504s] -- Installing: /home/robostep/nav2-sample/install/gazebo_ros_wheel_odometry/share/gazebo_ros_wheel_odometry/package.dsv
[27.504s] -- Installing: /home/robostep/nav2-sample/install/gazebo_ros_wheel_odometry/share/ament_index/resource_index/packages/gazebo_ros_wheel_odometry
[27.504s] -- Installing: /home/robostep/nav2-sample/install/gazebo_ros_wheel_odometry/share/gazebo_ros_wheel_odometry/cmake/gazebo_ros_wheel_odometryConfig.cmake
[27.504s] -- Installing: /home/robostep/nav2-sample/install/gazebo_ros_wheel_odometry/share/gazebo_ros_wheel_odometry/cmake/gazebo_ros_wheel_odometryConfig-version.cmake
[27.505s] -- Installing: /home/robostep/nav2-sample/install/gazebo_ros_wheel_odometry/share/gazebo_ros_wheel_odometry/package.xml
[27.507s] Invoked command in '/home/robostep/nav2-sample/build/gazebo_ros_wheel_odometry' returned '0': CMAKE_PREFIX_PATH=/opt/ros/iron /usr/bin/cmake --install /home/robostep/nav2-sample/build/gazebo_ros_wheel_odometry
