[0.028s] Invoking command in '/home/robostep/nav2-sample/build/gazebo_ros_omni_drive': CMAKE_PREFIX_PATH=/opt/ros/iron /usr/bin/cmake /home/robostep/nav2-sample/src/OpenBase/gazebo_ros_omni_drive -DCMAKE_INSTALL_PREFIX=/home/robostep/nav2-sample/install/gazebo_ros_omni_drive
[0.136s] -- The C compiler identification is GNU 11.4.0
[0.239s] -- The CXX compiler identification is GNU 11.4.0
[0.249s] -- Detecting C compiler ABI info
[0.347s] -- Detecting C compiler ABI info - done
[0.362s] -- Check for working C compiler: /usr/bin/cc - skipped
[0.362s] -- Detecting C compile features
[0.362s] -- Detecting C compile features - done
[0.367s] -- Detecting CXX compiler ABI info
[0.481s] -- Detecting CXX compiler ABI info - done
[0.496s] -- Check for working CXX compiler: /usr/bin/c++ - skipped
[0.496s] -- Detecting CXX compile features
[0.497s] -- Detecting CXX compile features - done
[0.501s] -- Found ament_cmake: 2.0.5 (/opt/ros/iron/share/ament_cmake/cmake)
[0.728s] -- Found Python3: /usr/bin/python3.10 (found version "3.10.12") found components: Interpreter 
[0.849s] [33mCMake Warning (dev) at /usr/share/cmake-3.22/Modules/FindPackageHandleStandardArgs.cmake:438 (message):
[0.849s]   The package name passed to `find_package_handle_standard_args` (PkgConfig)
[0.849s]   does not match the name of the calling package (gazebo).  This can lead to
[0.849s]   problems in calling code that expects `find_package` result variables
[0.849s]   (e.g., `_FOUND`) to follow a certain pattern.
[0.849s] Call Stack (most recent call first):
[0.849s]   /usr/share/cmake-3.22/Modules/FindPkgConfig.cmake:99 (find_package_handle_standard_args)
[0.849s]   /usr/lib/x86_64-linux-gnu/cmake/gazebo/gazebo-config.cmake:72 (include)
[0.850s]   CMakeLists.txt:6 (find_package)
[0.850s] This warning is for project developers.  Use -Wno-dev to suppress it.
[0.850s] [0m
[0.850s] -- Found PkgConfig: /usr/bin/pkg-config (found version "0.29.2") 
[0.856s] -- Checking for module 'bullet>=2.82'
[0.874s] --   Found bullet, version 3.05
[1.010s] -- Found fcl: /usr/include (found suitable version "0.7.0", minimum required is "0.5.0") 
[1.101s] -- Found assimp: /usr/include (found version "5.2.0") 
[1.152s] -- Found DART: /usr/include (Required is at least version "6.6") found components: dart 
[1.544s] -- Found Boost: /usr/lib/x86_64-linux-gnu/cmake/Boost-1.74.0/BoostConfig.cmake (found suitable version "1.74.0", minimum required is "1.40.0") found components: thread system filesystem program_options regex iostreams date_time 
[1.582s] -- Found Protobuf: /usr/lib/x86_64-linux-gnu/libprotobuf.so (found version "3.12.4") 
[1.584s] -- Looking for ignition-math6 -- found version 6.15.1
[1.596s] -- Searching for dependencies of ignition-math6
[1.599s] -- Looking for OGRE...
[1.599s] -- OGRE_PREFIX_WATCH changed.
[1.607s] -- Checking for module 'OGRE'
[1.630s] --   Found OGRE, version 1.9.0
[1.667s] -- Found Ogre Ghadamon (1.9.0)
[1.686s] -- Found OGRE: optimized;/usr/lib/x86_64-linux-gnu/libOgreMain.so;debug;/usr/lib/x86_64-linux-gnu/libOgreMain.so
[1.701s] -- Looking for OGRE_Paging...
[1.712s] -- Found OGRE_Paging: optimized;/usr/lib/x86_64-linux-gnu/libOgrePaging.so;debug;/usr/lib/x86_64-linux-gnu/libOgrePaging.so
[1.712s] -- Looking for OGRE_Terrain...
[1.725s] -- Found OGRE_Terrain: optimized;/usr/lib/x86_64-linux-gnu/libOgreTerrain.so;debug;/usr/lib/x86_64-linux-gnu/libOgreTerrain.so
[1.725s] -- Looking for OGRE_Property...
[1.730s] -- Found OGRE_Property: optimized;/usr/lib/x86_64-linux-gnu/libOgreProperty.so;debug;/usr/lib/x86_64-linux-gnu/libOgreProperty.so
[1.730s] -- Looking for OGRE_RTShaderSystem...
[1.736s] -- Found OGRE_RTShaderSystem: optimized;/usr/lib/x86_64-linux-gnu/libOgreRTShaderSystem.so;debug;/usr/lib/x86_64-linux-gnu/libOgreRTShaderSystem.so
[1.736s] -- Looking for OGRE_Volume...
[1.741s] -- Found OGRE_Volume: optimized;/usr/lib/x86_64-linux-gnu/libOgreVolume.so;debug;/usr/lib/x86_64-linux-gnu/libOgreVolume.so
[1.741s] -- Looking for OGRE_Overlay...
[1.746s] -- Found OGRE_Overlay: optimized;/usr/lib/x86_64-linux-gnu/libOgreOverlay.so;debug;/usr/lib/x86_64-linux-gnu/libOgreOverlay.so
[1.870s] -- Looking for ignition-math6 -- found version 6.15.1
[1.873s] -- Looking for ignition-transport8 -- found version 8.2.1
[1.874s] -- Searching for dependencies of ignition-transport8
[1.899s] -- Found Protobuf: /usr/lib/x86_64-linux-gnu/libprotobuf.so (found suitable version "3.12.4", minimum required is "3") 
[1.916s] -- Config-file not installed for ZeroMQ -- checking for pkg-config
[1.922s] -- Checking for module 'libzmq >= 4'
[1.941s] --   Found libzmq , version 4.3.4
[1.984s] -- Found ZeroMQ: TRUE (Required is at least version "4") 
[1.991s] -- Checking for module 'uuid'
[2.005s] --   Found uuid, version 2.37.2
[2.045s] -- Found UUID: TRUE  
[2.048s] -- Looking for ignition-msgs5 -- found version 5.8.1
[2.049s] -- Searching for dependencies of ignition-msgs5
[2.076s] -- Looking for ignition-math6 -- found version 6.15.1
[2.082s] -- Checking for module 'tinyxml2'
[2.098s] --   Found tinyxml2, version 9.0.0
[2.139s] -- Looking for ignition-msgs5 -- found version 5.8.1
[2.142s] -- Looking for ignition-common3 -- found version 3.14.0
[2.143s] -- Searching for dependencies of ignition-common3
[2.143s] -- Looking for dlfcn.h - found
[2.145s] -- Looking for libdl - found
[2.147s] -- Found DL: TRUE  
[2.162s] -- Found tinyobjloader: /usr/lib/x86_64-linux-gnu/cmake/tinyobjloader/tinyobjloader-config.cmake (found version "2.0.0") 
[2.162s] -- Searching for <ignition-common3> component [graphics]
[2.166s] -- Looking for ignition-common3-graphics -- found version 3.14.0
[2.166s] -- Searching for dependencies of ignition-common3-graphics
[2.167s] -- Looking for ignition-math6 -- found version 6.15.1
[2.171s] -- Looking for ignition-fuel_tools4 -- found version 4.4.0
[2.172s] -- Searching for dependencies of ignition-fuel_tools4
[2.264s] -- Found CURL: /usr/lib/x86_64-linux-gnu/libcurl.so (found version "7.81.0")  
[2.273s] -- Checking for module 'jsoncpp'
[2.286s] --   Found jsoncpp, version 1.9.5
[2.328s] -- Found JSONCPP: TRUE  
[2.335s] -- Checking for module 'libzip'
[2.348s] --   Found libzip, version 1.7.3
[2.386s] -- Found ZIP: TRUE  
[2.386s] -- Looking for ignition-common3 -- found version 3.14.0
[2.387s] -- Looking for ignition-math6 -- found version 6.15.1
[2.388s] -- Looking for ignition-msgs5 -- found version 5.8.1
[2.395s] -- Found rclcpp: 21.0.6 (/opt/ros/iron/share/rclcpp/cmake)
[2.454s] -- Found rosidl_generator_c: 4.0.1 (/opt/ros/iron/share/rosidl_generator_c/cmake)
[2.475s] -- Found rosidl_generator_cpp: 4.0.1 (/opt/ros/iron/share/rosidl_generator_cpp/cmake)
[2.503s] -- Using all available rosidl_typesupport_c: rosidl_typesupport_fastrtps_c;rosidl_typesupport_introspection_c
[2.538s] -- Using all available rosidl_typesupport_cpp: rosidl_typesupport_fastrtps_cpp;rosidl_typesupport_introspection_cpp
[2.742s] -- Found rmw_implementation_cmake: 7.1.0 (/opt/ros/iron/share/rmw_implementation_cmake/cmake)
[2.744s] -- Found rmw_fastrtps_cpp: 7.1.3 (/opt/ros/iron/share/rmw_fastrtps_cpp/cmake)
[2.855s] -- Found OpenSSL: /usr/lib/x86_64-linux-gnu/libcrypto.so (found version "3.0.2")  
[2.880s] -- Found FastRTPS: /opt/ros/iron/include  
[2.929s] -- Using RMW implementation 'rmw_fastrtps_cpp' as default
[3.204s] -- Found geometry_msgs: 5.0.0 (/opt/ros/iron/share/geometry_msgs/cmake)
[3.389s] -- Found gazebo_ros: 3.7.0 (/opt/ros/iron/share/gazebo_ros/cmake)
[3.399s] -- Gazebo version: 11.10
[3.400s] -- Checking for module 'tbb'
[3.451s] --   Found tbb, version 2021.5.0
[3.649s] -- Configuring done
[3.690s] -- Generating done
[3.695s] -- Build files have been written to: /home/robostep/nav2-sample/build/gazebo_ros_omni_drive
[3.715s] Invoked command in '/home/robostep/nav2-sample/build/gazebo_ros_omni_drive' returned '0': CMAKE_PREFIX_PATH=/opt/ros/iron /usr/bin/cmake /home/robostep/nav2-sample/src/OpenBase/gazebo_ros_omni_drive -DCMAKE_INSTALL_PREFIX=/home/robostep/nav2-sample/install/gazebo_ros_omni_drive
[3.718s] Invoking command in '/home/robostep/nav2-sample/build/gazebo_ros_omni_drive': CMAKE_PREFIX_PATH=/opt/ros/iron /usr/bin/cmake --build /home/robostep/nav2-sample/build/gazebo_ros_omni_drive -- -j8 -l8
[3.799s] [ 50%] [32mBuilding CXX object CMakeFiles/gazebo_ros_omni_drive.dir/src/gazebo_ros_omni_drive.cc.o[0m
[26.475s] [100%] [32m[1mLinking CXX shared library libgazebo_ros_omni_drive.so[0m
[27.179s] [100%] Built target gazebo_ros_omni_drive
[27.190s] Invoked command in '/home/robostep/nav2-sample/build/gazebo_ros_omni_drive' returned '0': CMAKE_PREFIX_PATH=/opt/ros/iron /usr/bin/cmake --build /home/robostep/nav2-sample/build/gazebo_ros_omni_drive -- -j8 -l8
[27.220s] Invoking command in '/home/robostep/nav2-sample/build/gazebo_ros_omni_drive': CMAKE_PREFIX_PATH=/opt/ros/iron /usr/bin/cmake --install /home/robostep/nav2-sample/build/gazebo_ros_omni_drive
[27.228s] -- Install configuration: ""
[27.228s] -- Installing: /home/robostep/nav2-sample/install/gazebo_ros_omni_drive/lib/gazebo_ros_omni_drive/libgazebo_ros_omni_drive.so
[27.235s] -- Set runtime path of "/home/robostep/nav2-sample/install/gazebo_ros_omni_drive/lib/gazebo_ros_omni_drive/libgazebo_ros_omni_drive.so" to ""
[27.235s] -- Installing: /home/robostep/nav2-sample/install/gazebo_ros_omni_drive/share/gazebo_ros_omni_drive/environment/gazebo_ros_omni_drive.dsv
[27.235s] -- Installing: /home/robostep/nav2-sample/install/gazebo_ros_omni_drive/share/ament_index/resource_index/package_run_dependencies/gazebo_ros_omni_drive
[27.236s] -- Installing: /home/robostep/nav2-sample/install/gazebo_ros_omni_drive/share/ament_index/resource_index/parent_prefix_path/gazebo_ros_omni_drive
[27.236s] -- Installing: /home/robostep/nav2-sample/install/gazebo_ros_omni_drive/share/gazebo_ros_omni_drive/environment/ament_prefix_path.sh
[27.236s] -- Installing: /home/robostep/nav2-sample/install/gazebo_ros_omni_drive/share/gazebo_ros_omni_drive/environment/ament_prefix_path.dsv
[27.236s] -- Installing: /home/robostep/nav2-sample/install/gazebo_ros_omni_drive/share/gazebo_ros_omni_drive/environment/path.sh
[27.236s] -- Installing: /home/robostep/nav2-sample/install/gazebo_ros_omni_drive/share/gazebo_ros_omni_drive/environment/path.dsv
[27.236s] -- Installing: /home/robostep/nav2-sample/install/gazebo_ros_omni_drive/share/gazebo_ros_omni_drive/local_setup.bash
[27.236s] -- Installing: /home/robostep/nav2-sample/install/gazebo_ros_omni_drive/share/gazebo_ros_omni_drive/local_setup.sh
[27.237s] -- Installing: /home/robostep/nav2-sample/install/gazebo_ros_omni_drive/share/gazebo_ros_omni_drive/local_setup.zsh
[27.237s] -- Installing: /home/robostep/nav2-sample/install/gazebo_ros_omni_drive/share/gazebo_ros_omni_drive/local_setup.dsv
[27.237s] -- Installing: /home/robostep/nav2-sample/install/gazebo_ros_omni_drive/share/gazebo_ros_omni_drive/package.dsv
[27.237s] -- Installing: /home/robostep/nav2-sample/install/gazebo_ros_omni_drive/share/ament_index/resource_index/packages/gazebo_ros_omni_drive
[27.237s] -- Installing: /home/robostep/nav2-sample/install/gazebo_ros_omni_drive/share/gazebo_ros_omni_drive/cmake/gazebo_ros_omni_driveConfig.cmake
[27.237s] -- Installing: /home/robostep/nav2-sample/install/gazebo_ros_omni_drive/share/gazebo_ros_omni_drive/cmake/gazebo_ros_omni_driveConfig-version.cmake
[27.237s] -- Installing: /home/robostep/nav2-sample/install/gazebo_ros_omni_drive/share/gazebo_ros_omni_drive/package.xml
[27.240s] Invoked command in '/home/robostep/nav2-sample/build/gazebo_ros_omni_drive' returned '0': CMAKE_PREFIX_PATH=/opt/ros/iron /usr/bin/cmake --install /home/robostep/nav2-sample/build/gazebo_ros_omni_drive
