[0.030s] Invoking command in '/home/tm/nav2-sample/build/openbase_gazebo_models': CMAKE_PREFIX_PATH=/opt/ros/iron /usr/bin/cmake /home/tm/nav2-sample/src/OpenBase/openbase_gazebo_models -DCMAKE_INSTALL_PREFIX=/home/tm/nav2-sample/install/openbase_gazebo_models
[0.132s] -- The C compiler identification is GNU 11.4.0
[0.272s] -- The CXX compiler identification is GNU 11.4.0
[0.288s] -- Detecting C compiler ABI info
[0.429s] -- Detecting C compiler ABI info - done
[0.449s] -- Check for working C compiler: /usr/bin/cc - skipped
[0.449s] -- Detecting C compile features
[0.449s] -- Detecting C compile features - done
[0.455s] -- Detecting CXX compiler ABI info
[0.634s] -- Detecting CXX compiler ABI info - done
[0.667s] -- Check for working CXX compiler: /usr/bin/c++ - skipped
[0.667s] -- Detecting CXX compile features
[0.668s] -- Detecting CXX compile features - done
[0.678s] -- Found ament_cmake: 2.0.6 (/opt/ros/iron/share/ament_cmake/cmake)
[1.128s] -- Found Python3: /usr/bin/python3.10 (found version "3.10.12") found components: Interpreter 
[1.303s] -- Found xacro: 2.0.9 (/opt/ros/iron/share/xacro/cmake)
[1.450s] -- Configuring done
[1.466s] -- Generating done
[1.476s] -- Build files have been written to: /home/tm/nav2-sample/build/openbase_gazebo_models
[1.483s] Invoked command in '/home/tm/nav2-sample/build/openbase_gazebo_models' returned '0': CMAKE_PREFIX_PATH=/opt/ros/iron /usr/bin/cmake /home/tm/nav2-sample/src/OpenBase/openbase_gazebo_models -DCMAKE_INSTALL_PREFIX=/home/tm/nav2-sample/install/openbase_gazebo_models
[1.485s] Invoking command in '/home/tm/nav2-sample/build/openbase_gazebo_models': CMAKE_PREFIX_PATH=/opt/ros/iron /usr/bin/cmake --build /home/tm/nav2-sample/build/openbase_gazebo_models -- -j8 -l8
[2.000s] [  9%] [34m[1mGenerating openbase_omni3.sdf[0m
[2.000s] [ 18%] [34m[1mGenerating simplified_omni3.sdf[0m
[2.000s] [ 27%] [34m[1mGenerating simple_omni_wheel.sdf[0m
[2.000s] [ 36%] [34m[1mGenerating damped_omni3.sdf[0m
[2.001s] [ 45%] [34m[1mGenerating unicycle_wheel.sdf[0m
[2.001s] [ 54%] [34m[1mGenerating omni_wheel.sdf[0m
[2.001s] [ 63%] [34m[1mGenerating nav_omni4.sdf[0m
[2.001s] [ 72%] [34m[1mGenerating damped_omni4.sdf[0m
[2.001s] [ 72%] Built target simple_omni_wheel
[2.001s] [ 72%] Built target openbase_omni3
[2.001s] [ 81%] [34m[1mGenerating indep_steer.sdf[0m
[2.001s] [ 81%] Built target damped_omni3
[2.002s] [ 90%] [34m[1mGenerating primitive_omni_wheel.sdf[0m
[2.002s] [ 90%] Built target nav_omni4
[2.002s] [ 90%] Built target damped_omni4
[2.066s] [100%] [34m[1mGenerating omni4.sdf[0m
[2.125s] [100%] Built target simplified_omni3
[2.127s] [100%] Built target unicycle_wheel
[2.243s] [100%] Built target indep_steer
[2.257s] [100%] Built target omni_wheel
[2.305s] [100%] Built target primitive_omni_wheel
[2.336s] [100%] Built target omni4
[2.402s] Invoked command in '/home/tm/nav2-sample/build/openbase_gazebo_models' returned '0': CMAKE_PREFIX_PATH=/opt/ros/iron /usr/bin/cmake --build /home/tm/nav2-sample/build/openbase_gazebo_models -- -j8 -l8
[2.428s] Invoking command in '/home/tm/nav2-sample/build/openbase_gazebo_models': CMAKE_PREFIX_PATH=/opt/ros/iron /usr/bin/cmake --install /home/tm/nav2-sample/build/openbase_gazebo_models
[2.438s] -- Install configuration: ""
[2.440s] -- Installing: /home/tm/nav2-sample/install/openbase_gazebo_models/share/openbase_gazebo_models/models/openbase_omni3/model.sdf
[2.440s] -- Installing: /home/tm/nav2-sample/install/openbase_gazebo_models/share/openbase_gazebo_models/models/omni_wheel/model.sdf
[2.440s] -- Installing: /home/tm/nav2-sample/install/openbase_gazebo_models/share/openbase_gazebo_models/models/simple_omni_wheel/model.sdf
[2.441s] -- Installing: /home/tm/nav2-sample/install/openbase_gazebo_models/share/openbase_gazebo_models/models/simplified_omni3/model.sdf
[2.441s] -- Installing: /home/tm/nav2-sample/install/openbase_gazebo_models/share/openbase_gazebo_models/models/damped_omni3/model.sdf
[2.441s] -- Installing: /home/tm/nav2-sample/install/openbase_gazebo_models/share/openbase_gazebo_models/models/damped_omni4/model.sdf
[2.441s] -- Installing: /home/tm/nav2-sample/install/openbase_gazebo_models/share/openbase_gazebo_models/models/nav_omni4/model.sdf
[2.442s] -- Installing: /home/tm/nav2-sample/install/openbase_gazebo_models/share/openbase_gazebo_models/models/unicycle_wheel/model.sdf
[2.442s] -- Installing: /home/tm/nav2-sample/install/openbase_gazebo_models/share/openbase_gazebo_models/models/indep_steer/model.sdf
[2.442s] -- Installing: /home/tm/nav2-sample/install/openbase_gazebo_models/share/openbase_gazebo_models/models/primitive_omni_wheel/model.sdf
[2.443s] -- Installing: /home/tm/nav2-sample/install/openbase_gazebo_models/share/openbase_gazebo_models/models/omni4/model.sdf
[2.443s] -- Up-to-date: /home/tm/nav2-sample/install/openbase_gazebo_models/share/openbase_gazebo_models/models
[2.443s] -- Up-to-date: /home/tm/nav2-sample/install/openbase_gazebo_models/share/openbase_gazebo_models/models/indep_steer
[2.444s] -- Installing: /home/tm/nav2-sample/install/openbase_gazebo_models/share/openbase_gazebo_models/models/indep_steer/model.config
[2.444s] -- Installing: /home/tm/nav2-sample/install/openbase_gazebo_models/share/openbase_gazebo_models/models/indep_steer/model.sdf.xacro
[2.445s] -- Up-to-date: /home/tm/nav2-sample/install/openbase_gazebo_models/share/openbase_gazebo_models/models/openbase_omni3
[2.445s] -- Installing: /home/tm/nav2-sample/install/openbase_gazebo_models/share/openbase_gazebo_models/models/openbase_omni3/body_reduced.stl
[2.445s] -- Installing: /home/tm/nav2-sample/install/openbase_gazebo_models/share/openbase_gazebo_models/models/openbase_omni3/model.config
[2.445s] -- Installing: /home/tm/nav2-sample/install/openbase_gazebo_models/share/openbase_gazebo_models/models/openbase_omni3/model.sdf.xacro
[2.446s] -- Installing: /home/tm/nav2-sample/install/openbase_gazebo_models/share/openbase_gazebo_models/models/openbase_omni3/body.stl
[2.446s] -- Up-to-date: /home/tm/nav2-sample/install/openbase_gazebo_models/share/openbase_gazebo_models/models/nav_omni4
[2.446s] -- Installing: /home/tm/nav2-sample/install/openbase_gazebo_models/share/openbase_gazebo_models/models/nav_omni4/model.config
[2.446s] -- Installing: /home/tm/nav2-sample/install/openbase_gazebo_models/share/openbase_gazebo_models/models/nav_omni4/model.sdf.xacro
[2.446s] -- Up-to-date: /home/tm/nav2-sample/install/openbase_gazebo_models/share/openbase_gazebo_models/models/unicycle_wheel
[2.446s] -- Installing: /home/tm/nav2-sample/install/openbase_gazebo_models/share/openbase_gazebo_models/models/unicycle_wheel/model.config
[2.446s] -- Installing: /home/tm/nav2-sample/install/openbase_gazebo_models/share/openbase_gazebo_models/models/unicycle_wheel/model.sdf.xacro
[2.447s] -- Installing: /home/tm/nav2-sample/install/openbase_gazebo_models/share/openbase_gazebo_models/models/primitive_omni_wheel_test
[2.447s] -- Installing: /home/tm/nav2-sample/install/openbase_gazebo_models/share/openbase_gazebo_models/models/primitive_omni_wheel_test/model.config
[2.447s] -- Installing: /home/tm/nav2-sample/install/openbase_gazebo_models/share/openbase_gazebo_models/models/primitive_omni_wheel_test/model.sdf
[2.447s] -- Up-to-date: /home/tm/nav2-sample/install/openbase_gazebo_models/share/openbase_gazebo_models/models/primitive_omni_wheel
[2.447s] -- Installing: /home/tm/nav2-sample/install/openbase_gazebo_models/share/openbase_gazebo_models/models/primitive_omni_wheel/model.config
[2.447s] -- Installing: /home/tm/nav2-sample/install/openbase_gazebo_models/share/openbase_gazebo_models/models/primitive_omni_wheel/model.sdf.xacro
[2.447s] -- Installing: /home/tm/nav2-sample/install/openbase_gazebo_models/share/openbase_gazebo_models/models/primitive_omni_wheel/parts.sdf.xacro
[2.449s] -- Up-to-date: /home/tm/nav2-sample/install/openbase_gazebo_models/share/openbase_gazebo_models/models/simple_omni_wheel
[2.450s] -- Installing: /home/tm/nav2-sample/install/openbase_gazebo_models/share/openbase_gazebo_models/models/simple_omni_wheel/model.config
[2.450s] -- Installing: /home/tm/nav2-sample/install/openbase_gazebo_models/share/openbase_gazebo_models/models/simple_omni_wheel/model.sdf.xacro
[2.451s] -- Installing: /home/tm/nav2-sample/install/openbase_gazebo_models/share/openbase_gazebo_models/models/simple_omni_wheel/parts.sdf.xacro
[2.451s] -- Up-to-date: /home/tm/nav2-sample/install/openbase_gazebo_models/share/openbase_gazebo_models/models/damped_omni4
[2.451s] -- Installing: /home/tm/nav2-sample/install/openbase_gazebo_models/share/openbase_gazebo_models/models/damped_omni4/model.config
[2.451s] -- Installing: /home/tm/nav2-sample/install/openbase_gazebo_models/share/openbase_gazebo_models/models/damped_omni4/model.sdf.xacro
[2.451s] -- Up-to-date: /home/tm/nav2-sample/install/openbase_gazebo_models/share/openbase_gazebo_models/models/simplified_omni3
[2.451s] -- Installing: /home/tm/nav2-sample/install/openbase_gazebo_models/share/openbase_gazebo_models/models/simplified_omni3/model.config
[2.451s] -- Installing: /home/tm/nav2-sample/install/openbase_gazebo_models/share/openbase_gazebo_models/models/simplified_omni3/model.sdf.xacro
[2.451s] -- Up-to-date: /home/tm/nav2-sample/install/openbase_gazebo_models/share/openbase_gazebo_models/models/damped_omni3
[2.451s] -- Installing: /home/tm/nav2-sample/install/openbase_gazebo_models/share/openbase_gazebo_models/models/damped_omni3/model.config
[2.452s] -- Installing: /home/tm/nav2-sample/install/openbase_gazebo_models/share/openbase_gazebo_models/models/damped_omni3/model.sdf.xacro
[2.452s] -- Up-to-date: /home/tm/nav2-sample/install/openbase_gazebo_models/share/openbase_gazebo_models/models/omni_wheel
[2.452s] -- Installing: /home/tm/nav2-sample/install/openbase_gazebo_models/share/openbase_gazebo_models/models/omni_wheel/model.config
[2.452s] -- Installing: /home/tm/nav2-sample/install/openbase_gazebo_models/share/openbase_gazebo_models/models/omni_wheel/model.sdf.xacro
[2.452s] -- Installing: /home/tm/nav2-sample/install/openbase_gazebo_models/share/openbase_gazebo_models/models/omni_wheel/rim.stl
[2.452s] -- Installing: /home/tm/nav2-sample/install/openbase_gazebo_models/share/openbase_gazebo_models/models/omni_wheel/roller.stl
[2.452s] -- Installing: /home/tm/nav2-sample/install/openbase_gazebo_models/share/openbase_gazebo_models/models/omni_wheel/rim_original.stl
[2.452s] -- Installing: /home/tm/nav2-sample/install/openbase_gazebo_models/share/openbase_gazebo_models/models/omni_wheel/roller_original.stl
[2.452s] -- Up-to-date: /home/tm/nav2-sample/install/openbase_gazebo_models/share/openbase_gazebo_models/models/omni4
[2.453s] -- Installing: /home/tm/nav2-sample/install/openbase_gazebo_models/share/openbase_gazebo_models/models/omni4/model.config
[2.453s] -- Installing: /home/tm/nav2-sample/install/openbase_gazebo_models/share/openbase_gazebo_models/models/omni4/model.sdf.xacro
[2.453s] -- Installing: /home/tm/nav2-sample/install/openbase_gazebo_models/share/openbase_gazebo_models/environment/openbase_gazebo_models.dsv
[2.453s] -- Installing: /home/tm/nav2-sample/install/openbase_gazebo_models/share/ament_index/resource_index/package_run_dependencies/openbase_gazebo_models
[2.453s] -- Installing: /home/tm/nav2-sample/install/openbase_gazebo_models/share/ament_index/resource_index/parent_prefix_path/openbase_gazebo_models
[2.453s] -- Installing: /home/tm/nav2-sample/install/openbase_gazebo_models/share/openbase_gazebo_models/environment/ament_prefix_path.sh
[2.453s] -- Installing: /home/tm/nav2-sample/install/openbase_gazebo_models/share/openbase_gazebo_models/environment/ament_prefix_path.dsv
[2.453s] -- Installing: /home/tm/nav2-sample/install/openbase_gazebo_models/share/openbase_gazebo_models/environment/path.sh
[2.453s] -- Installing: /home/tm/nav2-sample/install/openbase_gazebo_models/share/openbase_gazebo_models/environment/path.dsv
[2.454s] -- Installing: /home/tm/nav2-sample/install/openbase_gazebo_models/share/openbase_gazebo_models/local_setup.bash
[2.454s] -- Installing: /home/tm/nav2-sample/install/openbase_gazebo_models/share/openbase_gazebo_models/local_setup.sh
[2.454s] -- Installing: /home/tm/nav2-sample/install/openbase_gazebo_models/share/openbase_gazebo_models/local_setup.zsh
[2.454s] -- Installing: /home/tm/nav2-sample/install/openbase_gazebo_models/share/openbase_gazebo_models/local_setup.dsv
[2.454s] -- Installing: /home/tm/nav2-sample/install/openbase_gazebo_models/share/openbase_gazebo_models/package.dsv
[2.454s] -- Installing: /home/tm/nav2-sample/install/openbase_gazebo_models/share/ament_index/resource_index/packages/openbase_gazebo_models
[2.454s] -- Installing: /home/tm/nav2-sample/install/openbase_gazebo_models/share/openbase_gazebo_models/cmake/openbase_gazebo_modelsConfig.cmake
[2.454s] -- Installing: /home/tm/nav2-sample/install/openbase_gazebo_models/share/openbase_gazebo_models/cmake/openbase_gazebo_modelsConfig-version.cmake
[2.454s] -- Installing: /home/tm/nav2-sample/install/openbase_gazebo_models/share/openbase_gazebo_models/package.xml
[2.461s] Invoked command in '/home/tm/nav2-sample/build/openbase_gazebo_models' returned '0': CMAKE_PREFIX_PATH=/opt/ros/iron /usr/bin/cmake --install /home/tm/nav2-sample/build/openbase_gazebo_models
