[0.021s] Invoking command in '/home/tm/nav2-sample/build/dwb_more_critics': CMAKE_PREFIX_PATH=${CMAKE_PREFIX_PATH}:/opt/ros/iron /usr/bin/cmake --build /home/tm/nav2-sample/build/dwb_more_critics -- -j8 -l8
[0.100s] [35m[1mConsolidate compiler generated dependencies of target dwb_more_critics[0m
[0.139s] [100%] Built target dwb_more_critics
[0.159s] Invoked command in '/home/tm/nav2-sample/build/dwb_more_critics' returned '0': CMAKE_PREFIX_PATH=${CMAKE_PREFIX_PATH}:/opt/ros/iron /usr/bin/cmake --build /home/tm/nav2-sample/build/dwb_more_critics -- -j8 -l8
[0.223s] Invoking command in '/home/tm/nav2-sample/build/dwb_more_critics': CMAKE_PREFIX_PATH=${CMAKE_PREFIX_PATH}:/opt/ros/iron /usr/bin/cmake --install /home/tm/nav2-sample/build/dwb_more_critics
[0.236s] -- Install configuration: "Release"
[0.237s] -- Up-to-date: /home/tm/nav2-sample/install/dwb_more_critics/lib/libdwb_more_critics.so
[0.237s] -- Up-to-date: /home/tm/nav2-sample/install/dwb_more_critics/include/
[0.237s] -- Up-to-date: /home/tm/nav2-sample/install/dwb_more_critics/include//dwb_more_critics
[0.238s] -- Up-to-date: /home/tm/nav2-sample/install/dwb_more_critics/include//dwb_more_critics/line_iterator.hpp
[0.238s] -- Up-to-date: /home/tm/nav2-sample/install/dwb_more_critics/include//dwb_more_critics/alignment_util.hpp
[0.238s] -- Up-to-date: /home/tm/nav2-sample/install/dwb_more_critics/include//dwb_more_critics/rotate_to_goal_pose.hpp
[0.238s] -- Up-to-date: /home/tm/nav2-sample/install/dwb_more_critics/share/dwb_more_critics/default_critics.xml
[0.238s] -- Up-to-date: /home/tm/nav2-sample/install/dwb_more_critics/share/dwb_more_critics/environment/library_path.sh
[0.238s] -- Up-to-date: /home/tm/nav2-sample/install/dwb_more_critics/share/dwb_more_critics/environment/library_path.dsv
[0.238s] -- Up-to-date: /home/tm/nav2-sample/install/dwb_more_critics/share/dwb_more_critics/default_critics.xml
[0.239s] -- Up-to-date: /home/tm/nav2-sample/install/dwb_more_critics/share/ament_index/resource_index/package_run_dependencies/dwb_more_critics
[0.239s] -- Up-to-date: /home/tm/nav2-sample/install/dwb_more_critics/share/ament_index/resource_index/parent_prefix_path/dwb_more_critics
[0.239s] -- Up-to-date: /home/tm/nav2-sample/install/dwb_more_critics/share/dwb_more_critics/environment/ament_prefix_path.sh
[0.239s] -- Up-to-date: /home/tm/nav2-sample/install/dwb_more_critics/share/dwb_more_critics/environment/ament_prefix_path.dsv
[0.239s] -- Up-to-date: /home/tm/nav2-sample/install/dwb_more_critics/share/dwb_more_critics/environment/path.sh
[0.239s] -- Up-to-date: /home/tm/nav2-sample/install/dwb_more_critics/share/dwb_more_critics/environment/path.dsv
[0.239s] -- Up-to-date: /home/tm/nav2-sample/install/dwb_more_critics/share/dwb_more_critics/local_setup.bash
[0.239s] -- Up-to-date: /home/tm/nav2-sample/install/dwb_more_critics/share/dwb_more_critics/local_setup.sh
[0.240s] -- Up-to-date: /home/tm/nav2-sample/install/dwb_more_critics/share/dwb_more_critics/local_setup.zsh
[0.240s] -- Up-to-date: /home/tm/nav2-sample/install/dwb_more_critics/share/dwb_more_critics/local_setup.dsv
[0.240s] -- Installing: /home/tm/nav2-sample/install/dwb_more_critics/share/dwb_more_critics/package.dsv
[0.240s] -- Up-to-date: /home/tm/nav2-sample/install/dwb_more_critics/share/ament_index/resource_index/packages/dwb_more_critics
[0.240s] -- Up-to-date: /home/tm/nav2-sample/install/dwb_more_critics/share/ament_index/resource_index/dwb_core__pluginlib__plugin/dwb_more_critics
[0.240s] -- Up-to-date: /home/tm/nav2-sample/install/dwb_more_critics/share/dwb_more_critics/cmake/ament_cmake_export_include_directories-extras.cmake
[0.240s] -- Up-to-date: /home/tm/nav2-sample/install/dwb_more_critics/share/dwb_more_critics/cmake/ament_cmake_export_libraries-extras.cmake
[0.240s] -- Up-to-date: /home/tm/nav2-sample/install/dwb_more_critics/share/dwb_more_critics/cmake/ament_cmake_export_dependencies-extras.cmake
[0.241s] -- Up-to-date: /home/tm/nav2-sample/install/dwb_more_critics/share/dwb_more_critics/cmake/dwb_more_criticsConfig.cmake
[0.241s] -- Up-to-date: /home/tm/nav2-sample/install/dwb_more_critics/share/dwb_more_critics/cmake/dwb_more_criticsConfig-version.cmake
[0.241s] -- Up-to-date: /home/tm/nav2-sample/install/dwb_more_critics/share/dwb_more_critics/package.xml
[0.243s] Invoked command in '/home/tm/nav2-sample/build/dwb_more_critics' returned '0': CMAKE_PREFIX_PATH=${CMAKE_PREFIX_PATH}:/opt/ros/iron /usr/bin/cmake --install /home/tm/nav2-sample/build/dwb_more_critics
