-- Found ament_cmake: 2.0.5 (/opt/ros/iron/share/ament_cmake/cmake)
-- Override CMake install command with custom implementation using symlinks instead of copying resources
-- Found rclcpp: 21.0.6 (/opt/ros/iron/share/rclcpp/cmake)
-- Found rosidl_generator_c: 4.0.1 (/opt/ros/iron/share/rosidl_generator_c/cmake)
-- Found rosidl_generator_cpp: 4.0.1 (/opt/ros/iron/share/rosidl_generator_cpp/cmake)
-- Using all available rosidl_typesupport_c: rosidl_typesupport_fastrtps_c;rosidl_typesupport_introspection_c
-- Using all available rosidl_typesupport_cpp: rosidl_typesupport_fastrtps_cpp;rosidl_typesupport_introspection_cpp
-- Found rmw_implementation_cmake: 7.1.0 (/opt/ros/iron/share/rmw_implementation_cmake/cmake)
-- Found rmw_fastrtps_cpp: 7.1.3 (/opt/ros/iron/share/rmw_fastrtps_cpp/cmake)
-- Using RMW implementation 'rmw_fastrtps_cpp' as default
-- Found rclcpp_components: 21.0.6 (/opt/ros/iron/share/rclcpp_components/cmake)
-- Found rclcpp_lifecycle: 21.0.6 (/opt/ros/iron/share/rclcpp_lifecycle/cmake)
-- Found sensor_msgs: 5.0.0 (/opt/ros/iron/share/sensor_msgs/cmake)
-- Found diagnostic_updater: 4.1.0 (/opt/ros/iron/share/diagnostic_updater/cmake)
-- Found laser_proc: 1.0.2 (/opt/ros/iron/share/laser_proc/cmake)
-- Found ament_cmake_gtest: 2.0.5 (/opt/ros/iron/share/ament_cmake_gtest/cmake)
-- Found gtest sources under '/opt/ros/iron/src/gtest_vendor': C++ tests using 'Google Test' will be built
-- Configuring done
-- Generating done
-- Build files have been written to: /home/robostep/nav2-sample/build/urg_node2
[35m[1mConsolidate compiler generated dependencies of target gtest_main[0m
[35m[1mConsolidate compiler generated dependencies of target gtest[0m
[35m[1mConsolidate compiler generated dependencies of target urg_c[0m
[35m[1mConsolidate compiler generated dependencies of target urg_node2_node[0m
[ 20%] Built target gtest
[ 35%] Built target gtest_main
[ 65%] Built target urg_c
[ 70%] [32m[1mLinking CXX executable urg_node2_node[0m
[35m[1mConsolidate compiler generated dependencies of target urg_node2[0m
[35m[1mConsolidate compiler generated dependencies of target urg_node2_test[0m
[ 75%] [32m[1mLinking CXX shared library liburg_node2.so[0m
[ 90%] Built target urg_node2_test
[ 95%] Built target urg_node2_node
[100%] Built target urg_node2
-- Install configuration: ""
-- Execute custom install script
-- Symlinking: /home/robostep/nav2-sample/install/urg_node2/lib/urg_node2/urg_node2_node
-- Symlinking: /home/robostep/nav2-sample/install/urg_node2/lib/liburg_node2.so
-- Symlinking: /home/robostep/nav2-sample/install/urg_node2/lib/liburg_c.so
-- Symlinking: /home/robostep/nav2-sample/install/urg_node2/share/urg_node2/launch/urg_node2.launch.py
-- Symlinking: /home/robostep/nav2-sample/install/urg_node2/share/urg_node2/launch/urg_node2_2lidar.launch.py
-- Symlinking: /home/robostep/nav2-sample/install/urg_node2/share/urg_node2/launch/urg_node2_component.launch.py
-- Symlinking: /home/robostep/nav2-sample/install/urg_node2/share/urg_node2/config/params_ether.yaml
-- Symlinking: /home/robostep/nav2-sample/install/urg_node2/share/urg_node2/config/params_ether_2nd.yaml
-- Symlinking: /home/robostep/nav2-sample/install/urg_node2/share/urg_node2/config/params_serial.yaml
-- Symlinking: /home/robostep/nav2-sample/install/urg_node2/share/ament_index/resource_index/package_run_dependencies/urg_node2
-- Symlinking: /home/robostep/nav2-sample/install/urg_node2/share/ament_index/resource_index/parent_prefix_path/urg_node2
-- Symlinking: /home/robostep/nav2-sample/install/urg_node2/share/urg_node2/environment/ament_prefix_path.sh
-- Symlinking: /home/robostep/nav2-sample/install/urg_node2/share/urg_node2/environment/ament_prefix_path.dsv
-- Symlinking: /home/robostep/nav2-sample/install/urg_node2/share/urg_node2/environment/path.sh
-- Symlinking: /home/robostep/nav2-sample/install/urg_node2/share/urg_node2/environment/path.dsv
-- Symlinking: /home/robostep/nav2-sample/install/urg_node2/share/urg_node2/local_setup.bash
-- Symlinking: /home/robostep/nav2-sample/install/urg_node2/share/urg_node2/local_setup.sh
-- Symlinking: /home/robostep/nav2-sample/install/urg_node2/share/urg_node2/local_setup.zsh
-- Symlinking: /home/robostep/nav2-sample/install/urg_node2/share/urg_node2/local_setup.dsv
-- Symlinking: /home/robostep/nav2-sample/install/urg_node2/share/urg_node2/package.dsv
-- Symlinking: /home/robostep/nav2-sample/install/urg_node2/share/ament_index/resource_index/packages/urg_node2
-- Symlinking: /home/robostep/nav2-sample/install/urg_node2/share/ament_index/resource_index/rclcpp_components/urg_node2
-- Symlinking: /home/robostep/nav2-sample/install/urg_node2/share/urg_node2/cmake/urg_node2Config.cmake
-- Symlinking: /home/robostep/nav2-sample/install/urg_node2/share/urg_node2/cmake/urg_node2Config-version.cmake
-- Symlinking: /home/robostep/nav2-sample/install/urg_node2/share/urg_node2/package.xml
