[0.013s] Invoking command in '/home/robostep/nav2-sample/build/urg_node2': CMAKE_PREFIX_PATH=/opt/ros/iron /usr/bin/cmake /home/robostep/nav2-sample/src/urg_node2 -DAMENT_CMAKE_SYMLINK_INSTALL=1 -DCMAKE_INSTALL_PREFIX=/home/robostep/nav2-sample/install/urg_node2
[0.023s] -- Found ament_cmake: 2.0.5 (/opt/ros/iron/share/ament_cmake/cmake)
[0.151s] -- Override CMake install command with custom implementation using symlinks instead of copying resources
[0.158s] -- Found rclcpp: 21.0.6 (/opt/ros/iron/share/rclcpp/cmake)
[0.186s] -- Found rosidl_generator_c: 4.0.1 (/opt/ros/iron/share/rosidl_generator_c/cmake)
[0.194s] -- Found rosidl_generator_cpp: 4.0.1 (/opt/ros/iron/share/rosidl_generator_cpp/cmake)
[0.207s] -- Using all available rosidl_typesupport_c: rosidl_typesupport_fastrtps_c;rosidl_typesupport_introspection_c
[0.222s] -- Using all available rosidl_typesupport_cpp: rosidl_typesupport_fastrtps_cpp;rosidl_typesupport_introspection_cpp
[0.375s] -- Found rmw_implementation_cmake: 7.1.0 (/opt/ros/iron/share/rmw_implementation_cmake/cmake)
[0.376s] -- Found rmw_fastrtps_cpp: 7.1.3 (/opt/ros/iron/share/rmw_fastrtps_cpp/cmake)
[0.488s] -- Using RMW implementation 'rmw_fastrtps_cpp' as default
[0.654s] -- Found rclcpp_components: 21.0.6 (/opt/ros/iron/share/rclcpp_components/cmake)
[0.747s] -- Found rclcpp_lifecycle: 21.0.6 (/opt/ros/iron/share/rclcpp_lifecycle/cmake)
[0.850s] -- Found sensor_msgs: 5.0.0 (/opt/ros/iron/share/sensor_msgs/cmake)
[1.060s] -- Found diagnostic_updater: 4.1.0 (/opt/ros/iron/share/diagnostic_updater/cmake)
[1.151s] -- Found laser_proc: 1.0.2 (/opt/ros/iron/share/laser_proc/cmake)
[1.171s] -- Found ament_cmake_gtest: 2.0.5 (/opt/ros/iron/share/ament_cmake_gtest/cmake)
[1.172s] -- Found gtest sources under '/opt/ros/iron/src/gtest_vendor': C++ tests using 'Google Test' will be built
[1.245s] -- Configuring done
[1.274s] -- Generating done
[1.278s] -- Build files have been written to: /home/robostep/nav2-sample/build/urg_node2
[1.286s] Invoked command in '/home/robostep/nav2-sample/build/urg_node2' returned '0': CMAKE_PREFIX_PATH=/opt/ros/iron /usr/bin/cmake /home/robostep/nav2-sample/src/urg_node2 -DAMENT_CMAKE_SYMLINK_INSTALL=1 -DCMAKE_INSTALL_PREFIX=/home/robostep/nav2-sample/install/urg_node2
[1.288s] Invoking command in '/home/robostep/nav2-sample/build/urg_node2': CMAKE_PREFIX_PATH=/opt/ros/iron /usr/bin/cmake --build /home/robostep/nav2-sample/build/urg_node2 -- -j8 -l8
[1.326s] [35m[1mConsolidate compiler generated dependencies of target gtest_main[0m
[1.326s] [35m[1mConsolidate compiler generated dependencies of target gtest[0m
[1.326s] [35m[1mConsolidate compiler generated dependencies of target urg_c[0m
[1.327s] [35m[1mConsolidate compiler generated dependencies of target urg_node2_node[0m
[1.340s] [ 20%] Built target gtest
[1.340s] [ 35%] Built target gtest_main
[1.340s] [ 65%] Built target urg_c
[1.345s] [ 70%] [32m[1mLinking CXX executable urg_node2_node[0m
[1.351s] [35m[1mConsolidate compiler generated dependencies of target urg_node2[0m
[1.351s] [35m[1mConsolidate compiler generated dependencies of target urg_node2_test[0m
[1.371s] [ 75%] [32m[1mLinking CXX shared library liburg_node2.so[0m
[1.375s] [ 90%] Built target urg_node2_test
[1.489s] [ 95%] Built target urg_node2_node
[1.643s] [100%] Built target urg_node2
[1.654s] Invoked command in '/home/robostep/nav2-sample/build/urg_node2' returned '0': CMAKE_PREFIX_PATH=/opt/ros/iron /usr/bin/cmake --build /home/robostep/nav2-sample/build/urg_node2 -- -j8 -l8
[1.713s] Invoking command in '/home/robostep/nav2-sample/build/urg_node2': CMAKE_PREFIX_PATH=/opt/ros/iron /usr/bin/cmake --install /home/robostep/nav2-sample/build/urg_node2
[1.721s] -- Install configuration: ""
[1.721s] -- Execute custom install script
[1.722s] -- Symlinking: /home/robostep/nav2-sample/install/urg_node2/lib/urg_node2/urg_node2_node
[1.731s] -- Symlinking: /home/robostep/nav2-sample/install/urg_node2/lib/liburg_node2.so
[1.741s] -- Symlinking: /home/robostep/nav2-sample/install/urg_node2/lib/liburg_c.so
[1.751s] -- Symlinking: /home/robostep/nav2-sample/install/urg_node2/share/urg_node2/launch/urg_node2.launch.py
[1.760s] -- Symlinking: /home/robostep/nav2-sample/install/urg_node2/share/urg_node2/launch/urg_node2_2lidar.launch.py
[1.769s] -- Symlinking: /home/robostep/nav2-sample/install/urg_node2/share/urg_node2/launch/urg_node2_component.launch.py
[1.778s] -- Symlinking: /home/robostep/nav2-sample/install/urg_node2/share/urg_node2/config/params_ether.yaml
[1.788s] -- Symlinking: /home/robostep/nav2-sample/install/urg_node2/share/urg_node2/config/params_ether_2nd.yaml
[1.797s] -- Symlinking: /home/robostep/nav2-sample/install/urg_node2/share/urg_node2/config/params_serial.yaml
[1.806s] -- Symlinking: /home/robostep/nav2-sample/install/urg_node2/share/ament_index/resource_index/package_run_dependencies/urg_node2
[1.816s] -- Symlinking: /home/robostep/nav2-sample/install/urg_node2/share/ament_index/resource_index/parent_prefix_path/urg_node2
[1.825s] -- Symlinking: /home/robostep/nav2-sample/install/urg_node2/share/urg_node2/environment/ament_prefix_path.sh
[1.835s] -- Symlinking: /home/robostep/nav2-sample/install/urg_node2/share/urg_node2/environment/ament_prefix_path.dsv
[1.844s] -- Symlinking: /home/robostep/nav2-sample/install/urg_node2/share/urg_node2/environment/path.sh
[1.852s] -- Symlinking: /home/robostep/nav2-sample/install/urg_node2/share/urg_node2/environment/path.dsv
[1.861s] -- Symlinking: /home/robostep/nav2-sample/install/urg_node2/share/urg_node2/local_setup.bash
[1.870s] -- Symlinking: /home/robostep/nav2-sample/install/urg_node2/share/urg_node2/local_setup.sh
[1.879s] -- Symlinking: /home/robostep/nav2-sample/install/urg_node2/share/urg_node2/local_setup.zsh
[1.888s] -- Symlinking: /home/robostep/nav2-sample/install/urg_node2/share/urg_node2/local_setup.dsv
[1.897s] -- Symlinking: /home/robostep/nav2-sample/install/urg_node2/share/urg_node2/package.dsv
[1.906s] -- Symlinking: /home/robostep/nav2-sample/install/urg_node2/share/ament_index/resource_index/packages/urg_node2
[1.915s] -- Symlinking: /home/robostep/nav2-sample/install/urg_node2/share/ament_index/resource_index/rclcpp_components/urg_node2
[1.924s] -- Symlinking: /home/robostep/nav2-sample/install/urg_node2/share/urg_node2/cmake/urg_node2Config.cmake
[1.933s] -- Symlinking: /home/robostep/nav2-sample/install/urg_node2/share/urg_node2/cmake/urg_node2Config-version.cmake
[1.942s] -- Symlinking: /home/robostep/nav2-sample/install/urg_node2/share/urg_node2/package.xml
[1.953s] Invoked command in '/home/robostep/nav2-sample/build/urg_node2' returned '0': CMAKE_PREFIX_PATH=/opt/ros/iron /usr/bin/cmake --install /home/robostep/nav2-sample/build/urg_node2
