[0.015s] Invoking command in '/home/robostep/nav2-sample/build/urg_node2': CMAKE_PREFIX_PATH=/opt/ros/iron /usr/bin/cmake --build /home/robostep/nav2-sample/build/urg_node2 -- -j8 -l8
[0.098s] [ 10%] Built target gtest_main
[0.099s] [ 30%] Built target gtest
[0.099s] [ 65%] Built target urg_c
[0.109s] [ 75%] Built target urg_node2_node
[0.132s] [ 85%] Built target urg_node2
[0.135s] [100%] Built target urg_node2_test
[0.147s] Invoked command in '/home/robostep/nav2-sample/build/urg_node2' returned '0': CMAKE_PREFIX_PATH=/opt/ros/iron /usr/bin/cmake --build /home/robostep/nav2-sample/build/urg_node2 -- -j8 -l8
[0.215s] Invoking command in '/home/robostep/nav2-sample/build/urg_node2': CMAKE_PREFIX_PATH=/opt/ros/iron /usr/bin/cmake --install /home/robostep/nav2-sample/build/urg_node2
[0.223s] -- Install configuration: ""
[0.224s] -- Up-to-date: /home/robostep/nav2-sample/install/urg_node2/lib/urg_node2/urg_node2_node
[0.224s] -- Up-to-date: /home/robostep/nav2-sample/install/urg_node2/lib/liburg_node2.so
[0.225s] -- Up-to-date: /home/robostep/nav2-sample/install/urg_node2/lib/liburg_c.so
[0.225s] -- Up-to-date: /home/robostep/nav2-sample/install/urg_node2/share/urg_node2/launch
[0.225s] -- Up-to-date: /home/robostep/nav2-sample/install/urg_node2/share/urg_node2/launch/urg_node2_2lidar.launch.py
[0.225s] -- Up-to-date: /home/robostep/nav2-sample/install/urg_node2/share/urg_node2/launch/urg_node2_component.launch.py
[0.225s] -- Up-to-date: /home/robostep/nav2-sample/install/urg_node2/share/urg_node2/launch/urg_node2.launch.py
[0.226s] -- Up-to-date: /home/robostep/nav2-sample/install/urg_node2/share/urg_node2/config
[0.226s] -- Installing: /home/robostep/nav2-sample/install/urg_node2/share/urg_node2/config/params_ether.yaml
[0.226s] -- Up-to-date: /home/robostep/nav2-sample/install/urg_node2/share/urg_node2/config/params_ether_2nd.yaml
[0.226s] -- Up-to-date: /home/robostep/nav2-sample/install/urg_node2/share/urg_node2/config/params_serial.yaml
[0.226s] -- Up-to-date: /home/robostep/nav2-sample/install/urg_node2/share/ament_index/resource_index/package_run_dependencies/urg_node2
[0.226s] -- Up-to-date: /home/robostep/nav2-sample/install/urg_node2/share/ament_index/resource_index/parent_prefix_path/urg_node2
[0.227s] -- Up-to-date: /home/robostep/nav2-sample/install/urg_node2/share/urg_node2/environment/ament_prefix_path.sh
[0.227s] -- Up-to-date: /home/robostep/nav2-sample/install/urg_node2/share/urg_node2/environment/ament_prefix_path.dsv
[0.227s] -- Up-to-date: /home/robostep/nav2-sample/install/urg_node2/share/urg_node2/environment/path.sh
[0.227s] -- Up-to-date: /home/robostep/nav2-sample/install/urg_node2/share/urg_node2/environment/path.dsv
[0.227s] -- Up-to-date: /home/robostep/nav2-sample/install/urg_node2/share/urg_node2/local_setup.bash
[0.227s] -- Up-to-date: /home/robostep/nav2-sample/install/urg_node2/share/urg_node2/local_setup.sh
[0.227s] -- Up-to-date: /home/robostep/nav2-sample/install/urg_node2/share/urg_node2/local_setup.zsh
[0.228s] -- Up-to-date: /home/robostep/nav2-sample/install/urg_node2/share/urg_node2/local_setup.dsv
[0.228s] -- Installing: /home/robostep/nav2-sample/install/urg_node2/share/urg_node2/package.dsv
[0.228s] -- Up-to-date: /home/robostep/nav2-sample/install/urg_node2/share/ament_index/resource_index/packages/urg_node2
[0.228s] -- Up-to-date: /home/robostep/nav2-sample/install/urg_node2/share/ament_index/resource_index/rclcpp_components/urg_node2
[0.228s] -- Up-to-date: /home/robostep/nav2-sample/install/urg_node2/share/urg_node2/cmake/urg_node2Config.cmake
[0.228s] -- Up-to-date: /home/robostep/nav2-sample/install/urg_node2/share/urg_node2/cmake/urg_node2Config-version.cmake
[0.228s] -- Up-to-date: /home/robostep/nav2-sample/install/urg_node2/share/urg_node2/package.xml
[0.230s] Invoked command in '/home/robostep/nav2-sample/build/urg_node2' returned '0': CMAKE_PREFIX_PATH=/opt/ros/iron /usr/bin/cmake --install /home/robostep/nav2-sample/build/urg_node2
