[0.039s] Invoking command in '/home/tm/nav2-sample/build/openbase_nav2_demo': CMAKE_PREFIX_PATH=/opt/ros/iron /usr/bin/cmake /home/tm/nav2-sample/src/OpenBase/openbase_nav2_demo -DCMAKE_INSTALL_PREFIX=/home/tm/nav2-sample/install/openbase_nav2_demo
[0.139s] -- The C compiler identification is GNU 11.4.0
[0.266s] -- The CXX compiler identification is GNU 11.4.0
[0.282s] -- Detecting C compiler ABI info
[0.417s] -- Detecting C compiler ABI info - done
[0.450s] -- Check for working C compiler: /usr/bin/cc - skipped
[0.450s] -- Detecting C compile features
[0.451s] -- Detecting C compile features - done
[0.459s] -- Detecting CXX compiler ABI info
[0.625s] -- Detecting CXX compiler ABI info - done
[0.643s] -- Check for working CXX compiler: /usr/bin/c++ - skipped
[0.643s] -- Detecting CXX compile features
[0.648s] -- Detecting CXX compile features - done
[0.648s] -- Found ament_cmake: 2.0.6 (/opt/ros/iron/share/ament_cmake/cmake)
[1.025s] -- Found Python3: /usr/bin/python3.10 (found version "3.10.12") found components: Interpreter 
[1.229s] -- Found xacro: 2.0.9 (/opt/ros/iron/share/xacro/cmake)
[1.345s] -- Configuring done
[1.350s] -- Generating done
[1.351s] -- Build files have been written to: /home/tm/nav2-sample/build/openbase_nav2_demo
[1.384s] Invoked command in '/home/tm/nav2-sample/build/openbase_nav2_demo' returned '0': CMAKE_PREFIX_PATH=/opt/ros/iron /usr/bin/cmake /home/tm/nav2-sample/src/OpenBase/openbase_nav2_demo -DCMAKE_INSTALL_PREFIX=/home/tm/nav2-sample/install/openbase_nav2_demo
[1.385s] Invoking command in '/home/tm/nav2-sample/build/openbase_nav2_demo': CMAKE_PREFIX_PATH=/opt/ros/iron /usr/bin/cmake --build /home/tm/nav2-sample/build/openbase_nav2_demo -- -j8 -l8
[1.488s] [100%] [34m[1mGenerating nav_omni4.urdf[0m
[1.934s] [100%] Built target nav_omni4
[2.006s] Invoked command in '/home/tm/nav2-sample/build/openbase_nav2_demo' returned '0': CMAKE_PREFIX_PATH=/opt/ros/iron /usr/bin/cmake --build /home/tm/nav2-sample/build/openbase_nav2_demo -- -j8 -l8
[2.136s] Invoking command in '/home/tm/nav2-sample/build/openbase_nav2_demo': CMAKE_PREFIX_PATH=/opt/ros/iron /usr/bin/cmake --install /home/tm/nav2-sample/build/openbase_nav2_demo
[2.362s] -- Install configuration: ""
[2.362s] -- Installing: /home/tm/nav2-sample/install/openbase_nav2_demo/share/openbase_nav2_demo/urdf/nav_omni4.urdf
[2.362s] -- Up-to-date: /home/tm/nav2-sample/install/openbase_nav2_demo/share/openbase_nav2_demo/urdf
[2.362s] -- Installing: /home/tm/nav2-sample/install/openbase_nav2_demo/share/openbase_nav2_demo/urdf/nav_omni4.urdf.xacro
[2.362s] -- Installing: /home/tm/nav2-sample/install/openbase_nav2_demo/share/openbase_nav2_demo/launch
[2.362s] -- Installing: /home/tm/nav2-sample/install/openbase_nav2_demo/share/openbase_nav2_demo/launch/__pycache__
[2.362s] -- Installing: /home/tm/nav2-sample/install/openbase_nav2_demo/share/openbase_nav2_demo/launch/__pycache__/simple.launch.cpython-310.pyc
[2.362s] -- Installing: /home/tm/nav2-sample/install/openbase_nav2_demo/share/openbase_nav2_demo/launch/__pycache__/costmap_filter_info.launch.cpython-310.pyc
[2.363s] -- Installing: /home/tm/nav2-sample/install/openbase_nav2_demo/share/openbase_nav2_demo/launch/__pycache__/omni4_simulation_launch.cpython-310.pyc
[2.363s] -- Installing: /home/tm/nav2-sample/install/openbase_nav2_demo/share/openbase_nav2_demo/launch/omni4_simulation_launch.py
[2.363s] -- Installing: /home/tm/nav2-sample/install/openbase_nav2_demo/share/openbase_nav2_demo/launch/simple.launch.py
[2.363s] -- Installing: /home/tm/nav2-sample/install/openbase_nav2_demo/share/openbase_nav2_demo/launch/omni4_gazebo.launch.py
[2.363s] -- Installing: /home/tm/nav2-sample/install/openbase_nav2_demo/share/openbase_nav2_demo/launch/costmap_filter_info.launch.py
[2.365s] -- Installing: /home/tm/nav2-sample/install/openbase_nav2_demo/share/openbase_nav2_demo/params
[2.366s] -- Installing: /home/tm/nav2-sample/install/openbase_nav2_demo/share/openbase_nav2_demo/params/nav2_params_bt.yaml
[2.366s] -- Installing: /home/tm/nav2-sample/install/openbase_nav2_demo/share/openbase_nav2_demo/params/nav2_params_critics_no_keepout.yaml
[2.366s] -- Installing: /home/tm/nav2-sample/install/openbase_nav2_demo/share/openbase_nav2_demo/params/keepout_params.yaml
[2.366s] -- Installing: /home/tm/nav2-sample/install/openbase_nav2_demo/share/openbase_nav2_demo/params/nav2_params_critics_fast.yaml
[2.366s] -- Installing: /home/tm/nav2-sample/install/openbase_nav2_demo/share/openbase_nav2_demo/params/nav2_params_critics.yaml
[2.366s] -- Installing: /home/tm/nav2-sample/install/openbase_nav2_demo/share/openbase_nav2_demo/params/my_nav_through_poses_bt.xml
[2.366s] -- Installing: /home/tm/nav2-sample/install/openbase_nav2_demo/share/openbase_nav2_demo/params/nav2_params_r2.yaml
[2.366s] -- Installing: /home/tm/nav2-sample/install/openbase_nav2_demo/share/openbase_nav2_demo/params/nav2_params_localcostmap_322_inflation.yaml
[2.366s] -- Installing: /home/tm/nav2-sample/install/openbase_nav2_demo/share/openbase_nav2_demo/params/my_nav_params.yaml
[2.366s] -- Installing: /home/tm/nav2-sample/install/openbase_nav2_demo/share/openbase_nav2_demo/params/map_amcl_params2.yaml
[2.367s] -- Installing: /home/tm/nav2-sample/install/openbase_nav2_demo/share/openbase_nav2_demo/params/map_amcl_params.yaml
[2.367s] -- Installing: /home/tm/nav2-sample/install/openbase_nav2_demo/share/openbase_nav2_demo/params/my_nav_to_pose_bt.xml
[2.367s] -- Installing: /home/tm/nav2-sample/install/openbase_nav2_demo/share/openbase_nav2_demo/params/my_nav_to_pose_bt_updateonly.xml
[2.398s] -- Installing: /home/tm/nav2-sample/install/openbase_nav2_demo/share/openbase_nav2_demo/params/nav2_params_dwb.yaml
[2.398s] -- Installing: /home/tm/nav2-sample/install/openbase_nav2_demo/share/openbase_nav2_demo/rviz
[2.398s] -- Installing: /home/tm/nav2-sample/install/openbase_nav2_demo/share/openbase_nav2_demo/rviz/nav2_default_view.rviz
[2.398s] -- Installing: /home/tm/nav2-sample/install/openbase_nav2_demo/share/openbase_nav2_demo/worlds
[2.399s] -- Installing: /home/tm/nav2-sample/install/openbase_nav2_demo/share/openbase_nav2_demo/worlds/world_only.model
[2.399s] -- Installing: /home/tm/nav2-sample/install/openbase_nav2_demo/share/ament_index/resource_index/package_run_dependencies/openbase_nav2_demo
[2.399s] -- Installing: /home/tm/nav2-sample/install/openbase_nav2_demo/share/ament_index/resource_index/parent_prefix_path/openbase_nav2_demo
[2.399s] -- Installing: /home/tm/nav2-sample/install/openbase_nav2_demo/share/openbase_nav2_demo/environment/ament_prefix_path.sh
[2.406s] -- Installing: /home/tm/nav2-sample/install/openbase_nav2_demo/share/openbase_nav2_demo/environment/ament_prefix_path.dsv
[2.406s] -- Installing: /home/tm/nav2-sample/install/openbase_nav2_demo/share/openbase_nav2_demo/environment/path.sh
[2.406s] -- Installing: /home/tm/nav2-sample/install/openbase_nav2_demo/share/openbase_nav2_demo/environment/path.dsv
[2.406s] -- Installing: /home/tm/nav2-sample/install/openbase_nav2_demo/share/openbase_nav2_demo/local_setup.bash
[2.406s] -- Installing: /home/tm/nav2-sample/install/openbase_nav2_demo/share/openbase_nav2_demo/local_setup.sh
[2.407s] -- Installing: /home/tm/nav2-sample/install/openbase_nav2_demo/share/openbase_nav2_demo/local_setup.zsh
[2.407s] -- Installing: /home/tm/nav2-sample/install/openbase_nav2_demo/share/openbase_nav2_demo/local_setup.dsv
[2.407s] -- Installing: /home/tm/nav2-sample/install/openbase_nav2_demo/share/openbase_nav2_demo/package.dsv
[2.407s] -- Installing: /home/tm/nav2-sample/install/openbase_nav2_demo/share/ament_index/resource_index/packages/openbase_nav2_demo
[2.407s] -- Installing: /home/tm/nav2-sample/install/openbase_nav2_demo/share/openbase_nav2_demo/cmake/openbase_nav2_demoConfig.cmake
[2.407s] -- Installing: /home/tm/nav2-sample/install/openbase_nav2_demo/share/openbase_nav2_demo/cmake/openbase_nav2_demoConfig-version.cmake
[2.407s] -- Installing: /home/tm/nav2-sample/install/openbase_nav2_demo/share/openbase_nav2_demo/package.xml
[2.408s] Invoked command in '/home/tm/nav2-sample/build/openbase_nav2_demo' returned '0': CMAKE_PREFIX_PATH=/opt/ros/iron /usr/bin/cmake --install /home/tm/nav2-sample/build/openbase_nav2_demo
