-- The C compiler identification is GNU 11.4.0
-- The CXX compiler identification is GNU 11.4.0
-- Detecting C compiler ABI info
-- Detecting C compiler ABI info - done
-- Check for working C compiler: /usr/bin/cc - skipped
-- Detecting C compile features
-- Detecting C compile features - done
-- Detecting CXX compiler ABI info
-- Detecting CXX compiler ABI info - done
-- Check for working CXX compiler: /usr/bin/c++ - skipped
-- Detecting CXX compile features
-- Detecting CXX compile features - done
-- Found ament_cmake: 2.0.5 (/opt/ros/iron/share/ament_cmake/cmake)
-- Found Python3: /usr/bin/python3.10 (found version "3.10.12") found components: Interpreter 
-- Found nav2_common: 1.2.10 (/opt/ros/iron/share/nav2_common/cmake)
-- Found angles: 1.16.0 (/opt/ros/iron/share/angles/cmake)
-- Found nav2_costmap_2d: 1.2.10 (/opt/ros/iron/share/nav2_costmap_2d/cmake)
-- Found rosidl_generator_c: 4.0.1 (/opt/ros/iron/share/rosidl_generator_c/cmake)
-- Found rosidl_generator_cpp: 4.0.1 (/opt/ros/iron/share/rosidl_generator_cpp/cmake)
-- Using all available rosidl_typesupport_c: rosidl_typesupport_fastrtps_c;rosidl_typesupport_introspection_c
-- Using all available rosidl_typesupport_cpp: rosidl_typesupport_fastrtps_cpp;rosidl_typesupport_introspection_cpp
-- Found rmw_implementation_cmake: 7.1.0 (/opt/ros/iron/share/rmw_implementation_cmake/cmake)
-- Found rmw_fastrtps_cpp: 7.1.3 (/opt/ros/iron/share/rmw_fastrtps_cpp/cmake)
-- Found OpenSSL: /usr/lib/x86_64-linux-gnu/libcrypto.so (found version "3.0.2")  
-- Found FastRTPS: /opt/ros/iron/include  
-- Using RMW implementation 'rmw_fastrtps_cpp' as default
-- Found Eigen3: TRUE (found version "3.4.0") 
-- Ensuring Eigen3 include directory is part of orocos-kdl CMake target
-- Found costmap_queue: 1.2.10 (/opt/ros/iron/share/costmap_queue/cmake)
-- Found dwb_core: 1.2.10 (/opt/ros/iron/share/dwb_core/cmake)
-- Setting build type to Release as none was specified.
-- Found ament_lint_auto: 0.14.3 (/opt/ros/iron/share/ament_lint_auto/cmake)
-- Added test 'cppcheck' to perform static code analysis on C / C++ code
-- Configured cppcheck include dirs: /home/robostep/nav2-sample/src/OpenBase/dwb_more_critics/include
-- Configured cppcheck exclude dirs and/or files: 
-- Added test 'cpplint' to check C / C++ code against the Google style
-- Configured cpplint exclude dirs and/or files: 
-- Added test 'lint_cmake' to check CMake code style
-- Added test 'uncrustify' to check C / C++ code style
-- Configured uncrustify additional arguments: 
-- Added test 'xmllint' to check XML markup files
-- Configuring done
-- Generating done
-- Build files have been written to: /home/robostep/nav2-sample/build/dwb_more_critics
[ 50%] [32mBuilding CXX object CMakeFiles/dwb_more_critics.dir/src/rotate_to_goal_pose.cpp.o[0m
[100%] [32m[1mLinking CXX shared library libdwb_more_critics.so[0m
[100%] Built target dwb_more_critics
-- Install configuration: "Release"
-- Installing: /home/robostep/nav2-sample/install/dwb_more_critics/lib/libdwb_more_critics.so
-- Set runtime path of "/home/robostep/nav2-sample/install/dwb_more_critics/lib/libdwb_more_critics.so" to ""
-- Up-to-date: /home/robostep/nav2-sample/install/dwb_more_critics/include/
-- Up-to-date: /home/robostep/nav2-sample/install/dwb_more_critics/include//dwb_more_critics
-- Installing: /home/robostep/nav2-sample/install/dwb_more_critics/include//dwb_more_critics/line_iterator.hpp
-- Installing: /home/robostep/nav2-sample/install/dwb_more_critics/include//dwb_more_critics/alignment_util.hpp
-- Installing: /home/robostep/nav2-sample/install/dwb_more_critics/include//dwb_more_critics/rotate_to_goal_pose.hpp
-- Installing: /home/robostep/nav2-sample/install/dwb_more_critics/share/dwb_more_critics/default_critics.xml
-- Installing: /home/robostep/nav2-sample/install/dwb_more_critics/share/dwb_more_critics/environment/library_path.sh
-- Installing: /home/robostep/nav2-sample/install/dwb_more_critics/share/dwb_more_critics/environment/library_path.dsv
-- Up-to-date: /home/robostep/nav2-sample/install/dwb_more_critics/share/dwb_more_critics/default_critics.xml
-- Installing: /home/robostep/nav2-sample/install/dwb_more_critics/share/ament_index/resource_index/package_run_dependencies/dwb_more_critics
-- Installing: /home/robostep/nav2-sample/install/dwb_more_critics/share/ament_index/resource_index/parent_prefix_path/dwb_more_critics
-- Installing: /home/robostep/nav2-sample/install/dwb_more_critics/share/dwb_more_critics/environment/ament_prefix_path.sh
-- Installing: /home/robostep/nav2-sample/install/dwb_more_critics/share/dwb_more_critics/environment/ament_prefix_path.dsv
-- Installing: /home/robostep/nav2-sample/install/dwb_more_critics/share/dwb_more_critics/environment/path.sh
-- Installing: /home/robostep/nav2-sample/install/dwb_more_critics/share/dwb_more_critics/environment/path.dsv
-- Installing: /home/robostep/nav2-sample/install/dwb_more_critics/share/dwb_more_critics/local_setup.bash
-- Installing: /home/robostep/nav2-sample/install/dwb_more_critics/share/dwb_more_critics/local_setup.sh
-- Installing: /home/robostep/nav2-sample/install/dwb_more_critics/share/dwb_more_critics/local_setup.zsh
-- Installing: /home/robostep/nav2-sample/install/dwb_more_critics/share/dwb_more_critics/local_setup.dsv
-- Installing: /home/robostep/nav2-sample/install/dwb_more_critics/share/dwb_more_critics/package.dsv
-- Installing: /home/robostep/nav2-sample/install/dwb_more_critics/share/ament_index/resource_index/packages/dwb_more_critics
-- Installing: /home/robostep/nav2-sample/install/dwb_more_critics/share/ament_index/resource_index/dwb_core__pluginlib__plugin/dwb_more_critics
-- Installing: /home/robostep/nav2-sample/install/dwb_more_critics/share/dwb_more_critics/cmake/ament_cmake_export_include_directories-extras.cmake
-- Installing: /home/robostep/nav2-sample/install/dwb_more_critics/share/dwb_more_critics/cmake/ament_cmake_export_libraries-extras.cmake
-- Installing: /home/robostep/nav2-sample/install/dwb_more_critics/share/dwb_more_critics/cmake/ament_cmake_export_dependencies-extras.cmake
-- Installing: /home/robostep/nav2-sample/install/dwb_more_critics/share/dwb_more_critics/cmake/dwb_more_criticsConfig.cmake
-- Installing: /home/robostep/nav2-sample/install/dwb_more_critics/share/dwb_more_critics/cmake/dwb_more_criticsConfig-version.cmake
-- Installing: /home/robostep/nav2-sample/install/dwb_more_critics/share/dwb_more_critics/package.xml
