[0.029s] Invoking command in '/home/robostep/nav2-sample/build/dwb_more_critics': CMAKE_PREFIX_PATH=/opt/ros/iron /usr/bin/cmake /home/robostep/nav2-sample/src/OpenBase/dwb_more_critics -DCMAKE_INSTALL_PREFIX=/home/robostep/nav2-sample/install/dwb_more_critics
[0.142s] -- The C compiler identification is GNU 11.4.0
[0.247s] -- The CXX compiler identification is GNU 11.4.0
[0.255s] -- Detecting C compiler ABI info
[0.355s] -- Detecting C compiler ABI info - done
[0.371s] -- Check for working C compiler: /usr/bin/cc - skipped
[0.371s] -- Detecting C compile features
[0.372s] -- Detecting C compile features - done
[0.377s] -- Detecting CXX compiler ABI info
[0.492s] -- Detecting CXX compiler ABI info - done
[0.509s] -- Check for working CXX compiler: /usr/bin/c++ - skipped
[0.509s] -- Detecting CXX compile features
[0.510s] -- Detecting CXX compile features - done
[0.513s] -- Found ament_cmake: 2.0.5 (/opt/ros/iron/share/ament_cmake/cmake)
[0.758s] -- Found Python3: /usr/bin/python3.10 (found version "3.10.12") found components: Interpreter 
[0.894s] -- Found nav2_common: 1.2.10 (/opt/ros/iron/share/nav2_common/cmake)
[0.897s] -- Found angles: 1.16.0 (/opt/ros/iron/share/angles/cmake)
[0.902s] -- Found nav2_costmap_2d: 1.2.10 (/opt/ros/iron/share/nav2_costmap_2d/cmake)
[0.976s] -- Found rosidl_generator_c: 4.0.1 (/opt/ros/iron/share/rosidl_generator_c/cmake)
[0.996s] -- Found rosidl_generator_cpp: 4.0.1 (/opt/ros/iron/share/rosidl_generator_cpp/cmake)
[1.030s] -- Using all available rosidl_typesupport_c: rosidl_typesupport_fastrtps_c;rosidl_typesupport_introspection_c
[1.071s] -- Using all available rosidl_typesupport_cpp: rosidl_typesupport_fastrtps_cpp;rosidl_typesupport_introspection_cpp
[1.733s] -- Found rmw_implementation_cmake: 7.1.0 (/opt/ros/iron/share/rmw_implementation_cmake/cmake)
[1.737s] -- Found rmw_fastrtps_cpp: 7.1.3 (/opt/ros/iron/share/rmw_fastrtps_cpp/cmake)
[1.890s] -- Found OpenSSL: /usr/lib/x86_64-linux-gnu/libcrypto.so (found version "3.0.2")  
[1.934s] -- Found FastRTPS: /opt/ros/iron/include  
[2.002s] -- Using RMW implementation 'rmw_fastrtps_cpp' as default
[5.173s] -- Found Eigen3: TRUE (found version "3.4.0") 
[5.173s] -- Ensuring Eigen3 include directory is part of orocos-kdl CMake target
[7.295s] -- Found costmap_queue: 1.2.10 (/opt/ros/iron/share/costmap_queue/cmake)
[7.299s] -- Found dwb_core: 1.2.10 (/opt/ros/iron/share/dwb_core/cmake)
[21.973s] -- Setting build type to Release as none was specified.
[30.192s] -- Found ament_lint_auto: 0.14.3 (/opt/ros/iron/share/ament_lint_auto/cmake)
[30.281s] -- Added test 'cppcheck' to perform static code analysis on C / C++ code
[30.281s] -- Configured cppcheck include dirs: /home/robostep/nav2-sample/src/OpenBase/dwb_more_critics/include
[30.281s] -- Configured cppcheck exclude dirs and/or files: 
[30.282s] -- Added test 'cpplint' to check C / C++ code against the Google style
[30.282s] -- Configured cpplint exclude dirs and/or files: 
[30.283s] -- Added test 'lint_cmake' to check CMake code style
[30.285s] -- Added test 'uncrustify' to check C / C++ code style
[30.285s] -- Configured uncrustify additional arguments: 
[30.285s] -- Added test 'xmllint' to check XML markup files
[30.288s] -- Configuring done
[30.416s] -- Generating done
[30.418s] -- Build files have been written to: /home/robostep/nav2-sample/build/dwb_more_critics
[30.432s] Invoked command in '/home/robostep/nav2-sample/build/dwb_more_critics' returned '0': CMAKE_PREFIX_PATH=/opt/ros/iron /usr/bin/cmake /home/robostep/nav2-sample/src/OpenBase/dwb_more_critics -DCMAKE_INSTALL_PREFIX=/home/robostep/nav2-sample/install/dwb_more_critics
[30.432s] Invoking command in '/home/robostep/nav2-sample/build/dwb_more_critics': CMAKE_PREFIX_PATH=/opt/ros/iron /usr/bin/cmake --build /home/robostep/nav2-sample/build/dwb_more_critics -- -j8 -l8
[30.485s] [ 50%] [32mBuilding CXX object CMakeFiles/dwb_more_critics.dir/src/rotate_to_goal_pose.cpp.o[0m
[35.832s] [100%] [32m[1mLinking CXX shared library libdwb_more_critics.so[0m
[36.117s] [100%] Built target dwb_more_critics
[36.128s] Invoked command in '/home/robostep/nav2-sample/build/dwb_more_critics' returned '0': CMAKE_PREFIX_PATH=/opt/ros/iron /usr/bin/cmake --build /home/robostep/nav2-sample/build/dwb_more_critics -- -j8 -l8
[36.153s] Invoking command in '/home/robostep/nav2-sample/build/dwb_more_critics': CMAKE_PREFIX_PATH=/opt/ros/iron /usr/bin/cmake --install /home/robostep/nav2-sample/build/dwb_more_critics
[36.161s] -- Install configuration: "Release"
[36.161s] -- Installing: /home/robostep/nav2-sample/install/dwb_more_critics/lib/libdwb_more_critics.so
[36.162s] -- Set runtime path of "/home/robostep/nav2-sample/install/dwb_more_critics/lib/libdwb_more_critics.so" to ""
[36.162s] -- Up-to-date: /home/robostep/nav2-sample/install/dwb_more_critics/include/
[36.162s] -- Up-to-date: /home/robostep/nav2-sample/install/dwb_more_critics/include//dwb_more_critics
[36.162s] -- Installing: /home/robostep/nav2-sample/install/dwb_more_critics/include//dwb_more_critics/line_iterator.hpp
[36.162s] -- Installing: /home/robostep/nav2-sample/install/dwb_more_critics/include//dwb_more_critics/alignment_util.hpp
[36.163s] -- Installing: /home/robostep/nav2-sample/install/dwb_more_critics/include//dwb_more_critics/rotate_to_goal_pose.hpp
[36.163s] -- Installing: /home/robostep/nav2-sample/install/dwb_more_critics/share/dwb_more_critics/default_critics.xml
[36.163s] -- Installing: /home/robostep/nav2-sample/install/dwb_more_critics/share/dwb_more_critics/environment/library_path.sh
[36.163s] -- Installing: /home/robostep/nav2-sample/install/dwb_more_critics/share/dwb_more_critics/environment/library_path.dsv
[36.163s] -- Up-to-date: /home/robostep/nav2-sample/install/dwb_more_critics/share/dwb_more_critics/default_critics.xml
[36.163s] -- Installing: /home/robostep/nav2-sample/install/dwb_more_critics/share/ament_index/resource_index/package_run_dependencies/dwb_more_critics
[36.163s] -- Installing: /home/robostep/nav2-sample/install/dwb_more_critics/share/ament_index/resource_index/parent_prefix_path/dwb_more_critics
[36.163s] -- Installing: /home/robostep/nav2-sample/install/dwb_more_critics/share/dwb_more_critics/environment/ament_prefix_path.sh
[36.163s] -- Installing: /home/robostep/nav2-sample/install/dwb_more_critics/share/dwb_more_critics/environment/ament_prefix_path.dsv
[36.164s] -- Installing: /home/robostep/nav2-sample/install/dwb_more_critics/share/dwb_more_critics/environment/path.sh
[36.164s] -- Installing: /home/robostep/nav2-sample/install/dwb_more_critics/share/dwb_more_critics/environment/path.dsv
[36.164s] -- Installing: /home/robostep/nav2-sample/install/dwb_more_critics/share/dwb_more_critics/local_setup.bash
[36.164s] -- Installing: /home/robostep/nav2-sample/install/dwb_more_critics/share/dwb_more_critics/local_setup.sh
[36.164s] -- Installing: /home/robostep/nav2-sample/install/dwb_more_critics/share/dwb_more_critics/local_setup.zsh
[36.165s] -- Installing: /home/robostep/nav2-sample/install/dwb_more_critics/share/dwb_more_critics/local_setup.dsv
[36.165s] -- Installing: /home/robostep/nav2-sample/install/dwb_more_critics/share/dwb_more_critics/package.dsv
[36.165s] -- Installing: /home/robostep/nav2-sample/install/dwb_more_critics/share/ament_index/resource_index/packages/dwb_more_critics
[36.165s] -- Installing: /home/robostep/nav2-sample/install/dwb_more_critics/share/ament_index/resource_index/dwb_core__pluginlib__plugin/dwb_more_critics
[36.165s] -- Installing: /home/robostep/nav2-sample/install/dwb_more_critics/share/dwb_more_critics/cmake/ament_cmake_export_include_directories-extras.cmake
[36.165s] -- Installing: /home/robostep/nav2-sample/install/dwb_more_critics/share/dwb_more_critics/cmake/ament_cmake_export_libraries-extras.cmake
[36.165s] -- Installing: /home/robostep/nav2-sample/install/dwb_more_critics/share/dwb_more_critics/cmake/ament_cmake_export_dependencies-extras.cmake
[36.166s] -- Installing: /home/robostep/nav2-sample/install/dwb_more_critics/share/dwb_more_critics/cmake/dwb_more_criticsConfig.cmake
[36.166s] -- Installing: /home/robostep/nav2-sample/install/dwb_more_critics/share/dwb_more_critics/cmake/dwb_more_criticsConfig-version.cmake
[36.166s] -- Installing: /home/robostep/nav2-sample/install/dwb_more_critics/share/dwb_more_critics/package.xml
[36.169s] Invoked command in '/home/robostep/nav2-sample/build/dwb_more_critics' returned '0': CMAKE_PREFIX_PATH=/opt/ros/iron /usr/bin/cmake --install /home/robostep/nav2-sample/build/dwb_more_critics
