[0.027s] Invoking command in '/home/robostep/nav2-sample/build/openbase_nav2_demo': CMAKE_PREFIX_PATH=/opt/ros/iron /usr/bin/cmake /home/robostep/nav2-sample/src/OpenBase/openbase_nav2_demo -DCMAKE_INSTALL_PREFIX=/home/robostep/nav2-sample/install/openbase_nav2_demo
[0.125s] -- The C compiler identification is GNU 11.4.0
[0.230s] -- The CXX compiler identification is GNU 11.4.0
[0.240s] -- Detecting C compiler ABI info
[0.333s] -- Detecting C compiler ABI info - done
[0.348s] -- Check for working C compiler: /usr/bin/cc - skipped
[0.349s] -- Detecting C compile features
[0.349s] -- Detecting C compile features - done
[0.354s] -- Detecting CXX compiler ABI info
[0.471s] -- Detecting CXX compiler ABI info - done
[0.485s] -- Check for working CXX compiler: /usr/bin/c++ - skipped
[0.486s] -- Detecting CXX compile features
[0.487s] -- Detecting CXX compile features - done
[0.490s] -- Found ament_cmake: 2.0.5 (/opt/ros/iron/share/ament_cmake/cmake)
[0.735s] -- Found Python3: /usr/bin/python3.10 (found version "3.10.12") found components: Interpreter 
[0.866s] -- Found xacro: 2.0.11 (/opt/ros/iron/share/xacro/cmake)
[0.973s] -- Configuring done
[0.978s] -- Generating done
[0.980s] -- Build files have been written to: /home/robostep/nav2-sample/build/openbase_nav2_demo
[0.988s] Invoked command in '/home/robostep/nav2-sample/build/openbase_nav2_demo' returned '0': CMAKE_PREFIX_PATH=/opt/ros/iron /usr/bin/cmake /home/robostep/nav2-sample/src/OpenBase/openbase_nav2_demo -DCMAKE_INSTALL_PREFIX=/home/robostep/nav2-sample/install/openbase_nav2_demo
[0.990s] Invoking command in '/home/robostep/nav2-sample/build/openbase_nav2_demo': CMAKE_PREFIX_PATH=/opt/ros/iron /usr/bin/cmake --build /home/robostep/nav2-sample/build/openbase_nav2_demo -- -j8 -l8
[1.058s] [100%] [34m[1mGenerating nav_omni4.urdf[0m
[1.244s] [100%] Built target nav_omni4
[1.288s] Invoked command in '/home/robostep/nav2-sample/build/openbase_nav2_demo' returned '0': CMAKE_PREFIX_PATH=/opt/ros/iron /usr/bin/cmake --build /home/robostep/nav2-sample/build/openbase_nav2_demo -- -j8 -l8
[1.387s] Invoking command in '/home/robostep/nav2-sample/build/openbase_nav2_demo': CMAKE_PREFIX_PATH=/opt/ros/iron /usr/bin/cmake --install /home/robostep/nav2-sample/build/openbase_nav2_demo
[1.562s] -- Install configuration: ""
[1.562s] -- Installing: /home/robostep/nav2-sample/install/openbase_nav2_demo/share/openbase_nav2_demo/urdf/nav_omni4.urdf
[1.562s] -- Up-to-date: /home/robostep/nav2-sample/install/openbase_nav2_demo/share/openbase_nav2_demo/urdf
[1.562s] -- Installing: /home/robostep/nav2-sample/install/openbase_nav2_demo/share/openbase_nav2_demo/urdf/nav_omni4.urdf.xacro
[1.562s] -- Up-to-date: /home/robostep/nav2-sample/install/openbase_nav2_demo/share/openbase_nav2_demo/launch
[1.562s] -- Up-to-date: /home/robostep/nav2-sample/install/openbase_nav2_demo/share/openbase_nav2_demo/launch/__pycache__
[1.563s] -- Installing: /home/robostep/nav2-sample/install/openbase_nav2_demo/share/openbase_nav2_demo/launch/__pycache__/costmap_filter_info.launch.cpython-310.pyc
[1.563s] -- Installing: /home/robostep/nav2-sample/install/openbase_nav2_demo/share/openbase_nav2_demo/launch/__pycache__/omni4_simulation_launch.cpython-310.pyc
[1.563s] -- Installing: /home/robostep/nav2-sample/install/openbase_nav2_demo/share/openbase_nav2_demo/launch/__pycache__/simple.launch.cpython-310.pyc
[1.563s] -- Installing: /home/robostep/nav2-sample/install/openbase_nav2_demo/share/openbase_nav2_demo/launch/simple.launch.py
[1.563s] -- Installing: /home/robostep/nav2-sample/install/openbase_nav2_demo/share/openbase_nav2_demo/launch/omni4_simulation_launch.py
[1.564s] -- Installing: /home/robostep/nav2-sample/install/openbase_nav2_demo/share/openbase_nav2_demo/launch/costmap_filter_info.launch.py
[1.564s] -- Installing: /home/robostep/nav2-sample/install/openbase_nav2_demo/share/openbase_nav2_demo/launch/omni4_gazebo.launch.py
[1.564s] -- Up-to-date: /home/robostep/nav2-sample/install/openbase_nav2_demo/share/openbase_nav2_demo/params
[1.564s] -- Installing: /home/robostep/nav2-sample/install/openbase_nav2_demo/share/openbase_nav2_demo/params/my_nav_to_pose_bt_updateonly.xml
[1.564s] -- Installing: /home/robostep/nav2-sample/install/openbase_nav2_demo/share/openbase_nav2_demo/params/my_nav_to_pose_bt.xml
[1.564s] -- Installing: /home/robostep/nav2-sample/install/openbase_nav2_demo/share/openbase_nav2_demo/params/map_amcl_params.yaml
[1.564s] -- Installing: /home/robostep/nav2-sample/install/openbase_nav2_demo/share/openbase_nav2_demo/params/my_nav_params.yaml
[1.564s] -- Installing: /home/robostep/nav2-sample/install/openbase_nav2_demo/share/openbase_nav2_demo/params/nav2_params_critics_fast.yaml
[1.564s] -- Installing: /home/robostep/nav2-sample/install/openbase_nav2_demo/share/openbase_nav2_demo/params/nav2_params_localcostmap_322_inflation.yaml
[1.565s] -- Installing: /home/robostep/nav2-sample/install/openbase_nav2_demo/share/openbase_nav2_demo/params/map_amcl_params2.yaml
[1.565s] -- Installing: /home/robostep/nav2-sample/install/openbase_nav2_demo/share/openbase_nav2_demo/params/keepout_params.yaml
[1.565s] -- Installing: /home/robostep/nav2-sample/install/openbase_nav2_demo/share/openbase_nav2_demo/params/my_nav_through_poses_bt.xml
[1.565s] -- Installing: /home/robostep/nav2-sample/install/openbase_nav2_demo/share/openbase_nav2_demo/params/nav2_params_critics_no_keepout.yaml
[1.565s] -- Installing: /home/robostep/nav2-sample/install/openbase_nav2_demo/share/openbase_nav2_demo/params/nav2_params_dwb.yaml
[1.565s] -- Installing: /home/robostep/nav2-sample/install/openbase_nav2_demo/share/openbase_nav2_demo/params/nav2_params_r2.yaml
[1.565s] -- Installing: /home/robostep/nav2-sample/install/openbase_nav2_demo/share/openbase_nav2_demo/params/nav2_params_critics.yaml
[1.566s] -- Installing: /home/robostep/nav2-sample/install/openbase_nav2_demo/share/openbase_nav2_demo/params/nav2_params_bt.yaml
[1.566s] -- Up-to-date: /home/robostep/nav2-sample/install/openbase_nav2_demo/share/openbase_nav2_demo/rviz
[1.567s] -- Installing: /home/robostep/nav2-sample/install/openbase_nav2_demo/share/openbase_nav2_demo/rviz/nav2_default_view.rviz
[1.567s] -- Up-to-date: /home/robostep/nav2-sample/install/openbase_nav2_demo/share/openbase_nav2_demo/worlds
[1.567s] -- Installing: /home/robostep/nav2-sample/install/openbase_nav2_demo/share/openbase_nav2_demo/worlds/world_only.model
[1.567s] -- Installing: /home/robostep/nav2-sample/install/openbase_nav2_demo/share/ament_index/resource_index/package_run_dependencies/openbase_nav2_demo
[1.568s] -- Installing: /home/robostep/nav2-sample/install/openbase_nav2_demo/share/ament_index/resource_index/parent_prefix_path/openbase_nav2_demo
[1.568s] -- Installing: /home/robostep/nav2-sample/install/openbase_nav2_demo/share/openbase_nav2_demo/environment/ament_prefix_path.sh
[1.568s] -- Installing: /home/robostep/nav2-sample/install/openbase_nav2_demo/share/openbase_nav2_demo/environment/ament_prefix_path.dsv
[1.569s] -- Installing: /home/robostep/nav2-sample/install/openbase_nav2_demo/share/openbase_nav2_demo/environment/path.sh
[1.569s] -- Installing: /home/robostep/nav2-sample/install/openbase_nav2_demo/share/openbase_nav2_demo/environment/path.dsv
[1.569s] -- Installing: /home/robostep/nav2-sample/install/openbase_nav2_demo/share/openbase_nav2_demo/local_setup.bash
[1.570s] -- Installing: /home/robostep/nav2-sample/install/openbase_nav2_demo/share/openbase_nav2_demo/local_setup.sh
[1.570s] -- Installing: /home/robostep/nav2-sample/install/openbase_nav2_demo/share/openbase_nav2_demo/local_setup.zsh
[1.570s] -- Installing: /home/robostep/nav2-sample/install/openbase_nav2_demo/share/openbase_nav2_demo/local_setup.dsv
[1.570s] -- Installing: /home/robostep/nav2-sample/install/openbase_nav2_demo/share/openbase_nav2_demo/package.dsv
[1.571s] -- Installing: /home/robostep/nav2-sample/install/openbase_nav2_demo/share/ament_index/resource_index/packages/openbase_nav2_demo
[1.571s] -- Installing: /home/robostep/nav2-sample/install/openbase_nav2_demo/share/openbase_nav2_demo/cmake/openbase_nav2_demoConfig.cmake
[1.571s] -- Installing: /home/robostep/nav2-sample/install/openbase_nav2_demo/share/openbase_nav2_demo/cmake/openbase_nav2_demoConfig-version.cmake
[1.571s] -- Installing: /home/robostep/nav2-sample/install/openbase_nav2_demo/share/openbase_nav2_demo/package.xml
[1.572s] Invoked command in '/home/robostep/nav2-sample/build/openbase_nav2_demo' returned '0': CMAKE_PREFIX_PATH=/opt/ros/iron /usr/bin/cmake --install /home/robostep/nav2-sample/build/openbase_nav2_demo
