[0.030s] Invoking command in '/home/tm/nav2-sample/build/gazebo_ros_wheel_odometry': CMAKE_PREFIX_PATH=/opt/ros/iron /usr/bin/cmake /home/tm/nav2-sample/src/OpenBase/gazebo_ros_wheel_odometry -DCMAKE_INSTALL_PREFIX=/home/tm/nav2-sample/install/gazebo_ros_wheel_odometry
[0.148s] -- The C compiler identification is GNU 11.4.0
[0.253s] -- The CXX compiler identification is GNU 11.4.0
[0.270s] -- Detecting C compiler ABI info
[0.404s] -- Detecting C compiler ABI info - done
[0.418s] -- Check for working C compiler: /usr/bin/cc - skipped
[0.419s] -- Detecting C compile features
[0.420s] -- Detecting C compile features - done
[0.428s] -- Detecting CXX compiler ABI info
[0.582s] -- Detecting CXX compiler ABI info - done
[0.598s] -- Check for working CXX compiler: /usr/bin/c++ - skipped
[0.598s] -- Detecting CXX compile features
[0.599s] -- Detecting CXX compile features - done
[0.599s] -- Found ament_cmake: 2.0.6 (/opt/ros/iron/share/ament_cmake/cmake)
[0.948s] -- Found Python3: /usr/bin/python3.10 (found version "3.10.12") found components: Interpreter 
[1.117s] [33mCMake Warning (dev) at /usr/share/cmake-3.22/Modules/FindPackageHandleStandardArgs.cmake:438 (message):
[1.117s]   The package name passed to `find_package_handle_standard_args` (PkgConfig)
[1.117s]   does not match the name of the calling package (gazebo).  This can lead to
[1.117s]   problems in calling code that expects `find_package` result variables
[1.117s]   (e.g., `_FOUND`) to follow a certain pattern.
[1.117s] Call Stack (most recent call first):
[1.117s]   /usr/share/cmake-3.22/Modules/FindPkgConfig.cmake:99 (find_package_handle_standard_args)
[1.118s]   /usr/lib/x86_64-linux-gnu/cmake/gazebo/gazebo-config.cmake:72 (include)
[1.118s]   CMakeLists.txt:6 (find_package)
[1.120s] This warning is for project developers.  Use -Wno-dev to suppress it.
[1.120s] [0m
[1.120s] -- Found PkgConfig: /usr/bin/pkg-config (found version "0.29.2") 
[1.127s] -- Checking for module 'bullet>=2.82'
[1.149s] --   Found bullet, version 3.05
[1.358s] -- Found fcl: /usr/include (found suitable version "0.7.0", minimum required is "0.5.0") 
[1.445s] -- Found assimp: /usr/include (found version "5.2.0") 
[1.480s] -- Found DART: /usr/include (Required is at least version "6.6") found components: dart 
[2.194s] -- Found Boost: /usr/lib/x86_64-linux-gnu/cmake/Boost-1.74.0/BoostConfig.cmake (found suitable version "1.74.0", minimum required is "1.40.0") found components: thread system filesystem program_options regex iostreams date_time 
[2.248s] -- Found Protobuf: /usr/lib/x86_64-linux-gnu/libprotobuf.so (found version "3.12.4") 
[2.256s] -- Looking for ignition-math6 -- found version 6.15.1
[2.270s] -- Searching for dependencies of ignition-math6
[2.274s] -- Looking for OGRE...
[2.277s] -- OGRE_PREFIX_WATCH changed.
[2.287s] -- Checking for module 'OGRE'
[2.310s] --   Found OGRE, version 1.9.0
[2.366s] -- Found Ogre Ghadamon (1.9.0)
[2.421s] -- Found OGRE: optimized;/usr/lib/x86_64-linux-gnu/libOgreMain.so;debug;/usr/lib/x86_64-linux-gnu/libOgreMain.so
[2.432s] -- Looking for OGRE_Paging...
[2.443s] -- Found OGRE_Paging: optimized;/usr/lib/x86_64-linux-gnu/libOgrePaging.so;debug;/usr/lib/x86_64-linux-gnu/libOgrePaging.so
[2.443s] -- Looking for OGRE_Terrain...
[2.458s] -- Found OGRE_Terrain: optimized;/usr/lib/x86_64-linux-gnu/libOgreTerrain.so;debug;/usr/lib/x86_64-linux-gnu/libOgreTerrain.so
[2.458s] -- Looking for OGRE_Property...
[2.482s] -- Found OGRE_Property: optimized;/usr/lib/x86_64-linux-gnu/libOgreProperty.so;debug;/usr/lib/x86_64-linux-gnu/libOgreProperty.so
[2.482s] -- Looking for OGRE_RTShaderSystem...
[2.504s] -- Found OGRE_RTShaderSystem: optimized;/usr/lib/x86_64-linux-gnu/libOgreRTShaderSystem.so;debug;/usr/lib/x86_64-linux-gnu/libOgreRTShaderSystem.so
[2.504s] -- Looking for OGRE_Volume...
[2.523s] -- Found OGRE_Volume: optimized;/usr/lib/x86_64-linux-gnu/libOgreVolume.so;debug;/usr/lib/x86_64-linux-gnu/libOgreVolume.so
[2.524s] -- Looking for OGRE_Overlay...
[2.542s] -- Found OGRE_Overlay: optimized;/usr/lib/x86_64-linux-gnu/libOgreOverlay.so;debug;/usr/lib/x86_64-linux-gnu/libOgreOverlay.so
[2.821s] -- Looking for ignition-math6 -- found version 6.15.1
[2.821s] -- Looking for ignition-transport8 -- found version 8.2.1
[2.822s] -- Searching for dependencies of ignition-transport8
[2.852s] -- Found Protobuf: /usr/lib/x86_64-linux-gnu/libprotobuf.so (found suitable version "3.12.4", minimum required is "3") 
[2.873s] -- Config-file not installed for ZeroMQ -- checking for pkg-config
[2.883s] -- Checking for module 'libzmq >= 4'
[2.905s] --   Found libzmq , version 4.3.4
[2.966s] -- Found ZeroMQ: TRUE (Required is at least version "4") 
[2.976s] -- Checking for module 'uuid'
[2.998s] --   Found uuid, version 2.37.2
[3.051s] -- Found UUID: TRUE  
[3.054s] -- Looking for ignition-msgs5 -- found version 5.8.1
[3.057s] -- Searching for dependencies of ignition-msgs5
[3.088s] -- Looking for ignition-math6 -- found version 6.15.1
[3.096s] -- Checking for module 'tinyxml2'
[3.114s] --   Found tinyxml2, version 9.0.0
[3.171s] -- Looking for ignition-msgs5 -- found version 5.8.1
[3.171s] -- Looking for ignition-common3 -- found version 3.14.0
[3.172s] -- Searching for dependencies of ignition-common3
[3.172s] -- Looking for dlfcn.h - found
[3.175s] -- Looking for libdl - found
[3.179s] -- Found DL: TRUE  
[3.197s] -- Found tinyobjloader: /usr/lib/x86_64-linux-gnu/cmake/tinyobjloader/tinyobjloader-config.cmake (found version "2.0.0") 
[3.198s] -- Searching for <ignition-common3> component [graphics]
[3.202s] -- Looking for ignition-common3-graphics -- found version 3.14.0
[3.203s] -- Searching for dependencies of ignition-common3-graphics
[3.207s] -- Looking for ignition-math6 -- found version 6.15.1
[3.209s] -- Looking for ignition-fuel_tools4 -- found version 4.4.0
[3.211s] -- Searching for dependencies of ignition-fuel_tools4
[3.342s] -- Found CURL: /usr/lib/x86_64-linux-gnu/libcurl.so (found version "7.81.0")  
[3.357s] -- Checking for module 'jsoncpp'
[3.375s] --   Found jsoncpp, version 1.9.5
[3.432s] -- Found JSONCPP: TRUE  
[3.442s] -- Checking for module 'libzip'
[3.466s] --   Found libzip, version 1.7.3
[3.514s] -- Found ZIP: TRUE  
[3.514s] -- Looking for ignition-common3 -- found version 3.14.0
[3.515s] -- Looking for ignition-math6 -- found version 6.15.1
[3.516s] -- Looking for ignition-msgs5 -- found version 5.8.1
[3.525s] -- Found rclcpp: 21.0.7 (/opt/ros/iron/share/rclcpp/cmake)
[3.586s] -- Found rosidl_generator_c: 4.0.1 (/opt/ros/iron/share/rosidl_generator_c/cmake)
[3.606s] -- Found rosidl_generator_cpp: 4.0.1 (/opt/ros/iron/share/rosidl_generator_cpp/cmake)
[3.636s] -- Using all available rosidl_typesupport_c: rosidl_typesupport_fastrtps_c;rosidl_typesupport_introspection_c
[3.669s] -- Using all available rosidl_typesupport_cpp: rosidl_typesupport_fastrtps_cpp;rosidl_typesupport_introspection_cpp
[4.019s] -- Found rmw_implementation_cmake: 7.1.0 (/opt/ros/iron/share/rmw_implementation_cmake/cmake)
[4.021s] -- Found rmw_fastrtps_cpp: 7.1.4 (/opt/ros/iron/share/rmw_fastrtps_cpp/cmake)
[4.222s] -- Found OpenSSL: /usr/lib/x86_64-linux-gnu/libcrypto.so (found version "3.0.2")  
[4.277s] -- Found FastRTPS: /opt/ros/iron/include  
[4.355s] -- Using RMW implementation 'rmw_fastrtps_cpp' as default
[4.599s] -- Found gazebo_ros: 3.7.0 (/opt/ros/iron/share/gazebo_ros/cmake)
[4.605s] -- Gazebo version: 11.10
[4.605s] -- Checking for module 'tbb'
[4.623s] --   Found tbb, version 2021.5.0
[4.679s] -- Found nav_msgs: 5.0.1 (/opt/ros/iron/share/nav_msgs/cmake)
[5.083s] -- Found tf2: 0.31.8 (/opt/ros/iron/share/tf2/cmake)
[5.109s] -- Found tf2_geometry_msgs: 0.31.8 (/opt/ros/iron/share/tf2_geometry_msgs/cmake)
[5.123s] -- Found eigen3_cmake_module: 0.2.2 (/opt/ros/iron/share/eigen3_cmake_module/cmake)
[5.125s] -- Found Eigen3: TRUE (found version "3.4.0") 
[5.125s] -- Ensuring Eigen3 include directory is part of orocos-kdl CMake target
[5.896s] -- Configuring done
[5.932s] -- Generating done
[5.937s] -- Build files have been written to: /home/tm/nav2-sample/build/gazebo_ros_wheel_odometry
