[0.011s] Invoking command in '/home/robostep/nav2-sample/build/urg_node2': CMAKE_PREFIX_PATH=/opt/ros/iron /usr/bin/cmake /home/robostep/nav2-sample/src/urg_node2 -DCMAKE_INSTALL_PREFIX=/home/robostep/nav2-sample/install/urg_node2
[0.104s] -- The C compiler identification is GNU 11.4.0
[0.186s] -- The CXX compiler identification is GNU 11.4.0
[0.195s] -- Detecting C compiler ABI info
[0.267s] -- Detecting C compiler ABI info - done
[0.275s] -- Check for working C compiler: /usr/bin/cc - skipped
[0.275s] -- Detecting C compile features
[0.276s] -- Detecting C compile features - done
[0.279s] -- Detecting CXX compiler ABI info
[0.360s] -- Detecting CXX compiler ABI info - done
[0.368s] -- Check for working CXX compiler: /usr/bin/c++ - skipped
[0.368s] -- Detecting CXX compile features
[0.368s] -- Detecting CXX compile features - done
[0.372s] -- Found ament_cmake: 2.0.5 (/opt/ros/iron/share/ament_cmake/cmake)
[0.532s] -- Found Python3: /usr/bin/python3.10 (found version "3.10.12") found components: Interpreter 
[0.622s] -- Found rclcpp: 21.0.6 (/opt/ros/iron/share/rclcpp/cmake)
[0.671s] -- Found rosidl_generator_c: 4.0.1 (/opt/ros/iron/share/rosidl_generator_c/cmake)
[0.684s] -- Found rosidl_generator_cpp: 4.0.1 (/opt/ros/iron/share/rosidl_generator_cpp/cmake)
[0.703s] -- Using all available rosidl_typesupport_c: rosidl_typesupport_fastrtps_c;rosidl_typesupport_introspection_c
[0.725s] -- Using all available rosidl_typesupport_cpp: rosidl_typesupport_fastrtps_cpp;rosidl_typesupport_introspection_cpp
[0.899s] -- Found rmw_implementation_cmake: 7.1.0 (/opt/ros/iron/share/rmw_implementation_cmake/cmake)
[0.902s] -- Found rmw_fastrtps_cpp: 7.1.3 (/opt/ros/iron/share/rmw_fastrtps_cpp/cmake)
[1.008s] -- Found OpenSSL: /usr/lib/x86_64-linux-gnu/libcrypto.so (found version "3.0.2")  
[1.035s] -- Found FastRTPS: /opt/ros/iron/include  
[1.078s] -- Using RMW implementation 'rmw_fastrtps_cpp' as default
[1.260s] -- Found rclcpp_components: 21.0.6 (/opt/ros/iron/share/rclcpp_components/cmake)
[1.366s] -- Found rclcpp_lifecycle: 21.0.6 (/opt/ros/iron/share/rclcpp_lifecycle/cmake)
[1.476s] -- Found sensor_msgs: 5.0.0 (/opt/ros/iron/share/sensor_msgs/cmake)
[1.697s] -- Found diagnostic_updater: 4.1.0 (/opt/ros/iron/share/diagnostic_updater/cmake)
[1.793s] -- Found laser_proc: 1.0.2 (/opt/ros/iron/share/laser_proc/cmake)
[1.815s] -- Found ament_cmake_gtest: 2.0.5 (/opt/ros/iron/share/ament_cmake_gtest/cmake)
[1.818s] -- Found gtest sources under '/opt/ros/iron/src/gtest_vendor': C++ tests using 'Google Test' will be built
[1.821s] -- Looking for pthread.h
[1.893s] -- Looking for pthread.h - found
[1.893s] -- Performing Test CMAKE_HAVE_LIBC_PTHREAD
[1.963s] -- Performing Test CMAKE_HAVE_LIBC_PTHREAD - Success
[1.965s] -- Found Threads: TRUE  
[2.036s] -- Configuring done
[2.064s] -- Generating done
[2.066s] -- Build files have been written to: /home/robostep/nav2-sample/build/urg_node2
[2.077s] Invoked command in '/home/robostep/nav2-sample/build/urg_node2' returned '0': CMAKE_PREFIX_PATH=/opt/ros/iron /usr/bin/cmake /home/robostep/nav2-sample/src/urg_node2 -DCMAKE_INSTALL_PREFIX=/home/robostep/nav2-sample/install/urg_node2
[2.079s] Invoking command in '/home/robostep/nav2-sample/build/urg_node2': CMAKE_PREFIX_PATH=/opt/ros/iron /usr/bin/cmake --build /home/robostep/nav2-sample/build/urg_node2 -- -j8 -l8
[2.131s] [  5%] [32mBuilding CXX object gtest/CMakeFiles/gtest_main.dir/src/gtest_main.cc.o[0m
[2.132s] [ 20%] [32mBuilding CXX object CMakeFiles/urg_node2_node.dir/rclcpp_components/node_main_urg_node2_node.cpp.o[0m
[2.132s] [ 20%] [32mBuilding CXX object gtest/CMakeFiles/gtest.dir/src/gtest-all.cc.o[0m
[2.132s] [ 20%] [32mBuilding C object CMakeFiles/urg_c.dir/urg_library/current/src/urg_sensor.c.o[0m
[2.133s] [ 25%] [32mBuilding C object CMakeFiles/urg_c.dir/urg_library/current/src/urg_connection.c.o[0m
[2.133s] [ 30%] [32mBuilding C object CMakeFiles/urg_c.dir/urg_library/current/src/urg_utils.c.o[0m
[2.135s] [ 35%] [32mBuilding C object CMakeFiles/urg_c.dir/urg_library/current/src/urg_debug.c.o[0m
[2.138s] [ 40%] [32mBuilding C object CMakeFiles/urg_c.dir/urg_library/current/src/urg_ring_buffer.c.o[0m
[2.178s] [01m[K/home/robostep/nav2-sample/src/urg_node2/urg_library/current/src/urg_sensor.c:1349:8:[m[K [01;35m[Kwarning: [m[Ktype qualifiers ignored on function return type [[01;35m[K]8;;https://gcc.gnu.org/onlinedocs/gcc/Warning-Options.html#index-Wignored-qualifiers-Wignored-qualifiers]8;;[m[K]
[2.179s]  1349 | static [01;35m[Kconst[m[K int receive_II_command_response(urg_t *urg,
[2.179s]       |        [01;35m[K^~~~~[m[K
[2.181s] [01m[K/home/robostep/nav2-sample/src/urg_node2/urg_library/current/src/urg_utils.c:[m[K In function ‘[01m[Kurg_delay[m[K’:
[2.182s] [01m[K/home/robostep/nav2-sample/src/urg_node2/urg_library/current/src/urg_utils.c:224:5:[m[K [01;35m[Kwarning: [m[Kimplicit declaration of function ‘[01m[Kusleep[m[K’; did you mean ‘[01m[Kurg_sleep[m[K’? [[01;35m[K]8;;https://gcc.gnu.org/onlinedocs/gcc/Warning-Options.html#index-Wimplicit-function-declaration-Wimplicit-function-declaration]8;;[m[K]
[2.182s]   224 |     [01;35m[Kusleep[m[K(1000 * delay_msec);
[2.182s]       |     [01;35m[K^~~~~~[m[K
[2.182s]       |     [32m[Kurg_sleep[m[K
[2.184s] [ 45%] [32mBuilding C object CMakeFiles/urg_c.dir/urg_library/current/src/urg_serial.c.o[0m
[2.184s] [ 50%] [32mBuilding C object CMakeFiles/urg_c.dir/urg_library/current/src/urg_serial_utils.c.o[0m
[2.191s] [ 55%] [32mBuilding C object CMakeFiles/urg_c.dir/urg_library/current/src/urg_tcpclient.c.o[0m
[2.273s] [ 60%] [32m[1mLinking C shared library liburg_c.so[0m
[2.309s] [ 60%] Built target urg_c
[2.329s] [ 65%] [32mBuilding CXX object CMakeFiles/urg_node2.dir/src/urg_node2.cpp.o[0m
[2.876s] [ 70%] [32m[1mLinking CXX static library libgtest_main.a[0m
[2.908s] [ 70%] Built target gtest_main
[5.084s] [ 75%] [32m[1mLinking CXX static library libgtest.a[0m
[5.143s] [ 75%] Built target gtest
[5.164s] [ 80%] [32mBuilding CXX object CMakeFiles/urg_node2_test.dir/src/urg_node2.cpp.o[0m
[5.164s] [ 85%] [32mBuilding CXX object CMakeFiles/urg_node2_test.dir/test/urg_node2_test.cpp.o[0m
[6.049s] [ 90%] [32m[1mLinking CXX executable urg_node2_node[0m
[6.199s] [ 90%] Built target urg_node2_node
[8.576s] [ 95%] [32m[1mLinking CXX shared library liburg_node2.so[0m
[8.860s] [ 95%] Built target urg_node2
[16.458s] [100%] [32m[1mLinking CXX executable urg_node2_test[0m
[17.243s] [100%] Built target urg_node2_test
[17.254s] Invoked command in '/home/robostep/nav2-sample/build/urg_node2' returned '0': CMAKE_PREFIX_PATH=/opt/ros/iron /usr/bin/cmake --build /home/robostep/nav2-sample/build/urg_node2 -- -j8 -l8
[17.316s] Invoking command in '/home/robostep/nav2-sample/build/urg_node2': CMAKE_PREFIX_PATH=/opt/ros/iron /usr/bin/cmake --install /home/robostep/nav2-sample/build/urg_node2
[17.324s] -- Install configuration: ""
[17.324s] -- Installing: /home/robostep/nav2-sample/install/urg_node2/lib/urg_node2/urg_node2_node
[17.325s] -- Set runtime path of "/home/robostep/nav2-sample/install/urg_node2/lib/urg_node2/urg_node2_node" to ""
[17.325s] -- Installing: /home/robostep/nav2-sample/install/urg_node2/lib/liburg_node2.so
[17.327s] -- Set runtime path of "/home/robostep/nav2-sample/install/urg_node2/lib/liburg_node2.so" to ""
[17.328s] -- Installing: /home/robostep/nav2-sample/install/urg_node2/lib/liburg_c.so
[17.328s] -- Installing: /home/robostep/nav2-sample/install/urg_node2/share/urg_node2/launch
[17.328s] -- Installing: /home/robostep/nav2-sample/install/urg_node2/share/urg_node2/launch/urg_node2_2lidar.launch.py
[17.328s] -- Installing: /home/robostep/nav2-sample/install/urg_node2/share/urg_node2/launch/urg_node2_component.launch.py
[17.328s] -- Installing: /home/robostep/nav2-sample/install/urg_node2/share/urg_node2/launch/urg_node2.launch.py
[17.328s] -- Installing: /home/robostep/nav2-sample/install/urg_node2/share/urg_node2/config
[17.328s] -- Installing: /home/robostep/nav2-sample/install/urg_node2/share/urg_node2/config/params_ether.yaml
[17.328s] -- Installing: /home/robostep/nav2-sample/install/urg_node2/share/urg_node2/config/params_ether_2nd.yaml
[17.329s] -- Installing: /home/robostep/nav2-sample/install/urg_node2/share/urg_node2/config/params_serial.yaml
[17.329s] -- Installing: /home/robostep/nav2-sample/install/urg_node2/share/ament_index/resource_index/package_run_dependencies/urg_node2
[17.329s] -- Installing: /home/robostep/nav2-sample/install/urg_node2/share/ament_index/resource_index/parent_prefix_path/urg_node2
[17.329s] -- Installing: /home/robostep/nav2-sample/install/urg_node2/share/urg_node2/environment/ament_prefix_path.sh
[17.329s] -- Installing: /home/robostep/nav2-sample/install/urg_node2/share/urg_node2/environment/ament_prefix_path.dsv
[17.329s] -- Installing: /home/robostep/nav2-sample/install/urg_node2/share/urg_node2/environment/path.sh
[17.329s] -- Installing: /home/robostep/nav2-sample/install/urg_node2/share/urg_node2/environment/path.dsv
[17.329s] -- Installing: /home/robostep/nav2-sample/install/urg_node2/share/urg_node2/local_setup.bash
[17.329s] -- Installing: /home/robostep/nav2-sample/install/urg_node2/share/urg_node2/local_setup.sh
[17.330s] -- Installing: /home/robostep/nav2-sample/install/urg_node2/share/urg_node2/local_setup.zsh
[17.330s] -- Installing: /home/robostep/nav2-sample/install/urg_node2/share/urg_node2/local_setup.dsv
[17.330s] -- Installing: /home/robostep/nav2-sample/install/urg_node2/share/urg_node2/package.dsv
[17.330s] -- Installing: /home/robostep/nav2-sample/install/urg_node2/share/ament_index/resource_index/packages/urg_node2
[17.330s] -- Installing: /home/robostep/nav2-sample/install/urg_node2/share/ament_index/resource_index/rclcpp_components/urg_node2
[17.330s] -- Installing: /home/robostep/nav2-sample/install/urg_node2/share/urg_node2/cmake/urg_node2Config.cmake
[17.330s] -- Installing: /home/robostep/nav2-sample/install/urg_node2/share/urg_node2/cmake/urg_node2Config-version.cmake
[17.331s] -- Installing: /home/robostep/nav2-sample/install/urg_node2/share/urg_node2/package.xml
[17.332s] Invoked command in '/home/robostep/nav2-sample/build/urg_node2' returned '0': CMAKE_PREFIX_PATH=/opt/ros/iron /usr/bin/cmake --install /home/robostep/nav2-sample/build/urg_node2
